This is pdfTeX, Version 3.14159265-2.6-1.40.21 (MiKTeX 20.7) (preloaded format=pdflatex 2020.9.28)  5 SEP 2021 18:31
entering extended mode
**C:/YogeshKulkarni/Personal/Github_TeachingDataScience/Code/QuantumML/LaTeX/17
quantComp.tex

(C:/YogeshKulkarni/Personal/Github_TeachingDataScience/Code/QuantumML/LaTeX/17q
uantComp.tex
LaTeX2e <2020-02-02> patch level 5
L3 programming layer <2020-09-03>
("C:\Users\yogesh.kulkarni\AppData\Local\Programs\MiKTeX 2.9\tex/latex/beamer\b
eamer.cls"
Document Class: beamer 2020/07/22 v3.59 A class for typesetting presentations

("C:\Users\yogesh.kulkarni\AppData\Local\Programs\MiKTeX 2.9\tex/latex/beamer\b
eamerbasemodes.sty"
("C:\Users\yogesh.kulkarni\AppData\Local\Programs\MiKTeX 2.9\tex/latex/etoolbox
\etoolbox.sty"
Package: etoolbox 2020/08/24 v2.5j e-TeX tools for LaTeX (JAW)
\etb@tempcnta=\count168
)
\beamer@tempbox=\box45
\beamer@tempcount=\count169
\c@beamerpauses=\count170

("C:\Users\yogesh.kulkarni\AppData\Local\Programs\MiKTeX 2.9\tex/latex/beamer\b
eamerbasedecode.sty"
\beamer@slideinframe=\count171
\beamer@minimum=\count172
\beamer@decode@box=\box46
)
\beamer@commentbox=\box47
\beamer@modecount=\count173
)
("C:\Users\yogesh.kulkarni\AppData\Local\Programs\MiKTeX 2.9\tex/generic/iftex\
ifpdf.sty"
Package: ifpdf 2019/10/25 v3.4 ifpdf legacy package. Use iftex instead.

("C:\Users\yogesh.kulkarni\AppData\Local\Programs\MiKTeX 2.9\tex/generic/iftex\
iftex.sty"
Package: iftex 2020/03/06 v1.0d TeX engine tests
))
\headdp=\dimen134
\footheight=\dimen135
\sidebarheight=\dimen136
\beamer@tempdim=\dimen137
\beamer@finalheight=\dimen138
\beamer@animht=\dimen139
\beamer@animdp=\dimen140
\beamer@animwd=\dimen141
\beamer@leftmargin=\dimen142
\beamer@rightmargin=\dimen143
\beamer@leftsidebar=\dimen144
\beamer@rightsidebar=\dimen145
\beamer@boxsize=\dimen146
\beamer@vboxoffset=\dimen147
\beamer@descdefault=\dimen148
\beamer@descriptionwidth=\dimen149
\beamer@lastskip=\skip47
\beamer@areabox=\box48
\beamer@animcurrent=\box49
\beamer@animshowbox=\box50
\beamer@sectionbox=\box51
\beamer@logobox=\box52
\beamer@linebox=\box53
\beamer@sectioncount=\count174
\beamer@subsubsectionmax=\count175
\beamer@subsectionmax=\count176
\beamer@sectionmax=\count177
\beamer@totalheads=\count178
\beamer@headcounter=\count179
\beamer@partstartpage=\count180
\beamer@sectionstartpage=\count181
\beamer@subsectionstartpage=\count182
\beamer@animationtempa=\count183
\beamer@animationtempb=\count184
\beamer@xpos=\count185
\beamer@ypos=\count186
\beamer@ypos@offset=\count187
\beamer@showpartnumber=\count188
\beamer@currentsubsection=\count189
\beamer@coveringdepth=\count190
\beamer@sectionadjust=\count191
\beamer@tocsectionnumber=\count192

("C:\Users\yogesh.kulkarni\AppData\Local\Programs\MiKTeX 2.9\tex/latex/beamer\b
eamerbaseoptions.sty"
("C:\Users\yogesh.kulkarni\AppData\Local\Programs\MiKTeX 2.9\tex/latex/graphics
\keyval.sty"
Package: keyval 2014/10/28 v1.15 key=value parser (DPC)
\KV@toks@=\toks15
))
\beamer@paperwidth=\skip48
\beamer@paperheight=\skip49

("C:\Users\yogesh.kulkarni\AppData\Local\Programs\MiKTeX 2.9\tex/latex/geometry
\geometry.sty"
Package: geometry 2020/01/02 v5.9 Page Geometry

("C:\Users\yogesh.kulkarni\AppData\Local\Programs\MiKTeX 2.9\tex/generic/iftex\
ifvtex.sty"
Package: ifvtex 2019/10/25 v1.7 ifvtex legacy package. Use iftex instead.
)
\Gm@cnth=\count193
\Gm@cntv=\count194
\c@Gm@tempcnt=\count195
\Gm@bindingoffset=\dimen150
\Gm@wd@mp=\dimen151
\Gm@odd@mp=\dimen152
\Gm@even@mp=\dimen153
\Gm@layoutwidth=\dimen154
\Gm@layoutheight=\dimen155
\Gm@layouthoffset=\dimen156
\Gm@layoutvoffset=\dimen157
\Gm@dimlist=\toks16

("C:\Users\yogesh.kulkarni\AppData\Local\Programs\MiKTeX 2.9\tex/latex/geometry
\geometry.cfg"))

Class beamer Warning: ``serif'' option is obsolete. Use font theme ``serif'' in
stead on input line 336.


("C:\Users\yogesh.kulkarni\AppData\Local\Programs\MiKTeX 2.9\tex/latex/base\siz
e11.clo"
File: size11.clo 2019/12/20 v1.4l Standard LaTeX file (size option)
)
("C:\Users\yogesh.kulkarni\AppData\Local\Programs\MiKTeX 2.9\tex/latex/pgf/basi
clayer\pgfcore.sty"
("C:\Users\yogesh.kulkarni\AppData\Local\Programs\MiKTeX 2.9\tex/latex/graphics
\graphicx.sty"
Package: graphicx 2019/11/30 v1.2a Enhanced LaTeX Graphics (DPC,SPQR)

("C:\Users\yogesh.kulkarni\AppData\Local\Programs\MiKTeX 2.9\tex/latex/graphics
\graphics.sty"
Package: graphics 2019/11/30 v1.4a Standard LaTeX Graphics (DPC,SPQR)

("C:\Users\yogesh.kulkarni\AppData\Local\Programs\MiKTeX 2.9\tex/latex/graphics
\trig.sty"
Package: trig 2016/01/03 v1.10 sin cos tan (DPC)
)
("C:\Users\yogesh.kulkarni\AppData\Local\Programs\MiKTeX 2.9\tex/latex/graphics
-cfg\graphics.cfg"
File: graphics.cfg 2016/06/04 v1.11 sample graphics configuration
)
Package graphics Info: Driver file: pdftex.def on input line 105.

("C:\Users\yogesh.kulkarni\AppData\Local\Programs\MiKTeX 2.9\tex/latex/graphics
-def\pdftex.def"
File: pdftex.def 2020/08/26 v1.2 Graphics/color driver for pdftex
))
\Gin@req@height=\dimen158
\Gin@req@width=\dimen159
)
("C:\Users\yogesh.kulkarni\AppData\Local\Programs\MiKTeX 2.9\tex/latex/pgf/syst
emlayer\pgfsys.sty"
("C:\Users\yogesh.kulkarni\AppData\Local\Programs\MiKTeX 2.9\tex/latex/pgf/util
ities\pgfrcs.sty"
("C:\Users\yogesh.kulkarni\AppData\Local\Programs\MiKTeX 2.9\tex/generic/pgf/ut
ilities\pgfutil-common.tex"
\pgfutil@everybye=\toks17
\pgfutil@tempdima=\dimen160
\pgfutil@tempdimb=\dimen161

("C:\Users\yogesh.kulkarni\AppData\Local\Programs\MiKTeX 2.9\tex/generic/pgf/ut
ilities\pgfutil-common-lists.tex"))
("C:\Users\yogesh.kulkarni\AppData\Local\Programs\MiKTeX 2.9\tex/generic/pgf/ut
ilities\pgfutil-latex.def"
\pgfutil@abb=\box54

("C:\Users\yogesh.kulkarni\AppData\Local\Programs\MiKTeX 2.9\tex/latex/ms\every
shi.sty"
Package: everyshi 2001/05/15 v3.00 EveryShipout Package (MS)
))
("C:\Users\yogesh.kulkarni\AppData\Local\Programs\MiKTeX 2.9\tex/generic/pgf/ut
ilities\pgfrcs.code.tex"
("C:\Users\yogesh.kulkarni\AppData\Local\Programs\MiKTeX 2.9\tex/generic/pgf\pg
f.revision.tex")
Package: pgfrcs 2020/01/08 v3.1.5b (3.1.5b)
))
("C:\Users\yogesh.kulkarni\AppData\Local\Programs\MiKTeX 2.9\tex/generic/pgf/sy
stemlayer\pgfsys.code.tex"
Package: pgfsys 2020/01/08 v3.1.5b (3.1.5b)

("C:\Users\yogesh.kulkarni\AppData\Local\Programs\MiKTeX 2.9\tex/generic/pgf/ut
ilities\pgfkeys.code.tex"
\pgfkeys@pathtoks=\toks18
\pgfkeys@temptoks=\toks19

("C:\Users\yogesh.kulkarni\AppData\Local\Programs\MiKTeX 2.9\tex/generic/pgf/ut
ilities\pgfkeysfiltered.code.tex"
\pgfkeys@tmptoks=\toks20
))
\pgf@x=\dimen162
\pgf@y=\dimen163
\pgf@xa=\dimen164
\pgf@ya=\dimen165
\pgf@xb=\dimen166
\pgf@yb=\dimen167
\pgf@xc=\dimen168
\pgf@yc=\dimen169
\pgf@xd=\dimen170
\pgf@yd=\dimen171
\w@pgf@writea=\write3
\r@pgf@reada=\read2
\c@pgf@counta=\count196
\c@pgf@countb=\count197
\c@pgf@countc=\count198
\c@pgf@countd=\count199
\t@pgf@toka=\toks21
\t@pgf@tokb=\toks22
\t@pgf@tokc=\toks23
\pgf@sys@id@count=\count266

("C:\Users\yogesh.kulkarni\AppData\Local\Programs\MiKTeX 2.9\tex/generic/pgf/sy
stemlayer\pgf.cfg"
File: pgf.cfg 2020/01/08 v3.1.5b (3.1.5b)
)
Driver file for pgf: pgfsys-pdftex.def

("C:\Users\yogesh.kulkarni\AppData\Local\Programs\MiKTeX 2.9\tex/generic/pgf/sy
stemlayer\pgfsys-pdftex.def"
File: pgfsys-pdftex.def 2020/01/08 v3.1.5b (3.1.5b)

("C:\Users\yogesh.kulkarni\AppData\Local\Programs\MiKTeX 2.9\tex/generic/pgf/sy
stemlayer\pgfsys-common-pdf.def"
File: pgfsys-common-pdf.def 2020/01/08 v3.1.5b (3.1.5b)
)))
("C:\Users\yogesh.kulkarni\AppData\Local\Programs\MiKTeX 2.9\tex/generic/pgf/sy
stemlayer\pgfsyssoftpath.code.tex"
File: pgfsyssoftpath.code.tex 2020/01/08 v3.1.5b (3.1.5b)
\pgfsyssoftpath@smallbuffer@items=\count267
\pgfsyssoftpath@bigbuffer@items=\count268
)
("C:\Users\yogesh.kulkarni\AppData\Local\Programs\MiKTeX 2.9\tex/generic/pgf/sy
stemlayer\pgfsysprotocol.code.tex"
File: pgfsysprotocol.code.tex 2020/01/08 v3.1.5b (3.1.5b)
))
("C:\Users\yogesh.kulkarni\AppData\Local\Programs\MiKTeX 2.9\tex/latex/xcolor\x
color.sty"
Package: xcolor 2016/05/11 v2.12 LaTeX color extensions (UK)

("C:\Users\yogesh.kulkarni\AppData\Local\Programs\MiKTeX 2.9\tex/latex/graphics
-cfg\color.cfg"
File: color.cfg 2016/01/02 v1.6 sample color configuration
)
Package xcolor Info: Driver file: pdftex.def on input line 225.

("C:\Users\yogesh.kulkarni\AppData\Local\Programs\MiKTeX 2.9\tex/latex/colortbl
\colortbl.sty"
Package: colortbl 2020/01/04 v1.0e Color table columns (DPC)

("C:\Users\yogesh.kulkarni\AppData\Local\Programs\MiKTeX 2.9\tex/latex/tools\ar
ray.sty"
Package: array 2019/08/31 v2.4l Tabular extension package (FMi)
\col@sep=\dimen172
\ar@mcellbox=\box55
\extrarowheight=\dimen173
\NC@list=\toks24
\extratabsurround=\skip50
\backup@length=\skip51
\ar@cellbox=\box56
)
\everycr=\toks25
\minrowclearance=\skip52
)
\rownum=\count269
Package xcolor Info: Model `cmy' substituted by `cmy0' on input line 1348.
Package xcolor Info: Model `hsb' substituted by `rgb' on input line 1352.
Package xcolor Info: Model `RGB' extended on input line 1364.
Package xcolor Info: Model `HTML' substituted by `rgb' on input line 1366.
Package xcolor Info: Model `Hsb' substituted by `hsb' on input line 1367.
Package xcolor Info: Model `tHsb' substituted by `hsb' on input line 1368.
Package xcolor Info: Model `HSB' substituted by `hsb' on input line 1369.
Package xcolor Info: Model `Gray' substituted by `gray' on input line 1370.
Package xcolor Info: Model `wave' substituted by `hsb' on input line 1371.

("C:\Users\yogesh.kulkarni\AppData\Local\Programs\MiKTeX 2.9\tex/latex/graphics
\dvipsnam.def"
File: dvipsnam.def 2016/06/17 v3.0m Driver-dependent file (DPC,SPQR)
))
("C:\Users\yogesh.kulkarni\AppData\Local\Programs\MiKTeX 2.9\tex/generic/pgf/ba
siclayer\pgfcore.code.tex"
Package: pgfcore 2020/01/08 v3.1.5b (3.1.5b)

("C:\Users\yogesh.kulkarni\AppData\Local\Programs\MiKTeX 2.9\tex/generic/pgf/ma
th\pgfmath.code.tex"
("C:\Users\yogesh.kulkarni\AppData\Local\Programs\MiKTeX 2.9\tex/generic/pgf/ma
th\pgfmathcalc.code.tex"
("C:\Users\yogesh.kulkarni\AppData\Local\Programs\MiKTeX 2.9\tex/generic/pgf/ma
th\pgfmathutil.code.tex")
("C:\Users\yogesh.kulkarni\AppData\Local\Programs\MiKTeX 2.9\tex/generic/pgf/ma
th\pgfmathparser.code.tex"
\pgfmath@dimen=\dimen174
\pgfmath@count=\count270
\pgfmath@box=\box57
\pgfmath@toks=\toks26
\pgfmath@stack@operand=\toks27
\pgfmath@stack@operation=\toks28
)
("C:\Users\yogesh.kulkarni\AppData\Local\Programs\MiKTeX 2.9\tex/generic/pgf/ma
th\pgfmathfunctions.code.tex"
("C:\Users\yogesh.kulkarni\AppData\Local\Programs\MiKTeX 2.9\tex/generic/pgf/ma
th\pgfmathfunctions.basic.code.tex")
("C:\Users\yogesh.kulkarni\AppData\Local\Programs\MiKTeX 2.9\tex/generic/pgf/ma
th\pgfmathfunctions.trigonometric.code.tex")
("C:\Users\yogesh.kulkarni\AppData\Local\Programs\MiKTeX 2.9\tex/generic/pgf/ma
th\pgfmathfunctions.random.code.tex")
("C:\Users\yogesh.kulkarni\AppData\Local\Programs\MiKTeX 2.9\tex/generic/pgf/ma
th\pgfmathfunctions.comparison.code.tex")
("C:\Users\yogesh.kulkarni\AppData\Local\Programs\MiKTeX 2.9\tex/generic/pgf/ma
th\pgfmathfunctions.base.code.tex")
("C:\Users\yogesh.kulkarni\AppData\Local\Programs\MiKTeX 2.9\tex/generic/pgf/ma
th\pgfmathfunctions.round.code.tex")
("C:\Users\yogesh.kulkarni\AppData\Local\Programs\MiKTeX 2.9\tex/generic/pgf/ma
th\pgfmathfunctions.misc.code.tex")
("C:\Users\yogesh.kulkarni\AppData\Local\Programs\MiKTeX 2.9\tex/generic/pgf/ma
th\pgfmathfunctions.integerarithmetics.code.tex")))
("C:\Users\yogesh.kulkarni\AppData\Local\Programs\MiKTeX 2.9\tex/generic/pgf/ma
th\pgfmathfloat.code.tex"
\c@pgfmathroundto@lastzeros=\count271
))
("C:\Users\yogesh.kulkarni\AppData\Local\Programs\MiKTeX 2.9\tex/generic/pgf/ma
th\pgfint.code.tex")
("C:\Users\yogesh.kulkarni\AppData\Local\Programs\MiKTeX 2.9\tex/generic/pgf/ba
siclayer\pgfcorepoints.code.tex"
File: pgfcorepoints.code.tex 2020/01/08 v3.1.5b (3.1.5b)
\pgf@picminx=\dimen175
\pgf@picmaxx=\dimen176
\pgf@picminy=\dimen177
\pgf@picmaxy=\dimen178
\pgf@pathminx=\dimen179
\pgf@pathmaxx=\dimen180
\pgf@pathminy=\dimen181
\pgf@pathmaxy=\dimen182
\pgf@xx=\dimen183
\pgf@xy=\dimen184
\pgf@yx=\dimen185
\pgf@yy=\dimen186
\pgf@zx=\dimen187
\pgf@zy=\dimen188
)
("C:\Users\yogesh.kulkarni\AppData\Local\Programs\MiKTeX 2.9\tex/generic/pgf/ba
siclayer\pgfcorepathconstruct.code.tex"
File: pgfcorepathconstruct.code.tex 2020/01/08 v3.1.5b (3.1.5b)
\pgf@path@lastx=\dimen189
\pgf@path@lasty=\dimen190
)
("C:\Users\yogesh.kulkarni\AppData\Local\Programs\MiKTeX 2.9\tex/generic/pgf/ba
siclayer\pgfcorepathusage.code.tex"
File: pgfcorepathusage.code.tex 2020/01/08 v3.1.5b (3.1.5b)
\pgf@shorten@end@additional=\dimen191
\pgf@shorten@start@additional=\dimen192
)
("C:\Users\yogesh.kulkarni\AppData\Local\Programs\MiKTeX 2.9\tex/generic/pgf/ba
siclayer\pgfcorescopes.code.tex"
File: pgfcorescopes.code.tex 2020/01/08 v3.1.5b (3.1.5b)
\pgfpic=\box58
\pgf@hbox=\box59
\pgf@layerbox@main=\box60
\pgf@picture@serial@count=\count272
)
("C:\Users\yogesh.kulkarni\AppData\Local\Programs\MiKTeX 2.9\tex/generic/pgf/ba
siclayer\pgfcoregraphicstate.code.tex"
File: pgfcoregraphicstate.code.tex 2020/01/08 v3.1.5b (3.1.5b)
\pgflinewidth=\dimen193
)
("C:\Users\yogesh.kulkarni\AppData\Local\Programs\MiKTeX 2.9\tex/generic/pgf/ba
siclayer\pgfcoretransformations.code.tex"
File: pgfcoretransformations.code.tex 2020/01/08 v3.1.5b (3.1.5b)
\pgf@pt@x=\dimen194
\pgf@pt@y=\dimen195
\pgf@pt@temp=\dimen196
)
("C:\Users\yogesh.kulkarni\AppData\Local\Programs\MiKTeX 2.9\tex/generic/pgf/ba
siclayer\pgfcorequick.code.tex"
File: pgfcorequick.code.tex 2020/01/08 v3.1.5b (3.1.5b)
)
("C:\Users\yogesh.kulkarni\AppData\Local\Programs\MiKTeX 2.9\tex/generic/pgf/ba
siclayer\pgfcoreobjects.code.tex"
File: pgfcoreobjects.code.tex 2020/01/08 v3.1.5b (3.1.5b)
)
("C:\Users\yogesh.kulkarni\AppData\Local\Programs\MiKTeX 2.9\tex/generic/pgf/ba
siclayer\pgfcorepathprocessing.code.tex"
File: pgfcorepathprocessing.code.tex 2020/01/08 v3.1.5b (3.1.5b)
)
("C:\Users\yogesh.kulkarni\AppData\Local\Programs\MiKTeX 2.9\tex/generic/pgf/ba
siclayer\pgfcorearrows.code.tex"
File: pgfcorearrows.code.tex 2020/01/08 v3.1.5b (3.1.5b)
\pgfarrowsep=\dimen197
)
("C:\Users\yogesh.kulkarni\AppData\Local\Programs\MiKTeX 2.9\tex/generic/pgf/ba
siclayer\pgfcoreshade.code.tex"
File: pgfcoreshade.code.tex 2020/01/08 v3.1.5b (3.1.5b)
\pgf@max=\dimen198
\pgf@sys@shading@range@num=\count273
\pgf@shadingcount=\count274
)
("C:\Users\yogesh.kulkarni\AppData\Local\Programs\MiKTeX 2.9\tex/generic/pgf/ba
siclayer\pgfcoreimage.code.tex"
File: pgfcoreimage.code.tex 2020/01/08 v3.1.5b (3.1.5b)

("C:\Users\yogesh.kulkarni\AppData\Local\Programs\MiKTeX 2.9\tex/generic/pgf/ba
siclayer\pgfcoreexternal.code.tex"
File: pgfcoreexternal.code.tex 2020/01/08 v3.1.5b (3.1.5b)
\pgfexternal@startupbox=\box61
))
("C:\Users\yogesh.kulkarni\AppData\Local\Programs\MiKTeX 2.9\tex/generic/pgf/ba
siclayer\pgfcorelayers.code.tex"
File: pgfcorelayers.code.tex 2020/01/08 v3.1.5b (3.1.5b)
)
("C:\Users\yogesh.kulkarni\AppData\Local\Programs\MiKTeX 2.9\tex/generic/pgf/ba
siclayer\pgfcoretransparency.code.tex"
File: pgfcoretransparency.code.tex 2020/01/08 v3.1.5b (3.1.5b)
)
("C:\Users\yogesh.kulkarni\AppData\Local\Programs\MiKTeX 2.9\tex/generic/pgf/ba
siclayer\pgfcorepatterns.code.tex"
File: pgfcorepatterns.code.tex 2020/01/08 v3.1.5b (3.1.5b)
)
("C:\Users\yogesh.kulkarni\AppData\Local\Programs\MiKTeX 2.9\tex/generic/pgf/ba
siclayer\pgfcorerdf.code.tex"
File: pgfcorerdf.code.tex 2020/01/08 v3.1.5b (3.1.5b)
)))
("C:\Users\yogesh.kulkarni\AppData\Local\Programs\MiKTeX 2.9\tex/latex/pgf/util
ities\xxcolor.sty"
Package: xxcolor 2003/10/24 ver 0.1
\XC@nummixins=\count275
\XC@countmixins=\count276
)
("C:\Users\yogesh.kulkarni\AppData\Local\Programs\MiKTeX 2.9\tex/generic/atbegs
hi\atbegshi.sty"
Package: atbegshi 2019/12/05 v1.19 At begin shipout hook (HO)

("C:\Users\yogesh.kulkarni\AppData\Local\Programs\MiKTeX 2.9\tex/generic/infwar
err\infwarerr.sty"
Package: infwarerr 2019/12/03 v1.5 Providing info/warning/error messages (HO)
)
("C:\Users\yogesh.kulkarni\AppData\Local\Programs\MiKTeX 2.9\tex/generic/ltxcmd
s\ltxcmds.sty"
Package: ltxcmds 2019/12/15 v1.24 LaTeX kernel commands for general use (HO)
))
("C:\Users\yogesh.kulkarni\AppData\Local\Programs\MiKTeX 2.9\tex/latex/hyperref
\hyperref.sty"
Package: hyperref 2020-05-15 v7.00e Hypertext links for LaTeX

("C:\Users\yogesh.kulkarni\AppData\Local\Programs\MiKTeX 2.9\tex/generic/pdftex
cmds\pdftexcmds.sty"
Package: pdftexcmds 2020-06-27 v0.33 Utility functions of pdfTeX for LuaTeX (HO
)
Package pdftexcmds Info: \pdf@primitive is available.
Package pdftexcmds Info: \pdf@ifprimitive is available.
Package pdftexcmds Info: \pdfdraftmode found.
)
("C:\Users\yogesh.kulkarni\AppData\Local\Programs\MiKTeX 2.9\tex/generic/kvsetk
eys\kvsetkeys.sty"
Package: kvsetkeys 2019/12/15 v1.18 Key value parser (HO)
)
("C:\Users\yogesh.kulkarni\AppData\Local\Programs\MiKTeX 2.9\tex/generic/kvdefi
nekeys\kvdefinekeys.sty"
Package: kvdefinekeys 2019-12-19 v1.6 Define keys (HO)
)
("C:\Users\yogesh.kulkarni\AppData\Local\Programs\MiKTeX 2.9\tex/generic/pdfesc
ape\pdfescape.sty"
Package: pdfescape 2019/12/09 v1.15 Implements pdfTeX's escape features (HO)
)
("C:\Users\yogesh.kulkarni\AppData\Local\Programs\MiKTeX 2.9\tex/latex/hycolor\
hycolor.sty"
Package: hycolor 2020-01-27 v1.10 Color options for hyperref/bookmark (HO)
)
("C:\Users\yogesh.kulkarni\AppData\Local\Programs\MiKTeX 2.9\tex/latex/letltxma
cro\letltxmacro.sty"
Package: letltxmacro 2019/12/03 v1.6 Let assignment for LaTeX macros (HO)
)
("C:\Users\yogesh.kulkarni\AppData\Local\Programs\MiKTeX 2.9\tex/latex/auxhook\
auxhook.sty"
Package: auxhook 2019-12-17 v1.6 Hooks for auxiliary files (HO)
)
("C:\Users\yogesh.kulkarni\AppData\Local\Programs\MiKTeX 2.9\tex/latex/kvoption
s\kvoptions.sty"
Package: kvoptions 2019/11/29 v3.13 Key value format for package options (HO)
)
\@linkdim=\dimen199
\Hy@linkcounter=\count277
\Hy@pagecounter=\count278

("C:\Users\yogesh.kulkarni\AppData\Local\Programs\MiKTeX 2.9\tex/latex/hyperref
\pd1enc.def"
File: pd1enc.def 2020-05-15 v7.00e Hyperref: PDFDocEncoding definition (HO)
Now handling font encoding PD1 ...
... no UTF-8 mapping file for font encoding PD1
)
("C:\Users\yogesh.kulkarni\AppData\Local\Programs\MiKTeX 2.9\tex/generic/intcal
c\intcalc.sty"
Package: intcalc 2019/12/15 v1.3 Expandable calculations with integers (HO)
)
("C:\Users\yogesh.kulkarni\AppData\Local\Programs\MiKTeX 2.9\tex/generic/etexcm
ds\etexcmds.sty"
Package: etexcmds 2019/12/15 v1.7 Avoid name clashes with e-TeX commands (HO)
)
\Hy@SavedSpaceFactor=\count279
Package hyperref Info: Option `bookmarks' set `true' on input line 4338.
Package hyperref Info: Option `bookmarksopen' set `true' on input line 4338.
Package hyperref Info: Option `implicit' set `false' on input line 4338.
Package hyperref Info: Hyper figures OFF on input line 4464.
Package hyperref Info: Link nesting OFF on input line 4469.
Package hyperref Info: Hyper index ON on input line 4472.
Package hyperref Info: Plain pages OFF on input line 4479.
Package hyperref Info: Backreferencing OFF on input line 4484.
Package hyperref Info: Implicit mode OFF; no redefinition of LaTeX internals.
Package hyperref Info: Bookmarks ON on input line 4717.
\c@Hy@tempcnt=\count280

("C:\Users\yogesh.kulkarni\AppData\Local\Programs\MiKTeX 2.9\tex/latex/url\url.
sty"
\Urlmuskip=\muskip16
Package: url 2013/09/16  ver 3.4  Verb mode for urls, etc.
)
LaTeX Info: Redefining \url on input line 5076.
\XeTeXLinkMargin=\dimen256

("C:\Users\yogesh.kulkarni\AppData\Local\Programs\MiKTeX 2.9\tex/generic/bitset
\bitset.sty"
Package: bitset 2019/12/09 v1.3 Handle bit-vector datatype (HO)

("C:\Users\yogesh.kulkarni\AppData\Local\Programs\MiKTeX 2.9\tex/generic/bigint
calc\bigintcalc.sty"
Package: bigintcalc 2019/12/15 v1.5 Expandable calculations on big integers (HO
)
))
\Fld@menulength=\count281
\Field@Width=\dimen257
\Fld@charsize=\dimen258
Package hyperref Info: Hyper figures OFF on input line 6347.
Package hyperref Info: Link nesting OFF on input line 6352.
Package hyperref Info: Hyper index ON on input line 6355.
Package hyperref Info: backreferencing OFF on input line 6362.
Package hyperref Info: Link coloring OFF on input line 6367.
Package hyperref Info: Link coloring with OCG OFF on input line 6372.
Package hyperref Info: PDF/A mode OFF on input line 6377.
LaTeX Info: Redefining \ref on input line 6417.
LaTeX Info: Redefining \pageref on input line 6421.
\Hy@abspage=\count282


Package hyperref Message: Stopped early.

)
Package hyperref Info: Driver (autodetected): hpdftex.

("C:\Users\yogesh.kulkarni\AppData\Local\Programs\MiKTeX 2.9\tex/latex/hyperref
\hpdftex.def"
File: hpdftex.def 2020-05-15 v7.00e Hyperref driver for pdfTeX

("C:\Users\yogesh.kulkarni\AppData\Local\Programs\MiKTeX 2.9\tex/latex/atveryen
d\atveryend.sty"
Package: atveryend 2019-12-11 v1.11 Hooks at the very end of document (HO)
)
\Fld@listcount=\count283
\c@bookmark@seq@number=\count284

("C:\Users\yogesh.kulkarni\AppData\Local\Programs\MiKTeX 2.9\tex/latex/rerunfil
echeck\rerunfilecheck.sty"
Package: rerunfilecheck 2019/12/05 v1.9 Rerun checks for auxiliary files (HO)

("C:\Users\yogesh.kulkarni\AppData\Local\Programs\MiKTeX 2.9\tex/generic/unique
counter\uniquecounter.sty"
Package: uniquecounter 2019/12/15 v1.4 Provide unlimited unique counter (HO)
)
Package uniquecounter Info: New unique counter `rerunfilecheck' on input line 2
86.
))
("C:\Users\yogesh.kulkarni\AppData\Local\Programs\MiKTeX 2.9\tex/latex/beamer\b
eamerbaserequires.sty"
("C:\Users\yogesh.kulkarni\AppData\Local\Programs\MiKTeX 2.9\tex/latex/beamer\b
eamerbasecompatibility.sty")
("C:\Users\yogesh.kulkarni\AppData\Local\Programs\MiKTeX 2.9\tex/latex/beamer\b
eamerbasefont.sty"
("C:\Users\yogesh.kulkarni\AppData\Local\Programs\MiKTeX 2.9\tex/latex/amsfonts
\amssymb.sty"
Package: amssymb 2013/01/14 v3.01 AMS font symbols

("C:\Users\yogesh.kulkarni\AppData\Local\Programs\MiKTeX 2.9\tex/latex/amsfonts
\amsfonts.sty"
Package: amsfonts 2013/01/14 v3.01 Basic AMSFonts support
\@emptytoks=\toks29
\symAMSa=\mathgroup4
\symAMSb=\mathgroup5
LaTeX Font Info:    Redeclaring math symbol \hbar on input line 98.
LaTeX Font Info:    Overwriting math alphabet `\mathfrak' in version `bold'
(Font)                  U/euf/m/n --> U/euf/b/n on input line 106.
)))
("C:\Users\yogesh.kulkarni\AppData\Local\Programs\MiKTeX 2.9\tex/latex/beamer\b
eamerbasetranslator.sty"
("C:\Users\yogesh.kulkarni\AppData\Local\Programs\MiKTeX 2.9\tex/latex/translat
or\translator.sty"
Package: translator 2020-08-03 v1.12c Easy translation of strings in LaTeX
))
("C:\Users\yogesh.kulkarni\AppData\Local\Programs\MiKTeX 2.9\tex/latex/beamer\b
eamerbasemisc.sty")
("C:\Users\yogesh.kulkarni\AppData\Local\Programs\MiKTeX 2.9\tex/latex/beamer\b
eamerbasetwoscreens.sty")
("C:\Users\yogesh.kulkarni\AppData\Local\Programs\MiKTeX 2.9\tex/latex/beamer\b
eamerbaseoverlay.sty"
\beamer@argscount=\count285
\beamer@lastskipcover=\skip53
\beamer@trivlistdepth=\count286
)
("C:\Users\yogesh.kulkarni\AppData\Local\Programs\MiKTeX 2.9\tex/latex/beamer\b
eamerbasetitle.sty")
("C:\Users\yogesh.kulkarni\AppData\Local\Programs\MiKTeX 2.9\tex/latex/beamer\b
eamerbasesection.sty"
\c@lecture=\count287
\c@part=\count288
\c@section=\count289
\c@subsection=\count290
\c@subsubsection=\count291
)
("C:\Users\yogesh.kulkarni\AppData\Local\Programs\MiKTeX 2.9\tex/latex/beamer\b
eamerbaseframe.sty"
\beamer@framebox=\box62
\beamer@frametitlebox=\box63
\beamer@zoombox=\box64
\beamer@zoomcount=\count292
\beamer@zoomframecount=\count293
\beamer@frametextheight=\dimen259
\c@subsectionslide=\count294
\beamer@frametopskip=\skip54
\beamer@framebottomskip=\skip55
\beamer@frametopskipautobreak=\skip56
\beamer@framebottomskipautobreak=\skip57
\beamer@envbody=\toks30
\framewidth=\dimen260
\c@framenumber=\count295
)
("C:\Users\yogesh.kulkarni\AppData\Local\Programs\MiKTeX 2.9\tex/latex/beamer\b
eamerbaseverbatim.sty"
\beamer@verbatimfileout=\write4
)
("C:\Users\yogesh.kulkarni\AppData\Local\Programs\MiKTeX 2.9\tex/latex/beamer\b
eamerbaseframesize.sty"
\beamer@splitbox=\box65
\beamer@autobreakcount=\count296
\beamer@autobreaklastheight=\dimen261
\beamer@frametitletoks=\toks31
\beamer@framesubtitletoks=\toks32
)
("C:\Users\yogesh.kulkarni\AppData\Local\Programs\MiKTeX 2.9\tex/latex/beamer\b
eamerbaseframecomponents.sty"
\beamer@footins=\box66
)
("C:\Users\yogesh.kulkarni\AppData\Local\Programs\MiKTeX 2.9\tex/latex/beamer\b
eamerbasecolor.sty")
("C:\Users\yogesh.kulkarni\AppData\Local\Programs\MiKTeX 2.9\tex/latex/beamer\b
eamerbasenotes.sty"
\beamer@frameboxcopy=\box67
)
("C:\Users\yogesh.kulkarni\AppData\Local\Programs\MiKTeX 2.9\tex/latex/beamer\b
eamerbasetoc.sty")
("C:\Users\yogesh.kulkarni\AppData\Local\Programs\MiKTeX 2.9\tex/latex/beamer\b
eamerbasetemplates.sty"
\beamer@sbttoks=\toks33

("C:\Users\yogesh.kulkarni\AppData\Local\Programs\MiKTeX 2.9\tex/latex/beamer\b
eamerbaseauxtemplates.sty"
("C:\Users\yogesh.kulkarni\AppData\Local\Programs\MiKTeX 2.9\tex/latex/beamer\b
eamerbaseboxes.sty"
\bmb@box=\box68
\bmb@colorbox=\box69
\bmb@boxshadow=\box70
\bmb@boxshadowball=\box71
\bmb@boxshadowballlarge=\box72
\bmb@temp=\dimen262
\bmb@dima=\dimen263
\bmb@dimb=\dimen264
\bmb@prevheight=\dimen265
)
\beamer@blockheadheight=\dimen266
))
("C:\Users\yogesh.kulkarni\AppData\Local\Programs\MiKTeX 2.9\tex/latex/beamer\b
eamerbaselocalstructure.sty"
("C:\Users\yogesh.kulkarni\AppData\Local\Programs\MiKTeX 2.9\tex/latex/tools\en
umerate.sty"
Package: enumerate 2015/07/23 v3.00 enumerate extensions (DPC)
\@enLab=\toks34
)
\c@figure=\count297
\c@table=\count298
\abovecaptionskip=\skip58
\belowcaptionskip=\skip59
)
("C:\Users\yogesh.kulkarni\AppData\Local\Programs\MiKTeX 2.9\tex/latex/beamer\b
eamerbasenavigation.sty"
\beamer@section@min@dim=\dimen267
)
("C:\Users\yogesh.kulkarni\AppData\Local\Programs\MiKTeX 2.9\tex/latex/beamer\b
eamerbasetheorems.sty"
("C:\Users\yogesh.kulkarni\AppData\Local\Programs\MiKTeX 2.9\tex/latex/amsmath\
amsmath.sty"
Package: amsmath 2020/01/20 v2.17e AMS math features
\@mathmargin=\skip60

For additional information on amsmath, use the `?' option.

("C:\Users\yogesh.kulkarni\AppData\Local\Programs\MiKTeX 2.9\tex/latex/amsmath\
amstext.sty"
Package: amstext 2000/06/29 v2.01 AMS text

("C:\Users\yogesh.kulkarni\AppData\Local\Programs\MiKTeX 2.9\tex/latex/amsmath\
amsgen.sty"
File: amsgen.sty 1999/11/30 v2.0 generic functions
\@emptytoks=\toks35
\ex@=\dimen268
))
("C:\Users\yogesh.kulkarni\AppData\Local\Programs\MiKTeX 2.9\tex/latex/amsmath\
amsbsy.sty"
Package: amsbsy 1999/11/29 v1.2d Bold Symbols
\pmbraise@=\dimen269
)
("C:\Users\yogesh.kulkarni\AppData\Local\Programs\MiKTeX 2.9\tex/latex/amsmath\
amsopn.sty"
Package: amsopn 2016/03/08 v2.02 operator names
)
\inf@bad=\count299
LaTeX Info: Redefining \frac on input line 227.
\uproot@=\count300
\leftroot@=\count301
LaTeX Info: Redefining \overline on input line 389.
\classnum@=\count302
\DOTSCASE@=\count303
LaTeX Info: Redefining \ldots on input line 486.
LaTeX Info: Redefining \dots on input line 489.
LaTeX Info: Redefining \cdots on input line 610.
\Mathstrutbox@=\box73
\strutbox@=\box74
\big@size=\dimen270
LaTeX Font Info:    Redeclaring font encoding OML on input line 733.
LaTeX Font Info:    Redeclaring font encoding OMS on input line 734.
\macc@depth=\count304
\c@MaxMatrixCols=\count305
\dotsspace@=\muskip17
\c@parentequation=\count306
\dspbrk@lvl=\count307
\tag@help=\toks36
\row@=\count308
\column@=\count309
\maxfields@=\count310
\andhelp@=\toks37
\eqnshift@=\dimen271
\alignsep@=\dimen272
\tagshift@=\dimen273
\tagwidth@=\dimen274
\totwidth@=\dimen275
\lineht@=\dimen276
\@envbody=\toks38
\multlinegap=\skip61
\multlinetaggap=\skip62
\mathdisplay@stack=\toks39
LaTeX Info: Redefining \[ on input line 2859.
LaTeX Info: Redefining \] on input line 2860.
)
("C:\Users\yogesh.kulkarni\AppData\Local\Programs\MiKTeX 2.9\tex/latex/amscls\a
msthm.sty"
Package: amsthm 2020/05/29 v2.20.6
\thm@style=\toks40
\thm@bodyfont=\toks41
\thm@headfont=\toks42
\thm@notefont=\toks43
\thm@headpunct=\toks44
\thm@preskip=\skip63
\thm@postskip=\skip64
\thm@headsep=\skip65
\dth@everypar=\toks45
)
\c@theorem=\count311
)
("C:\Users\yogesh.kulkarni\AppData\Local\Programs\MiKTeX 2.9\tex/latex/beamer\b
eamerbasethemes.sty"))
("C:\Users\yogesh.kulkarni\AppData\Local\Programs\MiKTeX 2.9\tex/latex/beamer\b
eamerthemedefault.sty"
("C:\Users\yogesh.kulkarni\AppData\Local\Programs\MiKTeX 2.9\tex/latex/beamer\b
eamerfontthemedefault.sty")
("C:\Users\yogesh.kulkarni\AppData\Local\Programs\MiKTeX 2.9\tex/latex/beamer\b
eamercolorthemedefault.sty")
("C:\Users\yogesh.kulkarni\AppData\Local\Programs\MiKTeX 2.9\tex/latex/beamer\b
eamerinnerthemedefault.sty"
\beamer@dima=\dimen277
\beamer@dimb=\dimen278
)
("C:\Users\yogesh.kulkarni\AppData\Local\Programs\MiKTeX 2.9\tex/latex/beamer\b
eamerouterthemedefault.sty")))
("C:\Users\yogesh.kulkarni\AppData\Local\Programs\MiKTeX 2.9\tex/latex/psnfss\m
athpazo.sty"
Package: mathpazo 2020/03/25 PSNFSS-v9.3 Palatino w/ Pazo Math (D.Puga, WaS) 
\symupright=\mathgroup6
)
("C:\Users\yogesh.kulkarni\AppData\Local\Programs\MiKTeX 2.9\tex/latex/psnfss\p
ifont.sty"
Package: pifont 2020/03/25 PSNFSS-v9.3 Pi font support (SPQR) 
LaTeX Font Info:    Trying to load font information for U+pzd on input line 63.


("C:\Users\yogesh.kulkarni\AppData\Local\Programs\MiKTeX 2.9\tex/latex/psnfss\u
pzd.fd"
File: upzd.fd 2001/06/04 font definitions for U/pzd.
)
LaTeX Font Info:    Trying to load font information for U+psy on input line 64.


("C:\Users\yogesh.kulkarni\AppData\Local\Programs\MiKTeX 2.9\tex/latex/psnfss\u
psy.fd"
File: upsy.fd 2001/06/04 font definitions for U/psy.
))
("C:\Users\yogesh.kulkarni\AppData\Local\Programs\MiKTeX 2.9\tex/latex/base\lat
exsym.sty"
Package: latexsym 1998/08/17 v2.2e Standard LaTeX package (lasy symbols)
\symlasy=\mathgroup7
LaTeX Font Info:    Overwriting symbol font `lasy' in version `bold'
(Font)                  U/lasy/m/n --> U/lasy/b/n on input line 52.
)
("C:\Users\yogesh.kulkarni\AppData\Local\Programs\MiKTeX 2.9\tex/latex/tools\xs
pace.sty"
Package: xspace 2014/10/28 v1.13 Space after command names (DPC,MH)
)
("C:\Users\yogesh.kulkarni\AppData\Local\Programs\MiKTeX 2.9\tex/latex/multirow
\multirow.sty"
Package: multirow 2019/05/31 v2.5 Span multiple rows of a table
\multirow@colwidth=\skip66
\multirow@cntb=\count312
\multirow@dima=\skip67
\bigstrutjot=\dimen279
)
("C:\Users\yogesh.kulkarni\AppData\Local\Programs\MiKTeX 2.9\tex/latex/booktabs
\booktabs.sty"
Package: booktabs 2020/01/12 v1.61803398 Publication quality tables
\heavyrulewidth=\dimen280
\lightrulewidth=\dimen281
\cmidrulewidth=\dimen282
\belowrulesep=\dimen283
\belowbottomsep=\dimen284
\aboverulesep=\dimen285
\abovetopsep=\dimen286
\cmidrulesep=\dimen287
\cmidrulekern=\dimen288
\defaultaddspace=\dimen289
\@cmidla=\count313
\@cmidlb=\count314
\@aboverulesep=\dimen290
\@belowrulesep=\dimen291
\@thisruleclass=\count315
\@lastruleclass=\count316
\@thisrulewidth=\dimen292
)
("C:\Users\yogesh.kulkarni\AppData\Local\Programs\MiKTeX 2.9\tex/latex/beamer\b
eamerthemeMadrid.sty"
("C:\Users\yogesh.kulkarni\AppData\Local\Programs\MiKTeX 2.9\tex/latex/beamer\b
eamercolorthemewhale.sty")
("C:\Users\yogesh.kulkarni\AppData\Local\Programs\MiKTeX 2.9\tex/latex/beamer\b
eamercolorthemeorchid.sty")
("C:\Users\yogesh.kulkarni\AppData\Local\Programs\MiKTeX 2.9\tex/latex/beamer\b
eamerinnerthemerounded.sty")
("C:\Users\yogesh.kulkarni\AppData\Local\Programs\MiKTeX 2.9\tex/latex/beamer\b
eamerouterthemeinfolines.sty"))
("C:\Users\yogesh.kulkarni\AppData\Local\Programs\MiKTeX 2.9\tex/latex/beamer\b
eamercolorthemestructure.sty")
("C:\Users\yogesh.kulkarni\AppData\Local\Programs\MiKTeX 2.9\tex/latex/pgf/util
ities\pgfpages.sty"
Package: pgfpages 2011/01/05 ver 0.02

("C:\Users\yogesh.kulkarni\AppData\Local\Programs\MiKTeX 2.9\tex/latex/tools\ca
lc.sty"
Package: calc 2017/05/25 v4.3 Infix arithmetic (KKT,FJ)
\calc@Acount=\count317
\calc@Bcount=\count318
\calc@Adimen=\dimen293
\calc@Bdimen=\dimen294
\calc@Askip=\skip68
\calc@Bskip=\skip69
LaTeX Info: Redefining \setlength on input line 80.
LaTeX Info: Redefining \addtolength on input line 81.
\calc@Ccount=\count319
\calc@Cskip=\skip70
)
\pgf@logicalpages=\count320
\pgf@firstshipout=\count321
\pgf@lastshipout=\count322
\pgf@currentshipout=\count323
\pgf@cpn=\count324
\pgf@shipoutnextto=\count325
\pgfphysicalheight=\dimen295
\pgfphysicalwidth=\dimen296
\pgfpages@shipoutbox=\box75
)
\pgfpages@box@1=\box76
\pgfpages@box@2=\box77
\pgfpages@box@3=\box78
\pgfpages@box@4=\box79

No auxiliary output files.


("C:\Users\yogesh.kulkarni\AppData\Local\Programs\MiKTeX 2.9\tex/latex/l3backen
d\l3backend-pdftex.def"
File: l3backend-pdftex.def 2020-09-01 L3 backend support: PDF output (pdfTeX)
\l__kernel_color_stack_int=\count326
\l__pdf_internal_box=\box80
)
No file 17quantComp.aux.
LaTeX Font Info:    Checking defaults for OML/cmm/m/it on input line 545.
LaTeX Font Info:    ... okay on input line 545.
LaTeX Font Info:    Checking defaults for OMS/cmsy/m/n on input line 545.
LaTeX Font Info:    ... okay on input line 545.
LaTeX Font Info:    Checking defaults for OT1/cmr/m/n on input line 545.
LaTeX Font Info:    ... okay on input line 545.
LaTeX Font Info:    Checking defaults for T1/cmr/m/n on input line 545.
LaTeX Font Info:    ... okay on input line 545.
LaTeX Font Info:    Checking defaults for TS1/cmr/m/n on input line 545.
LaTeX Font Info:    ... okay on input line 545.
LaTeX Font Info:    Checking defaults for OMX/cmex/m/n on input line 545.
LaTeX Font Info:    ... okay on input line 545.
LaTeX Font Info:    Checking defaults for U/cmr/m/n on input line 545.
LaTeX Font Info:    ... okay on input line 545.
LaTeX Font Info:    Checking defaults for PD1/pdf/m/n on input line 545.
LaTeX Font Info:    ... okay on input line 545.
LaTeX Font Info:    Trying to load font information for OT1+ppl on input line 5
45.

("C:\Users\yogesh.kulkarni\AppData\Local\Programs\MiKTeX 2.9\tex/latex/psnfss\o
t1ppl.fd"
File: ot1ppl.fd 2001/06/04 font definitions for OT1/ppl.
)
*geometry* driver: auto-detecting
*geometry* detected driver: pdftex
*geometry* verbose mode - [ preamble ] result:
* driver: pdftex
* paper: custom
* layout: <same size as paper>
* layoutoffset:(h,v)=(0.0pt,0.0pt)
* modes: includehead includefoot 
* h-part:(L,W,R)=(10.95003pt, 342.2953pt, 10.95003pt)
* v-part:(T,H,B)=(0.0pt, 273.14662pt, 0.0pt)
* \paperwidth=364.19536pt
* \paperheight=273.14662pt
* \textwidth=342.2953pt
* \textheight=244.6939pt
* \oddsidemargin=-61.31996pt
* \evensidemargin=-61.31996pt
* \topmargin=-72.26999pt
* \headheight=14.22636pt
* \headsep=0.0pt
* \topskip=11.0pt
* \footskip=14.22636pt
* \marginparwidth=4.0pt
* \marginparsep=10.0pt
* \columnsep=10.0pt
* \skip\footins=10.0pt plus 4.0pt minus 2.0pt
* \hoffset=0.0pt
* \voffset=0.0pt
* \mag=1000
* \@twocolumnfalse
* \@twosidefalse
* \@mparswitchfalse
* \@reversemarginfalse
* (1in=72.27pt=25.4mm, 1cm=28.453pt)


("C:\Users\yogesh.kulkarni\AppData\Local\Programs\MiKTeX 2.9\tex/context/base/m
kii\supp-pdf.mkii"
[Loading MPS to PDF converter (version 2006.09.02).]
\scratchcounter=\count327
\scratchdimen=\dimen297
\scratchbox=\box81
\nofMPsegments=\count328
\nofMParguments=\count329
\everyMPshowfont=\toks46
\MPscratchCnt=\count330
\MPscratchDim=\dimen298
\MPnumerator=\count331
\makeMPintoPDFobject=\count332
\everyMPtoPDFconversion=\toks47
)
("C:\Users\yogesh.kulkarni\AppData\Local\Programs\MiKTeX 2.9\tex/latex/epstopdf
-pkg\epstopdf-base.sty"
Package: epstopdf-base 2020-01-24 v2.11 Base part for package epstopdf
Package epstopdf-base Info: Redefining graphics rule for `.eps' on input line 4
85.
) ABD: EveryShipout initializing macros
\AtBeginShipoutBox=\box82
Package hyperref Info: Link coloring OFF on input line 545.

("C:\Users\yogesh.kulkarni\AppData\Local\Programs\MiKTeX 2.9\tex/latex/hyperref
\nameref.sty"
Package: nameref 2019/09/16 v2.46 Cross-referencing by name of section

("C:\Users\yogesh.kulkarni\AppData\Local\Programs\MiKTeX 2.9\tex/latex/refcount
\refcount.sty"
Package: refcount 2019/12/15 v3.6 Data extraction from label references (HO)
)
("C:\Users\yogesh.kulkarni\AppData\Local\Programs\MiKTeX 2.9\tex/generic/gettit
lestring\gettitlestring.sty"
Package: gettitlestring 2019/12/15 v1.6 Cleanup title references (HO)
)
\c@section@level=\count333
)
LaTeX Info: Redefining \ref on input line 545.
LaTeX Info: Redefining \pageref on input line 545.
LaTeX Info: Redefining \nameref on input line 545.
\symnumbers=\mathgroup8
\sympureletters=\mathgroup9
LaTeX Font Info:    Overwriting math alphabet `\mathrm' in version `normal'
(Font)                  OT1/ppl/m/n --> OT1/ppl/m/n on input line 545.
LaTeX Font Info:    Redeclaring math alphabet \mathbf on input line 545.
LaTeX Font Info:    Overwriting math alphabet `\mathbf' in version `normal'
(Font)                  OT1/zplm/b/n --> OT1/ppl/b/n on input line 545.
LaTeX Font Info:    Overwriting math alphabet `\mathbf' in version `bold'
(Font)                  OT1/zplm/b/n --> OT1/ppl/b/n on input line 545.
LaTeX Font Info:    Redeclaring math alphabet \mathsf on input line 545.
LaTeX Font Info:    Overwriting math alphabet `\mathsf' in version `normal'
(Font)                  OT1/cmss/m/n --> OT1/cmss/m/n on input line 545.
LaTeX Font Info:    Overwriting math alphabet `\mathsf' in version `bold'
(Font)                  OT1/cmss/bx/n --> OT1/cmss/m/n on input line 545.
LaTeX Font Info:    Redeclaring math alphabet \mathit on input line 545.
LaTeX Font Info:    Overwriting math alphabet `\mathit' in version `normal'
(Font)                  OT1/ppl/m/it --> OT1/ppl/m/it on input line 545.
LaTeX Font Info:    Overwriting math alphabet `\mathit' in version `bold'
(Font)                  OT1/ppl/b/it --> OT1/ppl/m/it on input line 545.
LaTeX Font Info:    Redeclaring math alphabet \mathtt on input line 545.
LaTeX Font Info:    Overwriting math alphabet `\mathtt' in version `normal'
(Font)                  OT1/cmtt/m/n --> OT1/cmtt/m/n on input line 545.
LaTeX Font Info:    Overwriting math alphabet `\mathtt' in version `bold'
(Font)                  OT1/cmtt/m/n --> OT1/cmtt/m/n on input line 545.
LaTeX Font Info:    Overwriting symbol font `numbers' in version `bold'
(Font)                  OT1/ppl/m/n --> OT1/ppl/b/n on input line 545.
LaTeX Font Info:    Overwriting symbol font `pureletters' in version `bold'
(Font)                  OT1/ppl/m/it --> OT1/ppl/b/it on input line 545.
LaTeX Font Info:    Overwriting math alphabet `\mathrm' in version `bold'
(Font)                  OT1/ppl/b/n --> OT1/ppl/b/n on input line 545.
LaTeX Font Info:    Overwriting math alphabet `\mathbf' in version `bold'
(Font)                  OT1/ppl/b/n --> OT1/ppl/b/n on input line 545.
LaTeX Font Info:    Overwriting math alphabet `\mathsf' in version `bold'
(Font)                  OT1/cmss/m/n --> OT1/cmss/b/n on input line 545.
LaTeX Font Info:    Overwriting math alphabet `\mathit' in version `bold'
(Font)                  OT1/ppl/m/it --> OT1/ppl/b/it on input line 545.
LaTeX Font Info:    Overwriting math alphabet `\mathtt' in version `bold'
(Font)                  OT1/cmtt/m/n --> OT1/cmtt/b/n on input line 545.

("C:\Users\yogesh.kulkarni\AppData\Local\Programs\MiKTeX 2.9\tex/latex/translat
or\translator-basic-dictionary-English.dict"
Dictionary: translator-basic-dictionary, Language: English 
)
("C:\Users\yogesh.kulkarni\AppData\Local\Programs\MiKTeX 2.9\tex/latex/translat
or\translator-bibliography-dictionary-English.dict"
Dictionary: translator-bibliography-dictionary, Language: English 
)
("C:\Users\yogesh.kulkarni\AppData\Local\Programs\MiKTeX 2.9\tex/latex/translat
or\translator-environment-dictionary-English.dict"
Dictionary: translator-environment-dictionary, Language: English 
)
("C:\Users\yogesh.kulkarni\AppData\Local\Programs\MiKTeX 2.9\tex/latex/translat
or\translator-months-dictionary-English.dict"
Dictionary: translator-months-dictionary, Language: English 
)
("C:\Users\yogesh.kulkarni\AppData\Local\Programs\MiKTeX 2.9\tex/latex/translat
or\translator-numbers-dictionary-English.dict"
Dictionary: translator-numbers-dictionary, Language: English 
)
("C:\Users\yogesh.kulkarni\AppData\Local\Programs\MiKTeX 2.9\tex/latex/translat
or\translator-theorem-dictionary-English.dict"
Dictionary: translator-theorem-dictionary, Language: English 
)
No file 17quantComp.nav.
LaTeX Font Info:    Trying to load font information for OML+zplm on input line 
566.

("C:\Users\yogesh.kulkarni\AppData\Local\Programs\MiKTeX 2.9\tex/latex/psnfss\o
mlzplm.fd"
File: omlzplm.fd 2002/09/08 Fontinst v1.914 font definitions for OML/zplm.
)
LaTeX Font Info:    Trying to load font information for OMS+zplm on input line 
566.

("C:\Users\yogesh.kulkarni\AppData\Local\Programs\MiKTeX 2.9\tex/latex/psnfss\o
mszplm.fd"
File: omszplm.fd 2002/09/08 Fontinst v1.914 font definitions for OMS/zplm.
)
LaTeX Font Info:    Trying to load font information for OMX+zplm on input line 
566.

("C:\Users\yogesh.kulkarni\AppData\Local\Programs\MiKTeX 2.9\tex/latex/psnfss\o
mxzplm.fd"
File: omxzplm.fd 2002/09/08 Fontinst v1.914 font definitions for OMX/zplm.
)
LaTeX Font Info:    Font shape `U/msa/m/n' will be
(Font)              scaled to size 11.40997pt on input line 566.
LaTeX Font Info:    Font shape `U/msa/m/n' will be
(Font)              scaled to size 8.33606pt on input line 566.
LaTeX Font Info:    Font shape `U/msa/m/n' will be
(Font)              scaled to size 6.25204pt on input line 566.
LaTeX Font Info:    Font shape `U/msb/m/n' will be
(Font)              scaled to size 11.40997pt on input line 566.
LaTeX Font Info:    Font shape `U/msb/m/n' will be
(Font)              scaled to size 8.33606pt on input line 566.
LaTeX Font Info:    Font shape `U/msb/m/n' will be
(Font)              scaled to size 6.25204pt on input line 566.
LaTeX Font Info:    Trying to load font information for OT1+zplm on input line 
566.

("C:\Users\yogesh.kulkarni\AppData\Local\Programs\MiKTeX 2.9\tex/latex/psnfss\o
t1zplm.fd"
File: ot1zplm.fd 2002/09/08 Fontinst v1.914 font definitions for OT1/zplm.
)
LaTeX Font Info:    Trying to load font information for U+lasy on input line 56
6.

("C:\Users\yogesh.kulkarni\AppData\Local\Programs\MiKTeX 2.9\tex/latex/base\ula
sy.fd"
File: ulasy.fd 1998/08/17 v2.2e LaTeX symbol font definitions
)
LaTeX Font Info:    Font shape `U/msa/m/n' will be
(Font)              scaled to size 9.37807pt on input line 603.
LaTeX Font Info:    Font shape `U/msa/m/n' will be
(Font)              scaled to size 7.29405pt on input line 603.
LaTeX Font Info:    Font shape `U/msa/m/n' will be
(Font)              scaled to size 5.21004pt on input line 603.
LaTeX Font Info:    Font shape `U/msb/m/n' will be
(Font)              scaled to size 9.37807pt on input line 603.
LaTeX Font Info:    Font shape `U/msb/m/n' will be
(Font)              scaled to size 7.29405pt on input line 603.
LaTeX Font Info:    Font shape `U/msb/m/n' will be
(Font)              scaled to size 5.21004pt on input line 603.
LaTeX Font Info:    Font shape `U/msa/m/n' will be
(Font)              scaled to size 10.42007pt on input line 603.
LaTeX Font Info:    Font shape `U/msa/m/n' will be
(Font)              scaled to size 7.91925pt on input line 603.
LaTeX Font Info:    Font shape `U/msb/m/n' will be
(Font)              scaled to size 10.42007pt on input line 603.
LaTeX Font Info:    Font shape `U/msb/m/n' will be
(Font)              scaled to size 7.91925pt on input line 603.
LaTeX Font Info:    Font shape `U/msa/m/n' will be
(Font)              scaled to size 18.00587pt on input line 641.
LaTeX Font Info:    Font shape `U/msa/m/n' will be
(Font)              scaled to size 12.50409pt on input line 641.
LaTeX Font Info:    Font shape `U/msb/m/n' will be
(Font)              scaled to size 18.00587pt on input line 641.
LaTeX Font Info:    Font shape `U/msb/m/n' will be
(Font)              scaled to size 12.50409pt on input line 641.

! Undefined control sequence.
\beamer@doifinframe ...egin {center}\setstatediam 
                                                  {10} \begin {picture}(240,...
l.700 \end{frame}
                 
? 
! Undefined control sequence.
\beamer@doifinframe ...line (1,0){140}} \letstate 
                                                  A=(93,10) \drawstate (A){$...
l.700 \end{frame}
                 
? 
! Undefined control sequence.
\beamer@doifinframe ...state A=(93,10) \drawstate 
                                                  (A){$\wedge $} \put (92.5,...
l.700 \end{frame}
                 
? 
! Undefined control sequence.
\beamer@doifinframe ...240,50)(0,5) \setstatediam 
                                                  {10} \put (10,48){$a$} \pu...
l.700 \end{frame}
                 
? 
! Undefined control sequence.
\beamer@doifinframe ...line (0,-1){14}} \letstate 
                                                  C=(62.5,30) \drawstate (C)...
l.700 \end{frame}
                 
? 
! Undefined control sequence.
\beamer@doifinframe ...ate C=(62.5,30) \drawstate 
                                                  (C){$\wedge $} \put (112.5...
l.700 \end{frame}
                 
? 
! Undefined control sequence.
\beamer@doifinframe ...line (0,-1){14}} \letstate 
                                                  A=(112,29) \drawstate (A){...
l.700 \end{frame}
                 
? 
! Undefined control sequence.
\beamer@doifinframe ...tate A=(112,29) \drawstate 
                                                  (A){$\vee $} \put (110,8){...
l.700 \end{frame}
                 
? 
! Undefined control sequence.
\beamer@doifinframe ...0,8){$\bullet $} \letstate 
                                                  B=(112,50) \drawstate (B){...
l.700 \end{frame}
                 
? 
! Undefined control sequence.
\beamer@doifinframe ...tate B=(112,50) \drawstate 
                                                  (B){$\neg $} \end {picture...
l.700 \end{frame}
                 
? 
[5

{C:/Users/yogesh.kulkarni/AppData/Local/MiKTeX/2.9/pdftex/config/pdftex.map}



















] [9












]
Overfull \hbox (15.09058pt too wide) in paragraph at lines 971--971
[][]  
 []

LaTeX Font Info:    Font shape `U/msa/m/n' will be
(Font)              scaled to size 15.0049pt on input line 971.
LaTeX Font Info:    Font shape `U/msb/m/n' will be
(Font)              scaled to size 15.0049pt on input line 971.

LaTeX Warning: File `majcoins.pdf' not found on input line 979.


! Package pdftex.def Error: File `majcoins.pdf' not found: using draft setting.


See the pdftex.def package documentation for explanation.
Type  H <return>  for immediate help.
 ...                                              
                                                  
l.979 \end{frame}
                 
? 
[13
















]

LaTeX Warning: File `Hgate.pdf' not found on input line 1070.


! Package pdftex.def Error: File `Hgate.pdf' not found: using draft setting.

See the pdftex.def package documentation for explanation.
Type  H <return>  for immediate help.
 ...                                              
                                                  
l.1070 \end{frame}
                  
? 
[17
















]
LaTeX Font Info:    Trying to load font information for U+fplmbb on input line 
1148.

("C:\Users\yogesh.kulkarni\AppData\Local\Programs\MiKTeX 2.9\tex/latex/psnfss\u
fplmbb.fd"
File: ufplmbb.fd 2003/10/30 Fontinst v1.914 font definitions for U/fplmbb.
)
LaTeX Font Info:    Trying to load font information for TS1+ppl on input line 1
148.

("C:\Users\yogesh.kulkarni\AppData\Local\Programs\MiKTeX 2.9\tex/latex/psnfss\t
s1ppl.fd"
File: ts1ppl.fd 2001/06/04 font definitions for TS1/ppl.
) [21














] [25












] [27






]
Package atveryend Info: Empty hook `BeforeClearDocument' on input line 1400.
Package atveryend Info: Empty hook `AfterLastShipout' on input line 1400.
Package atveryend Info: Executing hook `AtVeryEndDocument' on input line 1400.
Package atveryend Info: Empty hook `AtEndAfterFileList' on input line 1400.
 ) 
Here is how much of TeX's memory you used:
 19023 strings out of 481165
 373364 string characters out of 2897261
 661818 words of memory out of 3000000
 34023 multiletter control sequences out of 15000+200000
 596442 words of font info for 212 fonts, out of 3000000 for 9000
 1141 hyphenation exceptions out of 8191
 59i,19n,57p,853b,1015s stack positions out of 5000i,500n,10000p,200000b,50000s
{C:/Users/yogesh.kulkarni/AppData/Local/Programs/MiKTeX 2.9/fonts/enc/dvips/b
ase/8r.enc}<C:/Users/yogesh.kulkarni/AppData/Local/Programs/MiKTeX 2.9/fonts/ty
pe1/public/amsfonts/cm/cmex10.pfb><C:/Users/yogesh.kulkarni/AppData/Local/Progr
ams/MiKTeX 2.9/fonts/type1/public/amsfonts/cm/cmmi10.pfb><C:/Users/yogesh.kulka
rni/AppData/Local/Programs/MiKTeX 2.9/fonts/type1/public/amsfonts/cm/cmr10.pfb>
<C:/Users/yogesh.kulkarni/AppData/Local/Programs/MiKTeX 2.9/fonts/type1/public/
amsfonts/cm/cmss10.pfb><C:/Users/yogesh.kulkarni/AppData/Local/Programs/MiKTeX 
2.9/fonts/type1/public/amsfonts/cm/cmss12.pfb><C:/Users/yogesh.kulkarni/AppData
/Local/Programs/MiKTeX 2.9/fonts/type1/public/amsfonts/cm/cmssbx10.pfb><C:/User
s/yogesh.kulkarni/AppData/Local/Programs/MiKTeX 2.9/fonts/type1/public/amsfonts
/cm/cmssi10.pfb><C:/Users/yogesh.kulkarni/AppData/Local/Programs/MiKTeX 2.9/fon
ts/type1/public/amsfonts/cm/cmsy10.pfb><C:/Users/yogesh.kulkarni/AppData/Local/
Programs/MiKTeX 2.9/fonts/type1/public/amsfonts/cm/cmtt10.pfb><C:/Users/yogesh.
kulkarni/AppData/Local/Programs/MiKTeX 2.9/fonts/type1/public/amsfonts/cm/cmtt1
2.pfb><C:/Users/yogesh.kulkarni/AppData/Local/Programs/MiKTeX 2.9/fonts/type1/p
ublic/amsfonts/cm/cmtt9.pfb><C:/Users/yogesh.kulkarni/AppData/Local/Programs/Mi
KTeX 2.9/fonts/type1/public/mathpazo/fplmbb.pfb><C:/Users/yogesh.kulkarni/AppDa
ta/Local/Programs/MiKTeX 2.9/fonts/type1/public/mathpazo/fplmr.pfb><C:/Users/yo
gesh.kulkarni/AppData/Local/Programs/MiKTeX 2.9/fonts/type1/public/mathpazo/fpl
mri.pfb><C:/Users/yogesh.kulkarni/AppData/Local/Programs/MiKTeX 2.9/fonts/type1
/public/amsfonts/latxfont/lcircle1.pfb><C:/Users/yogesh.kulkarni/AppData/Local/
Programs/MiKTeX 2.9/fonts/type1/public/amsfonts/latxfont/line10.pfb><C:/Users/y
ogesh.kulkarni/AppData/Local/Programs/MiKTeX 2.9/fonts/type1/public/amsfonts/sy
mbols/msam10.pfb><C:/Users/yogesh.kulkarni/AppData/Local/Programs/MiKTeX 2.9/fo
nts/type1/urw/palatino/uplb8a.pfb><C:/Users/yogesh.kulkarni/AppData/Local/Progr
ams/MiKTeX 2.9/fonts/type1/urw/palatino/uplbi8a.pfb><C:/Users/yogesh.kulkarni/A
ppData/Local/Programs/MiKTeX 2.9/fonts/type1/urw/palatino/uplr8a.pfb><C:/Users/
yogesh.kulkarni/AppData/Local/Programs/MiKTeX 2.9/fonts/type1/urw/palatino/uplr
8a.pfb><C:/Users/yogesh.kulkarni/AppData/Local/Programs/MiKTeX 2.9/fonts/type1/
urw/palatino/uplri8a.pfb>
Output written on 17quantComp.pdf (7 pages, 265014 bytes).
PDF statistics:
 250 PDF objects out of 1000 (max. 8388607)
 58 named destinations out of 1000 (max. 500000)
 91 words of extra memory for PDF output out of 10000 (max. 10000000)

