This is pdfTeX, Version 3.14159265-2.6-1.40.21 (MiKTeX 20.7) (preloaded format=pdflatex 2020.9.28)  5 SEP 2021 18:23
entering extended mode
**C:/YogeshKulkarni/Personal/Github_TeachingDataScience/Code/QuantumML/LaTeX/qc
preprint.tex

(C:/YogeshKulkarni/Personal/Github_TeachingDataScience/Code/QuantumML/LaTeX/qcp
reprint.tex
LaTeX2e <2020-02-02> patch level 5
L3 programming layer <2020-09-03>
("C:\Users\yogesh.kulkarni\AppData\Local\Programs\MiKTeX 2.9\tex/latex/base\lat
ex209.def"
File: latex209.def 2018/08/11 v0.54 Standard LaTeX file


          Entering LaTeX 2.09 COMPATIBILITY MODE
 *************************************************************
    !!WARNING!!    !!WARNING!!    !!WARNING!!    !!WARNING!!   
 
 This mode attempts to provide an emulation of the LaTeX 2.09
 author environment so that OLD documents can be successfully
 processed. It should NOT be used for NEW documents!
 
 New documents should use Standard LaTeX conventions and start
 with the \documentclass command.
 
 Compatibility mode is UNLIKELY TO WORK with LaTeX 2.09 style
 files that change any internal macros, especially not with
 those that change the FONT SELECTION or OUTPUT ROUTINES.
 
 Therefore such style files MUST BE UPDATED to use
          Current Standard LaTeX: LaTeX2e.
 If you suspect that you may be using such a style file, which
 is probably very, very old by now, then you should attempt to
 get it updated by sending a copy of this error message to the
 author of that file.
 *************************************************************

\footheight=\dimen134
\@maxsep=\dimen135
\@dblmaxsep=\dimen136
\@cla=\count168
\@clb=\count169
\mscount=\count170

("C:\Users\yogesh.kulkarni\AppData\Local\Programs\MiKTeX 2.9\tex/latex/base\tra
cefnt.sty"
Package: tracefnt 2019/10/11 v3.0l Standard LaTeX package (font tracing)
\tracingfonts=\count171
LaTeX Info: Redefining \selectfont on input line 106.
)
\symbold=\mathgroup4
\symsans=\mathgroup5
\symtypewriter=\mathgroup6
\symitalic=\mathgroup7
\symsmallcaps=\mathgroup8
\symslanted=\mathgroup9
LaTeX Font Info:    Redeclaring math alphabet \mathbf on input line 269.
LaTeX Font Info:    Redeclaring math alphabet \mathsf on input line 270.
LaTeX Font Info:    Redeclaring math alphabet \mathtt on input line 271.
LaTeX Font Info:    Redeclaring math alphabet \mathit on input line 277.
LaTeX Info: Redefining \em on input line 287.

("C:\Users\yogesh.kulkarni\AppData\Local\Programs\MiKTeX 2.9\tex/latex/base\lat
exsym.sty"
Package: latexsym 1998/08/17 v2.2e Standard LaTeX package (lasy symbols)
\symlasy=\mathgroup10
LaTeX Font Info:    Overwriting symbol font `lasy' in version `bold'
(Font)                  U/lasy/m/n --> U/lasy/b/n on input line 52.
)
LaTeX Font Info:    Redeclaring math delimiter \lgroup on input line 333.
LaTeX Font Info:    Redeclaring math delimiter \rgroup on input line 335.
LaTeX Font Info:    Redeclaring math delimiter \bracevert on input line 337.
)
("C:\Users\yogesh.kulkarni\AppData\Local\Programs\MiKTeX 2.9\tex/latex/base\art
icle.cls"
Document Class: article 2019/12/20 v1.4l Standard LaTeX document class

("C:\Users\yogesh.kulkarni\AppData\Local\Programs\MiKTeX 2.9\tex/latex/base\siz
e10.clo"
File: size10.clo 2019/12/20 v1.4l Standard LaTeX file (size option)
)
\c@part=\count172
\c@section=\count173
\c@subsection=\count174
\c@subsubsection=\count175
\c@paragraph=\count176
\c@subparagraph=\count177
\c@figure=\count178
\c@table=\count179
\abovecaptionskip=\skip47
\belowcaptionskip=\skip48
Compatibility mode: definition of \rm ignored.
Compatibility mode: definition of \sf ignored.
Compatibility mode: definition of \tt ignored.
Compatibility mode: definition of \bf ignored.
Compatibility mode: definition of \it ignored.
Compatibility mode: definition of \sl ignored.
Compatibility mode: definition of \sc ignored.
LaTeX Info: Redefining \cal on input line 497.
LaTeX Info: Redefining \mit on input line 498.
\bibindent=\dimen137
)

! LaTeX Error: File `psfig.sty' not found.

Type X to quit or <RETURN> to proceed,
or enter new name. (Default extension: sty)

Enter file name: 

("C:\Users\yogesh.kulkarni\AppData\Local\Programs\MiKTeX 2.9\tex/latex/l3backen
d\l3backend-pdftex.def"
File: l3backend-pdftex.def 2020-09-01 L3 backend support: PDF output (pdfTeX)
\l__kernel_color_stack_int=\count180
\l__pdf_internal_box=\box45
)
No file qcpreprint.aux.
\openout1 = `qcpreprint.aux'.

LaTeX Font Info:    Checking defaults for OML/cmm/m/it on input line 148.
LaTeX Font Info:    ... okay on input line 148.
LaTeX Font Info:    Checking defaults for OMS/cmsy/m/n on input line 148.
LaTeX Font Info:    ... okay on input line 148.
LaTeX Font Info:    Checking defaults for OT1/cmr/m/n on input line 148.
LaTeX Font Info:    ... okay on input line 148.
LaTeX Font Info:    Checking defaults for T1/cmr/m/n on input line 148.
LaTeX Font Info:    ... okay on input line 148.
LaTeX Font Info:    Checking defaults for TS1/cmr/m/n on input line 148.
LaTeX Font Info:    ... okay on input line 148.
LaTeX Font Info:    Checking defaults for OMX/cmex/m/n on input line 148.
LaTeX Font Info:    ... okay on input line 148.
LaTeX Font Info:    Checking defaults for U/cmr/m/n on input line 148.
LaTeX Font Info:    ... okay on input line 148.
LaTeX Font Info:    External font `cmex10' loaded for size
(Font)              <12> on input line 153.
LaTeX Font Info:    External font `cmex10' loaded for size
(Font)              <8> on input line 153.
LaTeX Font Info:    External font `cmex10' loaded for size
(Font)              <6> on input line 153.
LaTeX Font Info:    Trying to load font information for U+lasy on input line 15
3.

("C:\Users\yogesh.kulkarni\AppData\Local\Programs\MiKTeX 2.9\tex/latex/base\ula
sy.fd"
File: ulasy.fd 1998/08/17 v2.2e LaTeX symbol font definitions
)

LaTeX Warning: Citation `Feynman-82' on page 1 undefined on input line 157.


LaTeX Warning: Citation `Shor-94' on page 1 undefined on input line 169.


LaTeX Warning: Citation `Shor-95' on page 1 undefined on input line 169.

[1

{C:/Users/yogesh.kulkarni/AppData/Local/MiKTeX/2.9/pdftex/config/pdftex.map}]

LaTeX Warning: Reference `qubits' on page 2 undefined on input line 228.

LaTeX Font Info:    External font `cmex10' loaded for size
(Font)              <7> on input line 230.
LaTeX Font Info:    External font `cmex10' loaded for size
(Font)              <5> on input line 230.

LaTeX Warning: Reference `epr' on page 2 undefined on input line 242.

[2]

LaTeX Warning: Reference `gates' on page 3 undefined on input line 262.


LaTeX Warning: Reference `coding' on page 3 undefined on input line 265.


LaTeX Warning: Reference `computer' on page 3 undefined on input line 277.


LaTeX Warning: Reference `computer' on page 3 undefined on input line 290.


LaTeX Warning: Reference `shor' on page 3 undefined on input line 293.


LaTeX Warning: Reference `search' on page 3 undefined on input line 311.

[3]

LaTeX Warning: Citation `Cirac-Zoller-95' on page 4 undefined on input line 323
.


LaTeX Warning: Citation `Steane-96b' on page 4 undefined on input line 323.


LaTeX Warning: Citation `Schulman-Vazirani-98' on page 4 undefined on input lin
e 339.


LaTeX Warning: Citation `Gershenfeld-Chuang-97' on page 4 undefined on input li
ne 341.


LaTeX Warning: Citation `NMR-GHZ' on page 4 undefined on input line 341.


LaTeX Warning: Reference `qec' on page 4 undefined on input line 354.

[4]

LaTeX Warning: Citation `Feynman-65' on page 5 undefined on input line 374.


LaTeX Warning: Citation `GZ97' on page 5 undefined on input line 375.


LaTeX Warning: Citation `Liboff' on page 5 undefined on input line 375.


LaTeX Warning: Reference `epr' on page 5 undefined on input line 389.

! Undefined control sequence.
<argument> \psfig 
                  {file=exsetup2-1.ps,width=3in}
l.422 \mbox{\psfig{file=exsetup2-1.ps,width=3in}}
                                                 
? 
[5]
! Undefined control sequence.
<argument> \psfig 
                  {file=exsetup2-2.ps,width=3in}
l.438 \mbox{\psfig{file=exsetup2-2.ps,width=3in}}
                                                 
? 
! Undefined control sequence.
<argument> \psfig 
                  {file=exsetup2-3.ps,width=3in}
l.446 \mbox{\psfig{file=exsetup2-3.ps,width=3in}}
                                                 
? 

LaTeX Warning: Reference `braket' on page 6 undefined on input line 459.


LaTeX Warning: Reference `measure-fig' on page 6 undefined on input line 481.

! Undefined control sequence.
<argument> \psfig 
                  {file=photon.ps,width=1.5in}
l.489 \mbox{\psfig{file=photon.ps,width=1.5in}}
                                               \nopagebreak\\
? 
[6] [7]

LaTeX Warning: Citation `Dirac-58' on page 8 undefined on input line 582.


LaTeX Warning: Reference `gates' on page 8 undefined on input line 616.

[8]

LaTeX Warning: Reference `NoCloning' on page 9 undefined on input line 687.


LaTeX Warning: Citation `BenBra87' on page 9 undefined on input line 706.


LaTeX Warning: Citation `Bennett:1992:QC' on page 9 undefined on input line 706
.

[9]
! Undefined control sequence.
<argument> \psfig 
                  {file=keysetup.ps,width=4in}
l.719 \mbox{\psfig{file=keysetup.ps,width=4in}}
                                               
? 

LaTeX Warning: Citation `ERTP92' on page 10 undefined on input line 763.


LaTeX Warning: Citation `Bennet92' on page 10 undefined on input line 763.


LaTeX Warning: Citation `Hughes-etal97' on page 10 undefined on input line 766.


[10]

LaTeX Warning: Reference `tensor-product' on page 11 undefined on input line 79
3.

[11] [12]
! Undefined control sequence.
<argument> \psfig 
                  {file=epr.ps,width=4in}
l.917 \mbox{\psfig{file=epr.ps,width=4in}}
                                          
? 

LaTeX Warning: Citation `GZ97' on page 13 undefined on input line 957.

[13]

LaTeX Warning: Citation `Feynman-96' on page 14 undefined on input line 1006.

[14]

LaTeX Warning: Reference `braket' on page 15 undefined on input line 1040.

[15]

LaTeX Warning: Citation `Wootters-Zurek' on page 16 undefined on input line 112
8.

[16]

LaTeX Warning: Reference `information' on page 17 undefined on input line 1176.


! Undefined control sequence.
<argument> \psfig 
                  {file=coding.ps,width=4in}
l.1197 \mbox{\psfig{file=coding.ps,width=4in}}
                                              
? 
[17]

LaTeX Warning: Citation `Teleportation' on page 18 undefined on input line 1267
.

[18]
! Undefined control sequence.
<argument> \psfig 
                  {file=teleport.ps,width=4in}
l.1270 \mbox{\psfig{file=teleport.ps,width=4in}}
                                                
? 

Overfull \hbox (14.32137pt too wide) in alignment at lines 1290--1299
 [][][] []
 []

[19]

LaTeX Warning: Reference `gates' on page 20 undefined on input line 1399.

[20]

LaTeX Warning: Citation `Vedral-et-al-95' on page 21 undefined on input line 14
36.


LaTeX Warning: Citation `Deutsch-85' on page 21 undefined on input line 1451.


LaTeX Warning: Citation `Bernstein-Vazirani-93' on page 21 undefined on input l
ine 1454.

[21]

LaTeX Warning: Citation `Barenco-et-al-95a' on page 22 undefined on input line 
1485.


LaTeX Warning: Reference `Walsh' on page 22 undefined on input line 1517.

[22] [23]

LaTeX Warning: Reference `search' on page 24 undefined on input line 1576.


LaTeX Warning: Citation `Simon-94' on page 24 undefined on input line 1588.


LaTeX Warning: Citation `Lenstra-Lenstra-93' on page 24 undefined on input line
 1595.

[24] [25]

LaTeX Warning: Citation `Shor-95' on page 26 undefined on input line 1684.


LaTeX Warning: Reference `parallelism' on page 26 undefined on input line 1700.


[26]

LaTeX Warning: Reference `continued fractions' on page 27 undefined on input li
ne 1762.

[27] [28]

LaTeX Warning: Citation `STOC::Grover1996' on page 29 undefined on input line 1
850.


LaTeX Warning: Citation `Bennett-et-al-94' on page 29 undefined on input line 1
857.


LaTeX Warning: Citation `Boyer-et-al-96' on page 29 undefined on input line 185
7.


LaTeX Warning: Citation `Zalka-97' on page 29 undefined on input line 1857.

[29]

LaTeX Warning: Reference `QP' on page 30 undefined on input line 1903.


LaTeX Warning: Reference `ChangingSigns' on page 30 undefined on input line 194
1.

! Undefined control sequence.
<argument> \psfig 
                  {file=average1.ps,width=3in}
l.1944 ...mbox{\psfig{file=average1.ps,width=3in}}
                                                  \end{center}
? 

LaTeX Warning: Reference `inversion' on page 30 undefined on input line 1949.


Overfull \hbox (2.30609pt too wide) in paragraph at lines 1946--1952
[]\OT1/cmr/m/n/10 Apply in-ver-sion about the av-er-age to in-crease am-pli-tud
e of $\OML/cmm/m/it/10 x[]$ \OT1/cmr/m/n/10 with $\OML/cmm/m/it/10 P\OT1/cmr/m/
n/10 (\OML/cmm/m/it/10 x[]\OT1/cmr/m/n/10 ) =
 []

! Undefined control sequence.
<argument> \psfig 
                  {file=average2.ps,width=3in}
l.1953 ...mbox{\psfig{file=average2.ps,width=3in}}
                                                  \end{center}
? 
[30]

LaTeX Warning: Citation `Boyer-et-al-96' on page 31 undefined on input line 195
9.


LaTeX Warning: Reference `gates' on page 31 undefined on input line 2013.

[31]
Overfull \hbox (2.92232pt too wide) in alignment at lines 2049--2055
 [][][] []
 []

[32]

LaTeX Warning: Reference `Walsh' on page 33 undefined on input line 2067.


LaTeX Warning: Reference `setlat' on page 33 undefined on input line 2094.


LaTeX Warning: Reference `ketlat' on page 33 undefined on input line 2179.


LaTeX Warning: Reference `setlat' on page 33 undefined on input line 2180.

[33]

LaTeX Warning: Citation `Hogg-96' on page 34 undefined on input line 2269.


LaTeX Warning: Citation `Hogg-98' on page 34 undefined on input line 2269.

[34] [35]

LaTeX Warning: Citation `Hogg-96' on page 36 undefined on input line 2304.


LaTeX Warning: Citation `Hogg-98' on page 36 undefined on input line 2313.


LaTeX Warning: Reference `walsh-set' on page 36 undefined on input line 2321.


LaTeX Warning: Reference `ChangingSigns' on page 36 undefined on input line 233
3.

[36]

LaTeX Warning: Citation `Steane-97' on page 37 undefined on input line 2360.

[37] [38] [39]

LaTeX Warning: Citation `Jones+Mosca-98' on page 40 undefined on input line 252
7.


LaTeX Warning: Citation `Deutsch-Jozsa-91' on page 40 undefined on input line 2
529.


LaTeX Warning: Citation `Grover-xxx' on page 40 undefined on input line 2531.


LaTeX Warning: Citation `Terhal+Smolin-97' on page 40 undefined on input line 2
533.


LaTeX Warning: Citation `AbramsLloyd98' on page 40 undefined on input line 2544
.

[40]

LaTeX Warning: Citation `Steane-97' on page 41 undefined on input line 2564.


LaTeX Warning: Citation `Feynman-96' on page 41 undefined on input line 2577.


LaTeX Warning: Citation `Feynman-85' on page 41 undefined on input line 2579.


LaTeX Warning: Citation `Williams-98' on page 41 undefined on input line 2584.


LaTeX Warning: Citation `Bennett-et-al-94' on page 41 undefined on input line 2
590.


LaTeX Warning: Citation `Bernstein-Vazirani-93' on page 41 undefined on input l
ine 2590.


LaTeX Warning: Citation `Shor-95' on page 41 undefined on input line 2590.


LaTeX Warning: Citation `Simon-94' on page 41 undefined on input line 2590.

[41]

LaTeX Warning: Citation `Shor-94' on page 42 undefined on input line 2636.

[42] [43]

LaTeX Warning: Citation `Hungerford-74' on page 44 undefined on input line 2844
.

[44] [45]

LaTeX Warning: Citation `Hardy-Wright' on page 46 undefined on input line 2934.


[46] (qcpreprint.aux)

LaTeX Warning: There were undefined references.


LaTeX Warning: Label(s) may have changed. Rerun to get cross-references right.

 ) 
Here is how much of TeX's memory you used:
 684 strings out of 481165
 10857 string characters out of 2897261
 259348 words of memory out of 3000000
 16336 multiletter control sequences out of 15000+200000
 550386 words of font info for 84 fonts, out of 3000000 for 9000
 1141 hyphenation exceptions out of 8191
 24i,12n,27p,286b,235s stack positions out of 5000i,500n,10000p,200000b,50000s
 <C:\Users\yogesh.kulkarni\AppData\Local\MiKTeX\2.9\fonts/pk/ljfour/jknappen/
ec/dpi600\tcrm1000.pk><C:/Users/yogesh.kulkarni/AppData/Local/Programs/MiKTeX 2
.9/fonts/type1/public/amsfonts/cm/cmbx10.pfb><C:/Users/yogesh.kulkarni/AppData/
Local/Programs/MiKTeX 2.9/fonts/type1/public/amsfonts/cm/cmbx12.pfb><C:/Users/y
ogesh.kulkarni/AppData/Local/Programs/MiKTeX 2.9/fonts/type1/public/amsfonts/cm
/cmbx8.pfb><C:/Users/yogesh.kulkarni/AppData/Local/Programs/MiKTeX 2.9/fonts/ty
pe1/public/amsfonts/cm/cmcsc10.pfb><C:/Users/yogesh.kulkarni/AppData/Local/Prog
rams/MiKTeX 2.9/fonts/type1/public/amsfonts/cm/cmex10.pfb><C:/Users/yogesh.kulk
arni/AppData/Local/Programs/MiKTeX 2.9/fonts/type1/public/amsfonts/cm/cmmi10.pf
b><C:/Users/yogesh.kulkarni/AppData/Local/Programs/MiKTeX 2.9/fonts/type1/publi
c/amsfonts/cm/cmmi5.pfb><C:/Users/yogesh.kulkarni/AppData/Local/Programs/MiKTeX
 2.9/fonts/type1/public/amsfonts/cm/cmmi6.pfb><C:/Users/yogesh.kulkarni/AppData
/Local/Programs/MiKTeX 2.9/fonts/type1/public/amsfonts/cm/cmmi7.pfb><C:/Users/y
ogesh.kulkarni/AppData/Local/Programs/MiKTeX 2.9/fonts/type1/public/amsfonts/cm
/cmmi8.pfb><C:/Users/yogesh.kulkarni/AppData/Local/Programs/MiKTeX 2.9/fonts/ty
pe1/public/amsfonts/cm/cmr10.pfb><C:/Users/yogesh.kulkarni/AppData/Local/Progra
ms/MiKTeX 2.9/fonts/type1/public/amsfonts/cm/cmr12.pfb><C:/Users/yogesh.kulkarn
i/AppData/Local/Programs/MiKTeX 2.9/fonts/type1/public/amsfonts/cm/cmr17.pfb><C
:/Users/yogesh.kulkarni/AppData/Local/Programs/MiKTeX 2.9/fonts/type1/public/am
sfonts/cm/cmr5.pfb><C:/Users/yogesh.kulkarni/AppData/Local/Programs/MiKTeX 2.9/
fonts/type1/public/amsfonts/cm/cmr6.pfb><C:/Users/yogesh.kulkarni/AppData/Local
/Programs/MiKTeX 2.9/fonts/type1/public/amsfonts/cm/cmr7.pfb><C:/Users/yogesh.k
ulkarni/AppData/Local/Programs/MiKTeX 2.9/fonts/type1/public/amsfonts/cm/cmr8.p
fb><C:/Users/yogesh.kulkarni/AppData/Local/Programs/MiKTeX 2.9/fonts/type1/publ
ic/amsfonts/cm/cmsy10.pfb><C:/Users/yogesh.kulkarni/AppData/Local/Programs/MiKT
eX 2.9/fonts/type1/public/amsfonts/cm/cmsy5.pfb><C:/Users/yogesh.kulkarni/AppDa
ta/Local/Programs/MiKTeX 2.9/fonts/type1/public/amsfonts/cm/cmsy7.pfb><C:/Users
/yogesh.kulkarni/AppData/Local/Programs/MiKTeX 2.9/fonts/type1/public/amsfonts/
cm/cmsy8.pfb><C:/Users/yogesh.kulkarni/AppData/Local/Programs/MiKTeX 2.9/fonts/
type1/public/amsfonts/cm/cmti10.pfb><C:/Users/yogesh.kulkarni/AppData/Local/Pro
grams/MiKTeX 2.9/fonts/type1/public/amsfonts/cm/cmtt10.pfb><C:/Users/yogesh.kul
karni/AppData/Local/Programs/MiKTeX 2.9/fonts/type1/public/amsfonts/cm/cmtt12.p
fb><C:/Users/yogesh.kulkarni/AppData/Local/Programs/MiKTeX 2.9/fonts/type1/publ
ic/amsfonts/latxfont/lcircle1.pfb><C:/Users/yogesh.kulkarni/AppData/Local/Progr
ams/MiKTeX 2.9/fonts/type1/public/amsfonts/latxfont/line10.pfb>
Output written on qcpreprint.pdf (46 pages, 443730 bytes).
PDF statistics:
 260 PDF objects out of 1000 (max. 8388607)
 0 named destinations out of 1000 (max. 500000)
 1 words of extra memory for PDF output out of 10000 (max. 10000000)

