This is pdfTeX, Version 3.14159265-2.6-1.40.20 (MiKTeX 2.9.7140 64-bit) (preloaded format=pdflatex 2019.9.5)  27 SEP 2019 21:32
entering extended mode
**C:/YogeshKulkarni/Training/TeachingDataScience/LaTeX/Main_Seminar_MidcurveNN_
CheatSheet.tex

(C:/YogeshKulkarni/Training/TeachingDataScience/LaTeX/Main_Seminar_MidcurveNN_C
heatSheet.tex
LaTeX2e <2018-12-01>
(C:/YogeshKulkarni/Training/TeachingDataScience/LaTeX\template_cheatsheet.tex
("C:\Users\yogesh.kulkarni\AppData\Local\Programs\MiKTeX 2.9\tex/latex/base\art
icle.cls"
Document Class: article 2018/09/03 v1.4i Standard LaTeX document class

("C:\Users\yogesh.kulkarni\AppData\Local\Programs\MiKTeX 2.9\tex/latex/base\siz
e10.clo"
File: size10.clo 2018/09/03 v1.4i Standard LaTeX file (size option)
)
\c@part=\count80
\c@section=\count81
\c@subsection=\count82
\c@subsubsection=\count83
\c@paragraph=\count84
\c@subparagraph=\count85
\c@figure=\count86
\c@table=\count87
\abovecaptionskip=\skip41
\belowcaptionskip=\skip42
\bibindent=\dimen102
)
("C:\Users\yogesh.kulkarni\AppData\Local\Programs\MiKTeX 2.9\tex/latex/beamer\b
eamerarticle.sty"
Package: beamerarticle 2019/07/23 v3.56 beamer input in article mode

("C:\Users\yogesh.kulkarni\AppData\Local\Programs\MiKTeX 2.9\tex/latex/beamer\b
eamerbasemodes.sty"
("C:\Users\yogesh.kulkarni\AppData\Local\Programs\MiKTeX 2.9\tex/latex/etoolbox
\etoolbox.sty"
Package: etoolbox 2018/08/19 v2.5f e-TeX tools for LaTeX (JAW)
\etb@tempcnta=\count88
)
\beamer@tempbox=\box27
\beamer@tempcount=\count89
\c@beamerpauses=\count90

("C:\Users\yogesh.kulkarni\AppData\Local\Programs\MiKTeX 2.9\tex/latex/beamer\b
eamerbasedecode.sty"
\beamer@slideinframe=\count91
\beamer@minimum=\count92
\beamer@decode@box=\box28
)
\beamer@commentbox=\box29
\beamer@modecount=\count93
))
("C:\Users\yogesh.kulkarni\AppData\Local\Programs\MiKTeX 2.9\tex/latex/beamer\b
eamerbasearticle.sty"
("C:\Users\yogesh.kulkarni\AppData\Local\Programs\MiKTeX 2.9\tex/latex/beamer\b
eamerbaseoptions.sty"
("C:\Users\yogesh.kulkarni\AppData\Local\Programs\MiKTeX 2.9\tex/latex/graphics
\keyval.sty"
Package: keyval 2014/10/28 v1.15 key=value parser (DPC)
\KV@toks@=\toks14
))
("C:\Users\yogesh.kulkarni\AppData\Local\Programs\MiKTeX 2.9\tex/latex/xcolor\x
color.sty"
Package: xcolor 2016/05/11 v2.12 LaTeX color extensions (UK)

("C:\Users\yogesh.kulkarni\AppData\Local\Programs\MiKTeX 2.9\tex/latex/graphics
-cfg\color.cfg"
File: color.cfg 2016/01/02 v1.6 sample color configuration
)
Package xcolor Info: Driver file: pdftex.def on input line 225.

("C:\Users\yogesh.kulkarni\AppData\Local\Programs\MiKTeX 2.9\tex/latex/graphics
-def\pdftex.def"
File: pdftex.def 2018/01/08 v1.0l Graphics/color driver for pdftex
)
Package xcolor Info: Model `cmy' substituted by `cmy0' on input line 1348.
Package xcolor Info: Model `hsb' substituted by `rgb' on input line 1352.
Package xcolor Info: Model `RGB' extended on input line 1364.
Package xcolor Info: Model `HTML' substituted by `rgb' on input line 1366.
Package xcolor Info: Model `Hsb' substituted by `hsb' on input line 1367.
Package xcolor Info: Model `tHsb' substituted by `hsb' on input line 1368.
Package xcolor Info: Model `HSB' substituted by `hsb' on input line 1369.
Package xcolor Info: Model `Gray' substituted by `gray' on input line 1370.
Package xcolor Info: Model `wave' substituted by `hsb' on input line 1371.
)
("C:\Users\yogesh.kulkarni\AppData\Local\Programs\MiKTeX 2.9\tex/latex/beamer\b
eamerbaserequires.sty"
("C:\Users\yogesh.kulkarni\AppData\Local\Programs\MiKTeX 2.9\tex/latex/beamer\b
eamerbasecompatibility.sty")
("C:\Users\yogesh.kulkarni\AppData\Local\Programs\MiKTeX 2.9\tex/latex/beamer\b
eamerbasefont.sty"
("C:\Users\yogesh.kulkarni\AppData\Local\Programs\MiKTeX 2.9\tex/latex/amsfonts
\amssymb.sty"
Package: amssymb 2013/01/14 v3.01 AMS font symbols

("C:\Users\yogesh.kulkarni\AppData\Local\Programs\MiKTeX 2.9\tex/latex/amsfonts
\amsfonts.sty"
Package: amsfonts 2013/01/14 v3.01 Basic AMSFonts support
\@emptytoks=\toks15
\symAMSa=\mathgroup4
\symAMSb=\mathgroup5
LaTeX Font Info:    Overwriting math alphabet `\mathfrak' in version `bold'
(Font)                  U/euf/m/n --> U/euf/b/n on input line 106.
)))
("C:\Users\yogesh.kulkarni\AppData\Local\Programs\MiKTeX 2.9\tex/latex/beamer\b
eamerbasetranslator.sty"
("C:\Users\yogesh.kulkarni\AppData\Local\Programs\MiKTeX 2.9\tex/latex/translat
or\translator.sty"
Package: translator 2019-05-31 v1.12a Easy translation of strings in LaTeX
))
("C:\Users\yogesh.kulkarni\AppData\Local\Programs\MiKTeX 2.9\tex/latex/beamer\b
eamerbasemisc.sty")
("C:\Users\yogesh.kulkarni\AppData\Local\Programs\MiKTeX 2.9\tex/latex/beamer\b
eamerbasetwoscreens.sty")
("C:\Users\yogesh.kulkarni\AppData\Local\Programs\MiKTeX 2.9\tex/latex/beamer\b
eamerbaseoverlay.sty"
\beamer@argscount=\count94
)
("C:\Users\yogesh.kulkarni\AppData\Local\Programs\MiKTeX 2.9\tex/latex/beamer\b
eamerbasetitle.sty")
("C:\Users\yogesh.kulkarni\AppData\Local\Programs\MiKTeX 2.9\tex/latex/beamer\b
eamerbasesection.sty")
("C:\Users\yogesh.kulkarni\AppData\Local\Programs\MiKTeX 2.9\tex/latex/beamer\b
eamerbaseframe.sty"
\c@framenumber=\count95
LaTeX Info: Redefining \\ on input line 766.
)
("C:\Users\yogesh.kulkarni\AppData\Local\Programs\MiKTeX 2.9\tex/latex/beamer\b
eamerbaseverbatim.sty")
("C:\Users\yogesh.kulkarni\AppData\Local\Programs\MiKTeX 2.9\tex/latex/beamer\b
eamerbaseframesize.sty")
("C:\Users\yogesh.kulkarni\AppData\Local\Programs\MiKTeX 2.9\tex/latex/beamer\b
eamerbaseframecomponents.sty")
("C:\Users\yogesh.kulkarni\AppData\Local\Programs\MiKTeX 2.9\tex/latex/beamer\b
eamerbasecolor.sty")
("C:\Users\yogesh.kulkarni\AppData\Local\Programs\MiKTeX 2.9\tex/latex/beamer\b
eamerbasenotes.sty")
("C:\Users\yogesh.kulkarni\AppData\Local\Programs\MiKTeX 2.9\tex/latex/beamer\b
eamerbasetoc.sty")
("C:\Users\yogesh.kulkarni\AppData\Local\Programs\MiKTeX 2.9\tex/latex/beamer\b
eamerbasetemplates.sty"
\beamer@sbttoks=\toks16

("C:\Users\yogesh.kulkarni\AppData\Local\Programs\MiKTeX 2.9\tex/latex/beamer\b
eamerbaseauxtemplates.sty"))
("C:\Users\yogesh.kulkarni\AppData\Local\Programs\MiKTeX 2.9\tex/latex/beamer\b
eamerbaselocalstructure.sty"
("C:\Users\yogesh.kulkarni\AppData\Local\Programs\MiKTeX 2.9\tex/latex/tools\en
umerate.sty"
Package: enumerate 2015/07/23 v3.00 enumerate extensions (DPC)
\@enLab=\toks17
))
("C:\Users\yogesh.kulkarni\AppData\Local\Programs\MiKTeX 2.9\tex/latex/beamer\b
eamerbasenavigation.sty")
("C:\Users\yogesh.kulkarni\AppData\Local\Programs\MiKTeX 2.9\tex/latex/beamer\b
eamerbasetheorems.sty"
("C:\Users\yogesh.kulkarni\AppData\Local\Programs\MiKTeX 2.9\tex/latex/amsmath\
amsmath.sty"
Package: amsmath 2018/12/01 v2.17b AMS math features
\@mathmargin=\skip43

For additional information on amsmath, use the `?' option.

("C:\Users\yogesh.kulkarni\AppData\Local\Programs\MiKTeX 2.9\tex/latex/amsmath\
amstext.sty"
Package: amstext 2000/06/29 v2.01 AMS text

("C:\Users\yogesh.kulkarni\AppData\Local\Programs\MiKTeX 2.9\tex/latex/amsmath\
amsgen.sty"
File: amsgen.sty 1999/11/30 v2.0 generic functions
\@emptytoks=\toks18
\ex@=\dimen103
))
("C:\Users\yogesh.kulkarni\AppData\Local\Programs\MiKTeX 2.9\tex/latex/amsmath\
amsbsy.sty"
Package: amsbsy 1999/11/29 v1.2d Bold Symbols
\pmbraise@=\dimen104
)
("C:\Users\yogesh.kulkarni\AppData\Local\Programs\MiKTeX 2.9\tex/latex/amsmath\
amsopn.sty"
Package: amsopn 2016/03/08 v2.02 operator names
)
\inf@bad=\count96
LaTeX Info: Redefining \frac on input line 223.
\uproot@=\count97
\leftroot@=\count98
LaTeX Info: Redefining \overline on input line 385.
\classnum@=\count99
\DOTSCASE@=\count100
LaTeX Info: Redefining \ldots on input line 482.
LaTeX Info: Redefining \dots on input line 485.
LaTeX Info: Redefining \cdots on input line 606.
\Mathstrutbox@=\box30
\strutbox@=\box31
\big@size=\dimen105
LaTeX Font Info:    Redeclaring font encoding OML on input line 729.
LaTeX Font Info:    Redeclaring font encoding OMS on input line 730.
\macc@depth=\count101
\c@MaxMatrixCols=\count102
\dotsspace@=\muskip10
\c@parentequation=\count103
\dspbrk@lvl=\count104
\tag@help=\toks19
\row@=\count105
\column@=\count106
\maxfields@=\count107
\andhelp@=\toks20
\eqnshift@=\dimen106
\alignsep@=\dimen107
\tagshift@=\dimen108
\tagwidth@=\dimen109
\totwidth@=\dimen110
\lineht@=\dimen111
\@envbody=\toks21
\multlinegap=\skip44
\multlinetaggap=\skip45
\mathdisplay@stack=\toks22
LaTeX Info: Redefining \[ on input line 2844.
LaTeX Info: Redefining \] on input line 2845.
)
("C:\Users\yogesh.kulkarni\AppData\Local\Programs\MiKTeX 2.9\tex/latex/amscls\a
msthm.sty"
Package: amsthm 2017/10/31 v2.20.4
\thm@style=\toks23
\thm@bodyfont=\toks24
\thm@headfont=\toks25
\thm@notefont=\toks26
\thm@headpunct=\toks27
\thm@preskip=\skip46
\thm@postskip=\skip47
\thm@headsep=\skip48
\dth@everypar=\toks28
)
\c@theorem=\count108
)
("C:\Users\yogesh.kulkarni\AppData\Local\Programs\MiKTeX 2.9\tex/latex/beamer\b
eamerbasethemes.sty")))
("C:\Users\yogesh.kulkarni\AppData\Local\Programs\MiKTeX 2.9\tex/latex/tools\mu
lticol.sty"
Package: multicol 2018/12/27 v1.8v multicolumn formatting (FMi)
\c@tracingmulticols=\count109
\mult@box=\box32
\multicol@leftmargin=\dimen112
\c@unbalance=\count110
\c@collectmore=\count111
\doublecol@number=\count112
\multicoltolerance=\count113
\multicolpretolerance=\count114
\full@width=\dimen113
\page@free=\dimen114
\premulticols=\dimen115
\postmulticols=\dimen116
\multicolsep=\skip49
\multicolbaselineskip=\skip50
\partial@page=\box33
\last@line=\box34
\maxbalancingoverflow=\dimen117
\mult@rightbox=\box35
\mult@grightbox=\box36
\mult@gfirstbox=\box37
\mult@firstbox=\box38
\@tempa=\box39
\@tempa=\box40
\@tempa=\box41
\@tempa=\box42
\@tempa=\box43
\@tempa=\box44
\@tempa=\box45
\@tempa=\box46
\@tempa=\box47
\@tempa=\box48
\@tempa=\box49
\@tempa=\box50
\@tempa=\box51
\@tempa=\box52
\@tempa=\box53
\@tempa=\box54
\@tempa=\box55
\c@columnbadness=\count115
\c@finalcolumnbadness=\count116
\last@try=\dimen118
\multicolovershoot=\dimen119
\multicolundershoot=\dimen120
\mult@nat@firstbox=\box56
\colbreak@box=\box57
\mc@col@check@num=\count117
)
("C:\Users\yogesh.kulkarni\AppData\Local\Programs\MiKTeX 2.9\tex/latex/booktabs
\booktabs.sty"
Package: booktabs 2005/04/14 v1.61803 publication quality tables
\heavyrulewidth=\dimen121
\lightrulewidth=\dimen122
\cmidrulewidth=\dimen123
\belowrulesep=\dimen124
\belowbottomsep=\dimen125
\aboverulesep=\dimen126
\abovetopsep=\dimen127
\cmidrulesep=\dimen128
\cmidrulekern=\dimen129
\defaultaddspace=\dimen130
\@cmidla=\count118
\@cmidlb=\count119
\@aboverulesep=\dimen131
\@belowrulesep=\dimen132
\@thisruleclass=\count120
\@lastruleclass=\count121
\@thisrulewidth=\dimen133
)
("C:\Users\yogesh.kulkarni\AppData\Local\Programs\MiKTeX 2.9\tex/latex/tools\ca
lc.sty"
Package: calc 2017/05/25 v4.3 Infix arithmetic (KKT,FJ)
\calc@Acount=\count122
\calc@Bcount=\count123
\calc@Adimen=\dimen134
\calc@Bdimen=\dimen135
\calc@Askip=\skip51
\calc@Bskip=\skip52
LaTeX Info: Redefining \setlength on input line 80.
LaTeX Info: Redefining \addtolength on input line 81.
\calc@Ccount=\count124
\calc@Cskip=\skip53
)
("C:\Users\yogesh.kulkarni\AppData\Local\Programs\MiKTeX 2.9\tex/latex/base\ift
hen.sty"
Package: ifthen 2014/09/29 v1.1c Standard LaTeX ifthen package (DPC)
)
("C:\Users\yogesh.kulkarni\AppData\Local\Programs\MiKTeX 2.9\tex/latex/geometry
\geometry.sty"
Package: geometry 2018/04/16 v5.8 Page Geometry

("C:\Users\yogesh.kulkarni\AppData\Local\Programs\MiKTeX 2.9\tex/generic/oberdi
ek\ifpdf.sty"
Package: ifpdf 2018/09/07 v3.3 Provides the ifpdf switch
)
("C:\Users\yogesh.kulkarni\AppData\Local\Programs\MiKTeX 2.9\tex/generic/oberdi
ek\ifvtex.sty"
Package: ifvtex 2016/05/16 v1.6 Detect VTeX and its facilities (HO)
Package ifvtex Info: VTeX not detected.
)
("C:\Users\yogesh.kulkarni\AppData\Local\Programs\MiKTeX 2.9\tex/generic/ifxete
x\ifxetex.sty"
Package: ifxetex 2010/09/12 v0.6 Provides ifxetex conditional
)
\Gm@cnth=\count125
\Gm@cntv=\count126
\c@Gm@tempcnt=\count127
\Gm@bindingoffset=\dimen136
\Gm@wd@mp=\dimen137
\Gm@odd@mp=\dimen138
\Gm@even@mp=\dimen139
\Gm@layoutwidth=\dimen140
\Gm@layoutheight=\dimen141
\Gm@layouthoffset=\dimen142
\Gm@layoutvoffset=\dimen143
\Gm@dimlist=\toks29

("C:\Users\yogesh.kulkarni\AppData\Local\Programs\MiKTeX 2.9\tex/latex/geometry
\geometry.cfg"))
("C:\Users\yogesh.kulkarni\AppData\Local\Programs\MiKTeX 2.9\tex/latex/hyperref
\hyperref.sty"
Package: hyperref 2019/06/12 v6.88h Hypertext links for LaTeX

("C:\Users\yogesh.kulkarni\AppData\Local\Programs\MiKTeX 2.9\tex/generic/oberdi
ek\hobsub-hyperref.sty"
Package: hobsub-hyperref 2016/05/16 v1.14 Bundle oberdiek, subset hyperref (HO)


("C:\Users\yogesh.kulkarni\AppData\Local\Programs\MiKTeX 2.9\tex/generic/oberdi
ek\hobsub-generic.sty"
Package: hobsub-generic 2016/05/16 v1.14 Bundle oberdiek, subset generic (HO)
Package: hobsub 2016/05/16 v1.14 Construct package bundles (HO)
Package: infwarerr 2016/05/16 v1.4 Providing info/warning/error messages (HO)
Package: ltxcmds 2016/05/16 v1.23 LaTeX kernel commands for general use (HO)
Package: ifluatex 2016/05/16 v1.4 Provides the ifluatex switch (HO)
Package ifluatex Info: LuaTeX not detected.
Package hobsub Info: Skipping package `ifvtex' (already loaded).
Package: intcalc 2016/05/16 v1.2 Expandable calculations with integers (HO)
Package hobsub Info: Skipping package `ifpdf' (already loaded).
Package: etexcmds 2016/05/16 v1.6 Avoid name clashes with e-TeX commands (HO)
Package: kvsetkeys 2016/05/16 v1.17 Key value parser (HO)
Package: kvdefinekeys 2016/05/16 v1.4 Define keys (HO)
Package: pdftexcmds 2019/07/25 v0.30 Utility functions of pdfTeX for LuaTeX (HO
)
Package pdftexcmds Info: LuaTeX not detected.
Package pdftexcmds Info: \pdf@primitive is available.
Package pdftexcmds Info: \pdf@ifprimitive is available.
Package pdftexcmds Info: \pdfdraftmode found.
Package: pdfescape 2016/05/16 v1.14 Implements pdfTeX's escape features (HO)
Package: bigintcalc 2016/05/16 v1.4 Expandable calculations on big integers (HO
)
Package: bitset 2016/05/16 v1.2 Handle bit-vector datatype (HO)
Package: uniquecounter 2016/05/16 v1.3 Provide unlimited unique counter (HO)
)
Package hobsub Info: Skipping package `hobsub' (already loaded).
Package: letltxmacro 2016/05/16 v1.5 Let assignment for LaTeX macros (HO)
Package: hopatch 2016/05/16 v1.3 Wrapper for package hooks (HO)
Package: xcolor-patch 2016/05/16 xcolor patch
Package: atveryend 2016/05/16 v1.9 Hooks at the very end of document (HO)
Package: atbegshi 2016/06/09 v1.18 At begin shipout hook (HO)
Package: refcount 2016/05/16 v3.5 Data extraction from label references (HO)
Package: hycolor 2016/05/16 v1.8 Color options for hyperref/bookmark (HO)
)
("C:\Users\yogesh.kulkarni\AppData\Local\Programs\MiKTeX 2.9\tex/latex/oberdiek
\auxhook.sty"
Package: auxhook 2016/05/16 v1.4 Hooks for auxiliary files (HO)
)
("C:\Users\yogesh.kulkarni\AppData\Local\Programs\MiKTeX 2.9\tex/latex/oberdiek
\kvoptions.sty"
Package: kvoptions 2016/05/16 v3.12 Key value format for package options (HO)
)
\@linkdim=\dimen144
\Hy@linkcounter=\count128
\Hy@pagecounter=\count129

("C:\Users\yogesh.kulkarni\AppData\Local\Programs\MiKTeX 2.9\tex/latex/hyperref
\pd1enc.def"
File: pd1enc.def 2019/06/12 v6.88h Hyperref: PDFDocEncoding definition (HO)
Now handling font encoding PD1 ...
... no UTF-8 mapping file for font encoding PD1
)
\Hy@SavedSpaceFactor=\count130

("C:\Users\yogesh.kulkarni\AppData\Local\Programs\MiKTeX 2.9\tex/latex/00miktex
\hyperref.cfg"
File: hyperref.cfg 2002/06/06 v1.2 hyperref configuration of TeXLive
)
Package hyperref Info: Hyper figures OFF on input line 4550.
Package hyperref Info: Link nesting OFF on input line 4555.
Package hyperref Info: Hyper index ON on input line 4558.
Package hyperref Info: Plain pages OFF on input line 4565.
Package hyperref Info: Backreferencing OFF on input line 4570.
Package hyperref Info: Implicit mode ON; LaTeX internals redefined.
Package hyperref Info: Bookmarks ON on input line 4803.
\c@Hy@tempcnt=\count131

("C:\Users\yogesh.kulkarni\AppData\Local\Programs\MiKTeX 2.9\tex/latex/url\url.
sty"
\Urlmuskip=\muskip11
Package: url 2013/09/16  ver 3.4  Verb mode for urls, etc.
)
LaTeX Info: Redefining \url on input line 5156.
\XeTeXLinkMargin=\dimen145
\Fld@menulength=\count132
\Field@Width=\dimen146
\Fld@charsize=\dimen147
Package hyperref Info: Hyper figures OFF on input line 6411.
Package hyperref Info: Link nesting OFF on input line 6416.
Package hyperref Info: Hyper index ON on input line 6419.
Package hyperref Info: backreferencing OFF on input line 6426.
Package hyperref Info: Link coloring OFF on input line 6431.
Package hyperref Info: Link coloring with OCG OFF on input line 6436.
Package hyperref Info: PDF/A mode OFF on input line 6441.
LaTeX Info: Redefining \ref on input line 6481.
LaTeX Info: Redefining \pageref on input line 6485.
\Hy@abspage=\count133
\c@Item=\count134
\c@Hfootnote=\count135
)
Package hyperref Info: Driver (autodetected): hpdftex.

("C:\Users\yogesh.kulkarni\AppData\Local\Programs\MiKTeX 2.9\tex/latex/hyperref
\hpdftex.def"
File: hpdftex.def 2019/06/12 v6.88h Hyperref driver for pdfTeX
\Fld@listcount=\count136
\c@bookmark@seq@number=\count137

("C:\Users\yogesh.kulkarni\AppData\Local\Programs\MiKTeX 2.9\tex/latex/oberdiek
\rerunfilecheck.sty"
Package: rerunfilecheck 2016/05/16 v1.8 Rerun checks for auxiliary files (HO)
Package uniquecounter Info: New unique counter `rerunfilecheck' on input line 2
82.
)
\Hy@SectionHShift=\skip54
)
("C:\Users\yogesh.kulkarni\AppData\Local\Programs\MiKTeX 2.9\tex/latex/enumitem
\enumitem.sty"
Package: enumitem 2019/06/20 v3.9 Customized lists
\labelindent=\skip55
\enit@outerparindent=\dimen148
\enit@toks=\toks30
\enit@inbox=\box58
\enit@count@id=\count138
\enitdp@description=\count139
)
("C:\Users\yogesh.kulkarni\AppData\Local\Programs\MiKTeX 2.9\tex/latex/base\tex
tcomp.sty"
Package: textcomp 2018/08/11 v2.0j Standard LaTeX package
Package textcomp Info: Sub-encoding information:
(textcomp)               5 = only ISO-Adobe without \textcurrency
(textcomp)               4 = 5 + \texteuro
(textcomp)               3 = 4 + \textohm
(textcomp)               2 = 3 + \textestimated + \textcurrency
(textcomp)               1 = TS1 - \textcircled - \t
(textcomp)               0 = TS1 (full)
(textcomp)             Font families with sub-encoding setting implement
(textcomp)             only a restricted character set as indicated.
(textcomp)             Family '?' is the default used for unknown fonts.
(textcomp)             See the documentation for details.
Package textcomp Info: Setting ? sub-encoding to TS1/1 on input line 79.

("C:\Users\yogesh.kulkarni\AppData\Local\Programs\MiKTeX 2.9\tex/latex/base\ts1
enc.def"
File: ts1enc.def 2001/06/05 v3.0e (jk/car/fm) Standard LaTeX file
Now handling font encoding TS1 ...
... processing UTF-8 mapping file for font encoding TS1

("C:\Users\yogesh.kulkarni\AppData\Local\Programs\MiKTeX 2.9\tex/latex/base\ts1
enc.dfu"
File: ts1enc.dfu 2018/10/05 v1.2f UTF-8 support for inputenc
   defining Unicode char U+00A2 (decimal 162)
   defining Unicode char U+00A3 (decimal 163)
   defining Unicode char U+00A4 (decimal 164)
   defining Unicode char U+00A5 (decimal 165)
   defining Unicode char U+00A6 (decimal 166)
   defining Unicode char U+00A7 (decimal 167)
   defining Unicode char U+00A8 (decimal 168)
   defining Unicode char U+00A9 (decimal 169)
   defining Unicode char U+00AA (decimal 170)
   defining Unicode char U+00AC (decimal 172)
   defining Unicode char U+00AE (decimal 174)
   defining Unicode char U+00AF (decimal 175)
   defining Unicode char U+00B0 (decimal 176)
   defining Unicode char U+00B1 (decimal 177)
   defining Unicode char U+00B2 (decimal 178)
   defining Unicode char U+00B3 (decimal 179)
   defining Unicode char U+00B4 (decimal 180)
   defining Unicode char U+00B5 (decimal 181)
   defining Unicode char U+00B6 (decimal 182)
   defining Unicode char U+00B7 (decimal 183)
   defining Unicode char U+00B9 (decimal 185)
   defining Unicode char U+00BA (decimal 186)
   defining Unicode char U+00BC (decimal 188)
   defining Unicode char U+00BD (decimal 189)
   defining Unicode char U+00BE (decimal 190)
   defining Unicode char U+00D7 (decimal 215)
   defining Unicode char U+00F7 (decimal 247)
   defining Unicode char U+0192 (decimal 402)
   defining Unicode char U+02C7 (decimal 711)
   defining Unicode char U+02D8 (decimal 728)
   defining Unicode char U+02DD (decimal 733)
   defining Unicode char U+0E3F (decimal 3647)
   defining Unicode char U+2016 (decimal 8214)
   defining Unicode char U+2020 (decimal 8224)
   defining Unicode char U+2021 (decimal 8225)
   defining Unicode char U+2022 (decimal 8226)
   defining Unicode char U+2030 (decimal 8240)
   defining Unicode char U+2031 (decimal 8241)
   defining Unicode char U+203B (decimal 8251)
   defining Unicode char U+203D (decimal 8253)
   defining Unicode char U+2044 (decimal 8260)
   defining Unicode char U+204E (decimal 8270)
   defining Unicode char U+2052 (decimal 8274)
   defining Unicode char U+20A1 (decimal 8353)
   defining Unicode char U+20A4 (decimal 8356)
   defining Unicode char U+20A6 (decimal 8358)
   defining Unicode char U+20A9 (decimal 8361)
   defining Unicode char U+20AB (decimal 8363)
   defining Unicode char U+20AC (decimal 8364)
   defining Unicode char U+20B1 (decimal 8369)
   defining Unicode char U+2103 (decimal 8451)
   defining Unicode char U+2116 (decimal 8470)
   defining Unicode char U+2117 (decimal 8471)
   defining Unicode char U+211E (decimal 8478)
   defining Unicode char U+2120 (decimal 8480)
   defining Unicode char U+2122 (decimal 8482)
   defining Unicode char U+2126 (decimal 8486)
   defining Unicode char U+2127 (decimal 8487)
   defining Unicode char U+212E (decimal 8494)
   defining Unicode char U+2190 (decimal 8592)
   defining Unicode char U+2191 (decimal 8593)
   defining Unicode char U+2192 (decimal 8594)
   defining Unicode char U+2193 (decimal 8595)
   defining Unicode char U+2329 (decimal 9001)
   defining Unicode char U+232A (decimal 9002)
   defining Unicode char U+2422 (decimal 9250)
   defining Unicode char U+25E6 (decimal 9702)
   defining Unicode char U+25EF (decimal 9711)
   defining Unicode char U+266A (decimal 9834)
   defining Unicode char U+FEFF (decimal 65279)
))
LaTeX Info: Redefining \oldstylenums on input line 334.
Package textcomp Info: Setting cmr sub-encoding to TS1/0 on input line 349.
Package textcomp Info: Setting cmss sub-encoding to TS1/0 on input line 350.
Package textcomp Info: Setting cmtt sub-encoding to TS1/0 on input line 351.
Package textcomp Info: Setting cmvtt sub-encoding to TS1/0 on input line 352.
Package textcomp Info: Setting cmbr sub-encoding to TS1/0 on input line 353.
Package textcomp Info: Setting cmtl sub-encoding to TS1/0 on input line 354.
Package textcomp Info: Setting ccr sub-encoding to TS1/0 on input line 355.
Package textcomp Info: Setting ptm sub-encoding to TS1/4 on input line 356.
Package textcomp Info: Setting pcr sub-encoding to TS1/4 on input line 357.
Package textcomp Info: Setting phv sub-encoding to TS1/4 on input line 358.
Package textcomp Info: Setting ppl sub-encoding to TS1/3 on input line 359.
Package textcomp Info: Setting pag sub-encoding to TS1/4 on input line 360.
Package textcomp Info: Setting pbk sub-encoding to TS1/4 on input line 361.
Package textcomp Info: Setting pnc sub-encoding to TS1/4 on input line 362.
Package textcomp Info: Setting pzc sub-encoding to TS1/4 on input line 363.
Package textcomp Info: Setting bch sub-encoding to TS1/4 on input line 364.
Package textcomp Info: Setting put sub-encoding to TS1/5 on input line 365.
Package textcomp Info: Setting uag sub-encoding to TS1/5 on input line 366.
Package textcomp Info: Setting ugq sub-encoding to TS1/5 on input line 367.
Package textcomp Info: Setting ul8 sub-encoding to TS1/4 on input line 368.
Package textcomp Info: Setting ul9 sub-encoding to TS1/4 on input line 369.
Package textcomp Info: Setting augie sub-encoding to TS1/5 on input line 370.
Package textcomp Info: Setting dayrom sub-encoding to TS1/3 on input line 371.
Package textcomp Info: Setting dayroms sub-encoding to TS1/3 on input line 372.

Package textcomp Info: Setting pxr sub-encoding to TS1/0 on input line 373.
Package textcomp Info: Setting pxss sub-encoding to TS1/0 on input line 374.
Package textcomp Info: Setting pxtt sub-encoding to TS1/0 on input line 375.
Package textcomp Info: Setting txr sub-encoding to TS1/0 on input line 376.
Package textcomp Info: Setting txss sub-encoding to TS1/0 on input line 377.
Package textcomp Info: Setting txtt sub-encoding to TS1/0 on input line 378.
Package textcomp Info: Setting lmr sub-encoding to TS1/0 on input line 379.
Package textcomp Info: Setting lmdh sub-encoding to TS1/0 on input line 380.
Package textcomp Info: Setting lmss sub-encoding to TS1/0 on input line 381.
Package textcomp Info: Setting lmssq sub-encoding to TS1/0 on input line 382.
Package textcomp Info: Setting lmvtt sub-encoding to TS1/0 on input line 383.
Package textcomp Info: Setting lmtt sub-encoding to TS1/0 on input line 384.
Package textcomp Info: Setting qhv sub-encoding to TS1/0 on input line 385.
Package textcomp Info: Setting qag sub-encoding to TS1/0 on input line 386.
Package textcomp Info: Setting qbk sub-encoding to TS1/0 on input line 387.
Package textcomp Info: Setting qcr sub-encoding to TS1/0 on input line 388.
Package textcomp Info: Setting qcs sub-encoding to TS1/0 on input line 389.
Package textcomp Info: Setting qpl sub-encoding to TS1/0 on input line 390.
Package textcomp Info: Setting qtm sub-encoding to TS1/0 on input line 391.
Package textcomp Info: Setting qzc sub-encoding to TS1/0 on input line 392.
Package textcomp Info: Setting qhvc sub-encoding to TS1/0 on input line 393.
Package textcomp Info: Setting futs sub-encoding to TS1/4 on input line 394.
Package textcomp Info: Setting futx sub-encoding to TS1/4 on input line 395.
Package textcomp Info: Setting futj sub-encoding to TS1/4 on input line 396.
Package textcomp Info: Setting hlh sub-encoding to TS1/3 on input line 397.
Package textcomp Info: Setting hls sub-encoding to TS1/3 on input line 398.
Package textcomp Info: Setting hlst sub-encoding to TS1/3 on input line 399.
Package textcomp Info: Setting hlct sub-encoding to TS1/5 on input line 400.
Package textcomp Info: Setting hlx sub-encoding to TS1/5 on input line 401.
Package textcomp Info: Setting hlce sub-encoding to TS1/5 on input line 402.
Package textcomp Info: Setting hlcn sub-encoding to TS1/5 on input line 403.
Package textcomp Info: Setting hlcw sub-encoding to TS1/5 on input line 404.
Package textcomp Info: Setting hlcf sub-encoding to TS1/5 on input line 405.
Package textcomp Info: Setting pplx sub-encoding to TS1/3 on input line 406.
Package textcomp Info: Setting pplj sub-encoding to TS1/3 on input line 407.
Package textcomp Info: Setting ptmx sub-encoding to TS1/4 on input line 408.
Package textcomp Info: Setting ptmj sub-encoding to TS1/4 on input line 409.
)
("C:\Users\yogesh.kulkarni\AppData\Local\Programs\MiKTeX 2.9\tex/latex/tools\ve
rbatim.sty"
Package: verbatim 2014/10/28 v1.5q LaTeX2e package for verbatim enhancements
\every@verbatim=\toks31
\verbatim@line=\toks32
\verbatim@in@stream=\read1
)
("C:\Users\yogesh.kulkarni\AppData\Local\Programs\MiKTeX 2.9\tex/latex/adjustbo
x\adjustbox.sty"
Package: adjustbox 2019/01/04 v1.2 Adjusting TeX boxes (trim, clip, ...)

("C:\Users\yogesh.kulkarni\AppData\Local\Programs\MiKTeX 2.9\tex/latex/xkeyval\
xkeyval.sty"
Package: xkeyval 2014/12/03 v2.7a package option processing (HA)

("C:\Users\yogesh.kulkarni\AppData\Local\Programs\MiKTeX 2.9\tex/generic/xkeyva
l\xkeyval.tex"
("C:\Users\yogesh.kulkarni\AppData\Local\Programs\MiKTeX 2.9\tex/generic/xkeyva
l\xkvutils.tex"
\XKV@toks=\toks33
\XKV@tempa@toks=\toks34
)
\XKV@depth=\count140
File: xkeyval.tex 2014/12/03 v2.7a key=value parser (HA)
))
("C:\Users\yogesh.kulkarni\AppData\Local\Programs\MiKTeX 2.9\tex/latex/adjustbo
x\adjcalc.sty"
Package: adjcalc 2012/05/16 v1.1 Provides advanced setlength with multiple back
-ends (calc, etex, pgfmath)
)
("C:\Users\yogesh.kulkarni\AppData\Local\Programs\MiKTeX 2.9\tex/latex/adjustbo
x\trimclip.sty"
Package: trimclip 2018/04/08 v1.1 Trim and clip general TeX material

("C:\Users\yogesh.kulkarni\AppData\Local\Programs\MiKTeX 2.9\tex/latex/graphics
\graphicx.sty"
Package: graphicx 2017/06/01 v1.1a Enhanced LaTeX Graphics (DPC,SPQR)

("C:\Users\yogesh.kulkarni\AppData\Local\Programs\MiKTeX 2.9\tex/latex/graphics
\graphics.sty"
Package: graphics 2017/06/25 v1.2c Standard LaTeX Graphics (DPC,SPQR)

("C:\Users\yogesh.kulkarni\AppData\Local\Programs\MiKTeX 2.9\tex/latex/graphics
\trig.sty"
Package: trig 2016/01/03 v1.10 sin cos tan (DPC)
)
("C:\Users\yogesh.kulkarni\AppData\Local\Programs\MiKTeX 2.9\tex/latex/graphics
-cfg\graphics.cfg"
File: graphics.cfg 2016/06/04 v1.11 sample graphics configuration
)
Package graphics Info: Driver file: pdftex.def on input line 99.
)
\Gin@req@height=\dimen149
\Gin@req@width=\dimen150
)
("C:\Users\yogesh.kulkarni\AppData\Local\Programs\MiKTeX 2.9\tex/latex/collectb
ox\collectbox.sty"
Package: collectbox 2012/05/17 v0.4b Collect macro arguments as boxes
\collectedbox=\box59
)
\tc@llx=\dimen151
\tc@lly=\dimen152
\tc@urx=\dimen153
\tc@ury=\dimen154
Package trimclip Info: Using driver 'tc-pdftex.def'.

("C:\Users\yogesh.kulkarni\AppData\Local\Programs\MiKTeX 2.9\tex/latex/adjustbo
x\tc-pdftex.def"
File: tc-pdftex.def 2019/01/04 v2.2 Clipping driver for pdftex
))
\adjbox@Width=\dimen155
\adjbox@Height=\dimen156
\adjbox@Depth=\dimen157
\adjbox@Totalheight=\dimen158
\adjbox@pwidth=\dimen159
\adjbox@pheight=\dimen160
\adjbox@pdepth=\dimen161
\adjbox@ptotalheight=\dimen162

("C:\Users\yogesh.kulkarni\AppData\Local\Programs\MiKTeX 2.9\tex/latex/ifoddpag
e\ifoddpage.sty"
Package: ifoddpage 2016/04/23 v1.1 Conditionals for odd/even page detection
\c@checkoddpage=\count141
)
("C:\Users\yogesh.kulkarni\AppData\Local\Programs\MiKTeX 2.9\tex/latex/varwidth
\varwidth.sty"
Package: varwidth 2009/03/30 ver 0.92;  Variable-width minipages
\@vwid@box=\box60
\sift@deathcycles=\count142
\@vwid@loff=\dimen163
\@vwid@roff=\dimen164
))
("C:\Users\yogesh.kulkarni\AppData\Local\Programs\MiKTeX 2.9\tex/latex/jknappen
\mathrsfs.sty"
Package: mathrsfs 1996/01/01 Math RSFS package v1.0 (jk)
\symrsfs=\mathgroup6
)
("C:\Users\yogesh.kulkarni\AppData\Local\Programs\MiKTeX 2.9\tex/latex/csvsimpl
e\csvsimple.sty"
Package: csvsimple 2019/04/09 version 1.21 LaTeX CSV file processing

("C:\Users\yogesh.kulkarni\AppData\Local\Programs\MiKTeX 2.9\tex/latex/pgf/util
ities\pgfrcs.sty"
("C:\Users\yogesh.kulkarni\AppData\Local\Programs\MiKTeX 2.9\tex/generic/pgf/ut
ilities\pgfutil-common.tex"
\pgfutil@everybye=\toks35
\pgfutil@tempdima=\dimen165
\pgfutil@tempdimb=\dimen166

("C:\Users\yogesh.kulkarni\AppData\Local\Programs\MiKTeX 2.9\tex/generic/pgf/ut
ilities\pgfutil-common-lists.tex"))
("C:\Users\yogesh.kulkarni\AppData\Local\Programs\MiKTeX 2.9\tex/generic/pgf/ut
ilities\pgfutil-latex.def"
\pgfutil@abb=\box61

("C:\Users\yogesh.kulkarni\AppData\Local\Programs\MiKTeX 2.9\tex/latex/ms\every
shi.sty"
Package: everyshi 2001/05/15 v3.00 EveryShipout Package (MS)
))
("C:\Users\yogesh.kulkarni\AppData\Local\Programs\MiKTeX 2.9\tex/generic/pgf/ut
ilities\pgfrcs.code.tex"
("C:\Users\yogesh.kulkarni\AppData\Local\Programs\MiKTeX 2.9\tex/generic/pgf\pg
f.revision.tex")
Package: pgfrcs 2019/08/03 v3.1.4b (3.1.4b)
))
("C:\Users\yogesh.kulkarni\AppData\Local\Programs\MiKTeX 2.9\tex/latex/pgf/util
ities\pgfkeys.sty"
("C:\Users\yogesh.kulkarni\AppData\Local\Programs\MiKTeX 2.9\tex/generic/pgf/ut
ilities\pgfkeys.code.tex"
\pgfkeys@pathtoks=\toks36
\pgfkeys@temptoks=\toks37

("C:\Users\yogesh.kulkarni\AppData\Local\Programs\MiKTeX 2.9\tex/generic/pgf/ut
ilities\pgfkeysfiltered.code.tex"
\pgfkeys@tmptoks=\toks38
)))
("C:\Users\yogesh.kulkarni\AppData\Local\Programs\MiKTeX 2.9\tex/latex/tools\sh
ellesc.sty"
Package: shellesc 2016/06/07 v0.02a unified shell escape interface for LaTeX
Package shellesc Info: Restricted shell escape enabled on input line 69.
)
\csv@file=\read2
\c@csvinputline=\count143
\c@csvrow=\count144
\c@csvcol=\count145
\csv@out=\write3
)
("C:\Users\yogesh.kulkarni\AppData\Local\Programs\MiKTeX 2.9\tex/latex/media9\m
edia9.sty"
("C:\Users\yogesh.kulkarni\AppData\Local\Programs\MiKTeX 2.9\tex/latex/l3kernel
\expl3.sty"
Package: expl3 2019-08-25 L3 programming layer (loader) 

("C:\Users\yogesh.kulkarni\AppData\Local\Programs\MiKTeX 2.9\tex/latex/l3kernel
\expl3-code.tex"
Package: expl3 2019-08-25 L3 programming layer (code)
\c_max_int=\count146
\l_tmpa_int=\count147
\l_tmpb_int=\count148
\g_tmpa_int=\count149
\g_tmpb_int=\count150
\g__kernel_prg_map_int=\count151
\c__ior_term_noprompt_ior=\count152
\c_log_iow=\count153
\l_iow_line_count_int=\count154
\l__iow_line_target_int=\count155
\l__iow_one_indent_int=\count156
\l__iow_indent_int=\count157
\c_zero_dim=\dimen167
\c_max_dim=\dimen168
\l_tmpa_dim=\dimen169
\l_tmpb_dim=\dimen170
\g_tmpa_dim=\dimen171
\g_tmpb_dim=\dimen172
\c_zero_skip=\skip56
\c_max_skip=\skip57
\l_tmpa_skip=\skip58
\l_tmpb_skip=\skip59
\g_tmpa_skip=\skip60
\g_tmpb_skip=\skip61
\c_zero_muskip=\muskip12
\c_max_muskip=\muskip13
\l_tmpa_muskip=\muskip14
\l_tmpb_muskip=\muskip15
\g_tmpa_muskip=\muskip16
\g_tmpb_muskip=\muskip17
\l_keys_choice_int=\count158
\l__intarray_loop_int=\count159
\c__intarray_sp_dim=\dimen173
\g__intarray_font_int=\count160
\c__fp_leading_shift_int=\count161
\c__fp_middle_shift_int=\count162
\c__fp_trailing_shift_int=\count163
\c__fp_big_leading_shift_int=\count164
\c__fp_big_middle_shift_int=\count165
\c__fp_big_trailing_shift_int=\count166
\c__fp_Bigg_leading_shift_int=\count167
\c__fp_Bigg_middle_shift_int=\count168
\c__fp_Bigg_trailing_shift_int=\count169
\c__kernel_randint_max_int=\count170
\g__fp_array_int=\count171
\l__fp_array_loop_int=\count172
\l__sort_length_int=\count173
\l__sort_min_int=\count174
\l__sort_top_int=\count175
\l__sort_max_int=\count176
\l__sort_true_max_int=\count177
\l__sort_block_int=\count178
\l__sort_begin_int=\count179
\l__sort_end_int=\count180
\l__sort_A_int=\count181
\l__sort_B_int=\count182
\l__sort_C_int=\count183
\l__str_internal_int=\count184
\c__str_replacement_char_int=\count185
\l__tl_analysis_normal_int=\count186
\l__tl_analysis_index_int=\count187
\l__tl_analysis_nesting_int=\count188
\l__tl_analysis_type_int=\count189
\l__regex_internal_a_int=\count190
\l__regex_internal_b_int=\count191
\l__regex_internal_c_int=\count192
\l__regex_balance_int=\count193
\l__regex_group_level_int=\count194
\l__regex_mode_int=\count195
\c__regex_cs_in_class_mode_int=\count196
\c__regex_cs_mode_int=\count197
\l__regex_catcodes_int=\count198
\l__regex_default_catcodes_int=\count199
\c__regex_catcode_D_int=\count266
\c__regex_catcode_S_int=\count267
\c__regex_catcode_L_int=\count268
\c__regex_catcode_O_int=\count269
\c__regex_catcode_A_int=\count270
\c__regex_all_catcodes_int=\count271
\l__regex_show_lines_int=\count272
\l__regex_min_state_int=\count273
\l__regex_max_state_int=\count274
\l__regex_left_state_int=\count275
\l__regex_right_state_int=\count276
\l__regex_capturing_group_int=\count277
\l__regex_min_pos_int=\count278
\l__regex_max_pos_int=\count279
\l__regex_curr_pos_int=\count280
\l__regex_start_pos_int=\count281
\l__regex_success_pos_int=\count282
\l__regex_curr_char_int=\count283
\l__regex_curr_catcode_int=\count284
\l__regex_last_char_int=\count285
\l__regex_case_changed_char_int=\count286
\l__regex_curr_state_int=\count287
\l__regex_step_int=\count288
\l__regex_min_active_int=\count289
\l__regex_max_active_int=\count290
\l__regex_replacement_csnames_int=\count291
\l__regex_match_count_int=\count292
\l__regex_min_submatch_int=\count293
\l__regex_submatch_int=\count294
\l__regex_zeroth_submatch_int=\count295
\g__regex_trace_regex_int=\count296
\c_empty_box=\box62
\l_tmpa_box=\box63
\l_tmpb_box=\box64
\g_tmpa_box=\box65
\g_tmpb_box=\box66
\l__box_top_dim=\dimen174
\l__box_bottom_dim=\dimen175
\l__box_left_dim=\dimen176
\l__box_right_dim=\dimen177
\l__box_top_new_dim=\dimen178
\l__box_bottom_new_dim=\dimen179
\l__box_left_new_dim=\dimen180
\l__box_right_new_dim=\dimen181
\l__box_internal_box=\box67
\l__coffin_internal_box=\box68
\l__coffin_internal_dim=\dimen182
\l__coffin_offset_x_dim=\dimen183
\l__coffin_offset_y_dim=\dimen184
\l__coffin_x_dim=\dimen185
\l__coffin_y_dim=\dimen186
\l__coffin_x_prime_dim=\dimen187
\l__coffin_y_prime_dim=\dimen188
\c_empty_coffin=\box69
\l__coffin_aligned_coffin=\box70
\l__coffin_aligned_internal_coffin=\box71
\l_tmpa_coffin=\box72
\l_tmpb_coffin=\box73
\g_tmpa_coffin=\box74
\g_tmpb_coffin=\box75
\l__coffin_bounding_shift_dim=\dimen189
\l__coffin_left_corner_dim=\dimen190
\l__coffin_right_corner_dim=\dimen191
\l__coffin_bottom_corner_dim=\dimen192
\l__coffin_top_corner_dim=\dimen193
\l__coffin_scaled_total_height_dim=\dimen194
\l__coffin_scaled_width_dim=\dimen195
\c__coffin_empty_coffin=\box76
\l__coffin_display_coffin=\box77
\l__coffin_display_coord_coffin=\box78
\l__coffin_display_pole_coffin=\box79
\l__coffin_display_offset_dim=\dimen196
\l__coffin_display_x_dim=\dimen197
\l__coffin_display_y_dim=\dimen198
\g__file_internal_ior=\read3
\l__seq_internal_a_int=\count297
\l__seq_internal_b_int=\count298
)
("C:\Users\yogesh.kulkarni\AppData\Local\Programs\MiKTeX 2.9\tex/latex/l3backen
d\l3backend-pdfmode.def"
File: l3backend-pdfmode.def 2019-04-06 v L3 Experimental backend support: PDF m
ode
\l__kernel_color_stack_int=\count299
\l__pdf_internal_box=\box80
))
("C:\Users\yogesh.kulkarni\AppData\Local\Programs\MiKTeX 2.9\tex/latex/l3packag
es/l3keys2e\l3keys2e.sty"
Package: l3keys2e 2019-05-28 LaTeX2e option processing using LaTeX3 keys
)
("C:\Users\yogesh.kulkarni\AppData\Local\Programs\MiKTeX 2.9\tex/latex/l3packag
es/xparse\xparse.sty"
Package: xparse 2019-05-28 L3 Experimental document command parser
\l__xparse_current_arg_int=\count300
\g__xparse_grabber_int=\count301
\l__xparse_m_args_int=\count302
\l__xparse_v_nesting_int=\count303
)
Package: media9 2019/07/11 v1.02 acrobat-9/X compatible media
\g_mix_pkgresizeflag_int=\count304

("C:\Users\yogesh.kulkarni\AppData\Local\Programs\MiKTeX 2.9\tex/latex/media9\p
dfbase.sty"
Package: pdfbase 2019/07/11 v0.33 driver independent access to low-level PDF fe
atures
\g_pbs_page_int=\count305
\g_pbs_oc_int=\count306
)
("C:\Users\yogesh.kulkarni\AppData\Local\Programs\MiKTeX 2.9\tex/latex/ocgx2\oc
gbase.sty"
Package: ocgbase 2019/07/04 v0.16 support package for ocgx2.sty
\g_ocgbase_nd_int=\count307
)
\l_mix_poster_box=\box81
\g_mix_wd_dim=\dimen199
\g_mix_ht_dim=\dimen256
\g_mix_dp_dim=\dimen257
\g_mix_rmcnt_int=\count308
\l_mix_viewcnt_int=\count309
\g@mix@page@int=\count310
\g_mix_resizeflag_int=\count311
\l_mix_lineno_int=\count312
\l_mix_pbtn_box=\box82
\mix@btn@dim=\dimen258
\g_mix_mbtncnt_int=\count313
)
("C:\Users\yogesh.kulkarni\AppData\Local\Programs\MiKTeX 2.9\tex/latex/beamer\m
ultimedia.sty"
Package: multimedia 2012/05/02 ver 0.02
\mm@movie=\count314
)
("C:\Users\yogesh.kulkarni\AppData\Local\Programs\MiKTeX 2.9\tex/latex/makecell
\makecell.sty"
Package: makecell 2009/08/03 V0.1e Managing of Tab Column Heads and Cells

("C:\Users\yogesh.kulkarni\AppData\Local\Programs\MiKTeX 2.9\tex/latex/tools\ar
ray.sty"
Package: array 2018/12/30 v2.4k Tabular extension package (FMi)
\col@sep=\dimen259
\ar@mcellbox=\box83
\extrarowheight=\dimen260
\NC@list=\toks39
\extratabsurround=\skip62
\backup@length=\skip63
\ar@cellbox=\box84
)
\rotheadsize=\dimen261
\c@nlinenum=\count315
\TeXr@lab=\toks40
)
("C:\Users\yogesh.kulkarni\AppData\Local\Programs\MiKTeX 2.9\tex/latex/listings
\listings.sty"
\lst@mode=\count316
\lst@gtempboxa=\box85
\lst@token=\toks41
\lst@length=\count317
\lst@currlwidth=\dimen262
\lst@column=\count318
\lst@pos=\count319
\lst@lostspace=\dimen263
\lst@width=\dimen264
\lst@newlines=\count320
\lst@lineno=\count321
\lst@maxwidth=\dimen265

("C:\Users\yogesh.kulkarni\AppData\Local\Programs\MiKTeX 2.9\tex/latex/listings
\lstmisc.sty"
File: lstmisc.sty 2019/02/27 1.8b (Carsten Heinz)
\c@lstnumber=\count322
\lst@skipnumbers=\count323
\lst@framebox=\box86
)
("C:\Users\yogesh.kulkarni\AppData\Local\Programs\MiKTeX 2.9\tex/latex/listings
\listings.cfg"
File: listings.cfg 2019/02/27 1.8b listings configuration
))
Package: listings 2019/02/27 1.8b (Carsten Heinz)

("C:\Users\yogesh.kulkarni\AppData\Local\Programs\MiKTeX 2.9\tex/latex/listings
\lstlang1.sty"
File: lstlang1.sty 2019/02/27 1.8b listings language file
)
Package hyperref Info: Option `colorlinks' set `true' on input line 118.
)

LaTeX Warning: Unused global option(s):
    [9pt,portrait].

No file Main_Seminar_MidcurveNN_CheatSheet.aux.
\openout1 = `Main_Seminar_MidcurveNN_CheatSheet.aux'.

LaTeX Font Info:    Checking defaults for OML/cmm/m/it on input line 3.
LaTeX Font Info:    ... okay on input line 3.
LaTeX Font Info:    Checking defaults for T1/cmr/m/n on input line 3.
LaTeX Font Info:    ... okay on input line 3.
LaTeX Font Info:    Checking defaults for OT1/cmr/m/n on input line 3.
LaTeX Font Info:    ... okay on input line 3.
LaTeX Font Info:    Checking defaults for OMS/cmsy/m/n on input line 3.
LaTeX Font Info:    ... okay on input line 3.
LaTeX Font Info:    Checking defaults for OMX/cmex/m/n on input line 3.
LaTeX Font Info:    ... okay on input line 3.
LaTeX Font Info:    Checking defaults for U/cmr/m/n on input line 3.
LaTeX Font Info:    ... okay on input line 3.
LaTeX Font Info:    Checking defaults for PD1/pdf/m/n on input line 3.
LaTeX Font Info:    ... okay on input line 3.
LaTeX Font Info:    Checking defaults for TS1/cmr/m/n on input line 3.
LaTeX Font Info:    Try loading font information for TS1+cmr on input line 3.

("C:\Users\yogesh.kulkarni\AppData\Local\Programs\MiKTeX 2.9\tex/latex/base\ts1
cmr.fd"
File: ts1cmr.fd 2014/09/29 v2.5h Standard LaTeX font definitions
)
LaTeX Font Info:    ... okay on input line 3.

("C:\Users\yogesh.kulkarni\AppData\Local\Programs\MiKTeX 2.9\tex/context/base/m
kii\supp-pdf.mkii"
[Loading MPS to PDF converter (version 2006.09.02).]
\scratchcounter=\count324
\scratchdimen=\dimen266
\scratchbox=\box87
\nofMPsegments=\count325
\nofMParguments=\count326
\everyMPshowfont=\toks42
\MPscratchCnt=\count327
\MPscratchDim=\dimen267
\MPnumerator=\count328
\makeMPintoPDFobject=\count329
\everyMPtoPDFconversion=\toks43
)
("C:\Users\yogesh.kulkarni\AppData\Local\Programs\MiKTeX 2.9\tex/latex/oberdiek
\epstopdf-base.sty"
Package: epstopdf-base 2016/05/15 v2.6 Base part for package epstopdf

("C:\Users\yogesh.kulkarni\AppData\Local\Programs\MiKTeX 2.9\tex/latex/oberdiek
\grfext.sty"
Package: grfext 2016/05/16 v1.2 Manage graphics extensions (HO)
)
Package epstopdf-base Info: Redefining graphics rule for `.eps' on input line 4
38.
Package grfext Info: Graphics extension search list:
(grfext)             [.pdf,.png,.jpg,.mps,.jpeg,.jbig2,.jb2,.PDF,.PNG,.JPG,.JPE
G,.JBIG2,.JB2,.eps]
(grfext)             \AppendGraphicsExtensions on input line 456.
)
("C:\Users\yogesh.kulkarni\AppData\Local\Programs\MiKTeX 2.9\tex/latex/translat
or\translator-basic-dictionary-English.dict"
Dictionary: translator-basic-dictionary, Language: English 
)
("C:\Users\yogesh.kulkarni\AppData\Local\Programs\MiKTeX 2.9\tex/latex/translat
or\translator-bibliography-dictionary-English.dict"
Dictionary: translator-bibliography-dictionary, Language: English 
)
("C:\Users\yogesh.kulkarni\AppData\Local\Programs\MiKTeX 2.9\tex/latex/translat
or\translator-environment-dictionary-English.dict"
Dictionary: translator-environment-dictionary, Language: English 
)
("C:\Users\yogesh.kulkarni\AppData\Local\Programs\MiKTeX 2.9\tex/latex/translat
or\translator-months-dictionary-English.dict"
Dictionary: translator-months-dictionary, Language: English 
)
("C:\Users\yogesh.kulkarni\AppData\Local\Programs\MiKTeX 2.9\tex/latex/translat
or\translator-numbers-dictionary-English.dict"
Dictionary: translator-numbers-dictionary, Language: English 
)
("C:\Users\yogesh.kulkarni\AppData\Local\Programs\MiKTeX 2.9\tex/latex/translat
or\translator-theorem-dictionary-English.dict"
Dictionary: translator-theorem-dictionary, Language: English 
)
*geometry* driver: auto-detecting
*geometry* detected driver: pdftex
*geometry* verbose mode - [ preamble ] result:
* driver: pdftex
* paper: <default>
* layout: <same size as paper>
* layoutoffset:(h,v)=(0.0pt,0.0pt)
* modes: 
* h-part:(L,W,R)=(18.06749pt, 578.16002pt, 18.06749pt)
* v-part:(T,H,B)=(14.45377pt, 744.38123pt, 36.135pt)
* \paperwidth=614.295pt
* \paperheight=794.96999pt
* \textwidth=578.16002pt
* \textheight=744.38123pt
* \oddsidemargin=-54.2025pt
* \evensidemargin=-54.2025pt
* \topmargin=-94.81622pt
* \headheight=12.0pt
* \headsep=25.0pt
* \topskip=10.0pt
* \footskip=30.0pt
* \marginparwidth=65.0pt
* \marginparsep=11.0pt
* \columnsep=30.0pt
* \skip\footins=9.0pt plus 4.0pt minus 2.0pt
* \hoffset=0.0pt
* \voffset=0.0pt
* \mag=1000
* \@twocolumnfalse
* \@twosidefalse
* \@mparswitchfalse
* \@reversemarginfalse
* (1in=72.27pt=25.4mm, 1cm=28.453pt)

\AtBeginShipoutBox=\box88
Package hyperref Info: Link coloring ON on input line 3.

("C:\Users\yogesh.kulkarni\AppData\Local\Programs\MiKTeX 2.9\tex/latex/hyperref
\nameref.sty"
Package: nameref 2016/05/21 v2.44 Cross-referencing by name of section

("C:\Users\yogesh.kulkarni\AppData\Local\Programs\MiKTeX 2.9\tex/generic/oberdi
ek\gettitlestring.sty"
Package: gettitlestring 2016/05/16 v1.5 Cleanup title references (HO)
)
\c@section@level=\count330
)
LaTeX Info: Redefining \ref on input line 3.
LaTeX Info: Redefining \pageref on input line 3.
LaTeX Info: Redefining \nameref on input line 3.
\@outlinefile=\write4
\openout4 = `Main_Seminar_MidcurveNN_CheatSheet.out'.

 ABD: EveryShipout initializing macros
\c@lstlisting=\count331

(C:/YogeshKulkarni/Training/TeachingDataScience/LaTeX\midcurvenn_seminar_conten
t.tex
(C:/YogeshKulkarni/Training/TeachingDataScience/LaTeX\midcurvenn_intro.tex
<images/midcurve1.png, id=4, 529.98pt x 367.6134pt>
File: images/midcurve1.png Graphic file (type png)
<use images/midcurve1.png>
Package pdftex.def Info: images/midcurve1.png  used on input line 18.
(pdftex.def)             Requested size: 246.67032pt x 171.10112pt.
LaTeX Font Info:    Try loading font information for U+msa on input line 28.

("C:\Users\yogesh.kulkarni\AppData\Local\Programs\MiKTeX 2.9\tex/latex/amsfonts
\umsa.fd"
File: umsa.fd 2013/01/14 v3.01 AMS symbols A
)
LaTeX Font Info:    Try loading font information for U+msb on input line 28.

("C:\Users\yogesh.kulkarni\AppData\Local\Programs\MiKTeX 2.9\tex/latex/amsfonts
\umsb.fd"
File: umsb.fd 2013/01/14 v3.01 AMS symbols B
)
LaTeX Font Info:    Try loading font information for U+rsfs on input line 28.

("C:\Users\yogesh.kulkarni\AppData\Local\Programs\MiKTeX 2.9\tex/latex/jknappen
\ursfs.fd"
File: ursfs.fd 1998/03/24 rsfs font definition file (jk)
)
<images/midcurve2.png, id=6, 578.16pt x 115.87091pt>
File: images/midcurve2.png Graphic file (type png)
<use images/midcurve2.png>
Package pdftex.def Info: images/midcurve2.png  used on input line 32.
(pdftex.def)             Requested size: 246.67032pt x 49.43454pt.
<images/midcurve3.png, id=7, 578.16pt x 325.215pt>
File: images/midcurve3.png Graphic file (type png)
<use images/midcurve3.png>
Package pdftex.def Info: images/midcurve3.png  used on input line 40.
(pdftex.def)             Requested size: 246.67032pt x 138.748pt.
<images/midcurve4.png, id=8, 653.3208pt x 212.4738pt>
File: images/midcurve4.png Graphic file (type png)
<use images/midcurve4.png>
Package pdftex.def Info: images/midcurve4.png  used on input line 47.
(pdftex.def)             Requested size: 246.67032pt x 80.22214pt.
<images/midcurve5.png, id=9, 488.0634pt x 222.1098pt>
File: images/midcurve5.png Graphic file (type png)
<use images/midcurve5.png>
Package pdftex.def Info: images/midcurve5.png  used on input line 55.
(pdftex.def)             Requested size: 246.67032pt x 112.25775pt.
<images/midcurve6.png, id=10, 375.20175pt x 216.81pt>
File: images/midcurve6.png Graphic file (type png)
<use images/midcurve6.png>
Package pdftex.def Info: images/midcurve6.png  used on input line 73.
(pdftex.def)             Requested size: 164.44966pt x 95.02946pt.
<images/midcurve7.png, id=11, 635.75015pt x 289.08pt>
File: images/midcurve7.png Graphic file (type png)
<use images/midcurve7.png>
Package pdftex.def Info: images/midcurve7.png  used on input line 80.
(pdftex.def)             Requested size: 246.67032pt x 112.1629pt.
<images/midcurve8.png, id=12, 578.16pt x 325.215pt>
File: images/midcurve8.png Graphic file (type png)
<use images/midcurve8.png>
Package pdftex.def Info: images/midcurve8.png  used on input line 97.
(pdftex.def)             Requested size: 246.67032pt x 138.748pt.
<images/midcurve9.png, id=13, 578.16pt x 325.215pt>
File: images/midcurve9.png Graphic file (type png)
<use images/midcurve9.png>
Package pdftex.def Info: images/midcurve9.png  used on input line 104.
(pdftex.def)             Requested size: 246.67032pt x 138.748pt.
 [1

{C:/Users/yogesh.kulkarni/AppData/Local/MiKTeX/2.9/pdftex/config/pdftex.map} <C
:/YogeshKulkarni/Training/TeachingDataScience/LaTeX/images/midcurve1.png> <C:/Y
ogeshKulkarni/Training/TeachingDataScience/LaTeX/images/midcurve2.png> <C:/Yoge
shKulkarni/Training/TeachingDataScience/LaTeX/images/midcurve3.png> <C:/YogeshK
ulkarni/Training/TeachingDataScience/LaTeX/images/midcurve4.png> <C:/YogeshKulk
arni/Training/TeachingDataScience/LaTeX/images/midcurve5.png> <C:/YogeshKulkarn
i/Training/TeachingDataScience/LaTeX/images/midcurve6.png> <C:/YogeshKulkarni/T
raining/TeachingDataScience/LaTeX/images/midcurve7.png>]
<images/midcurve10.png, id=55, 578.16pt x 359.24506pt>
File: images/midcurve10.png Graphic file (type png)
<use images/midcurve10.png>
Package pdftex.def Info: images/midcurve10.png  used on input line 111.
(pdftex.def)             Requested size: 246.67032pt x 153.2664pt.
File: images/midcurve5.png Graphic file (type png)
<use images/midcurve5.png>
Package pdftex.def Info: images/midcurve5.png  used on input line 118.
(pdftex.def)             Requested size: 164.44966pt x 74.8385pt.
<images/midcurve12.jpg, id=56, 513.117pt x 158.994pt>
File: images/midcurve12.jpg Graphic file (type jpg)
<use images/midcurve12.jpg>
Package pdftex.def Info: images/midcurve12.jpg  used on input line 136.
(pdftex.def)             Requested size: 164.44966pt x 50.95674pt.
<images/midcurve13.jpg, id=57, 367.3725pt x 154.32657pt>
File: images/midcurve13.jpg Graphic file (type jpg)
<use images/midcurve13.jpg>
Package pdftex.def Info: images/midcurve13.jpg  used on input line 148.
(pdftex.def)             Requested size: 164.44966pt x 69.08365pt.
<images/midcurve14.jpg, id=58, 572.80667pt x 90.11444pt>
File: images/midcurve14.jpg Graphic file (type jpg)
<use images/midcurve14.jpg>
Package pdftex.def Info: images/midcurve14.jpg  used on input line 161.
(pdftex.def)             Requested size: 246.67032pt x 38.80618pt.
<images/midcurve15.png, id=59, 665.8476pt x 313.17pt>
File: images/midcurve15.png Graphic file (type png)
<use images/midcurve15.png>
Package pdftex.def Info: images/midcurve15.png  used on input line 168.
(pdftex.def)             Requested size: 246.67032pt x 116.01443pt.
<images/midcurve16.png, id=60, 661.9932pt x 415.7934pt>
File: images/midcurve16.png Graphic file (type png)
<use images/midcurve16.png>
Package pdftex.def Info: images/midcurve16.png  used on input line 175.
(pdftex.def)             Requested size: 246.67032pt x 154.93239pt.


! LaTeX Error: File `midcurve17' not found.

See the LaTeX manual or LaTeX Companion for explanation.
Type  H <return>  for immediate help.
 ...                                              
                                                  
l.188 ....4\linewidth,keepaspectratio]{midcurve17}
                                                  
? 
! Emergency stop.
 ...                                              
                                                  
l.188 ....4\linewidth,keepaspectratio]{midcurve17}
                                                  
I could not locate the file with any of these extensions:
.pdf,.png,.jpg,.mps,.jpeg,.jbig2,.jb2,.PDF,.PNG,.JPG,.JPEG,.JBIG2,.JB2,.eps
Try typing  <return>  to proceed.
If that doesn't work, type  X <return>  to quit.

 
Here is how much of TeX's memory you used:
 24551 strings out of 492895
 450878 string characters out of 3119066
 696161 words of memory out of 3000000
 28058 multiletter control sequences out of 15000+200000
 538783 words of font info for 49 fonts, out of 3000000 for 9000
 1141 hyphenation exceptions out of 8191
 58i,6n,95p,882b,624s stack positions out of 5000i,500n,10000p,200000b,50000s
!  ==> Fatal error occurred, no output PDF file produced!
