This is pdfTeX, Version 3.14159265-2.6-1.40.20 (MiKTeX 2.9.7050 64-bit) (preloaded format=pdflatex 2019.7.11)  5 OCT 2019 09:48
entering extended mode
**./Main_Workshop_Chatbot_Presentation.tex
(Main_Workshop_Chatbot_Presentation.tex
LaTeX2e <2018-12-01>

("C:\Users\yogesh.kulkarni\AppData\Local\Programs\MiKTeX 2.9\tex/latex/beamer\b
eamer.cls"
Document Class: beamer 2018/12/02 v3.55 A class for typesetting presentations

("C:\Users\yogesh.kulkarni\AppData\Local\Programs\MiKTeX 2.9\tex/latex/beamer\b
eamerbasemodes.sty"
("C:\Users\yogesh.kulkarni\AppData\Local\Programs\MiKTeX 2.9\tex/latex/etoolbox
\etoolbox.sty"
Package: etoolbox 2018/08/19 v2.5f e-TeX tools for LaTeX (JAW)
\etb@tempcnta=\count80
)
\beamer@tempbox=\box27
\beamer@tempcount=\count81
\c@beamerpauses=\count82

("C:\Users\yogesh.kulkarni\AppData\Local\Programs\MiKTeX 2.9\tex/latex/beamer\b
eamerbasedecode.sty"
\beamer@slideinframe=\count83
\beamer@minimum=\count84
)
\beamer@commentbox=\box28
\beamer@modecount=\count85
)
("C:\Users\yogesh.kulkarni\AppData\Local\Programs\MiKTeX 2.9\tex/generic/oberdi
ek\ifpdf.sty"
Package: ifpdf 2018/09/07 v3.3 Provides the ifpdf switch
)
\headdp=\dimen102
\footheight=\dimen103
\sidebarheight=\dimen104
\beamer@tempdim=\dimen105
\beamer@finalheight=\dimen106
\beamer@animht=\dimen107
\beamer@animdp=\dimen108
\beamer@animwd=\dimen109
\beamer@leftmargin=\dimen110
\beamer@rightmargin=\dimen111
\beamer@leftsidebar=\dimen112
\beamer@rightsidebar=\dimen113
\beamer@boxsize=\dimen114
\beamer@vboxoffset=\dimen115
\beamer@descdefault=\dimen116
\beamer@descriptionwidth=\dimen117
\beamer@lastskip=\skip41
\beamer@areabox=\box29
\beamer@animcurrent=\box30
\beamer@animshowbox=\box31
\beamer@sectionbox=\box32
\beamer@logobox=\box33
\beamer@linebox=\box34
\beamer@sectioncount=\count86
\beamer@subsubsectionmax=\count87
\beamer@subsectionmax=\count88
\beamer@sectionmax=\count89
\beamer@totalheads=\count90
\beamer@headcounter=\count91
\beamer@partstartpage=\count92
\beamer@sectionstartpage=\count93
\beamer@subsectionstartpage=\count94
\beamer@animationtempa=\count95
\beamer@animationtempb=\count96
\beamer@xpos=\count97
\beamer@ypos=\count98
\beamer@ypos@offset=\count99
\beamer@showpartnumber=\count100
\beamer@currentsubsection=\count101
\beamer@coveringdepth=\count102
\beamer@sectionadjust=\count103
\beamer@tocsectionnumber=\count104

("C:\Users\yogesh.kulkarni\AppData\Local\Programs\MiKTeX 2.9\tex/latex/beamer\b
eamerbaseoptions.sty"
("C:\Users\yogesh.kulkarni\AppData\Local\Programs\MiKTeX 2.9\tex/latex/graphics
\keyval.sty"
Package: keyval 2014/10/28 v1.15 key=value parser (DPC)
\KV@toks@=\toks14
))
\beamer@paperwidth=\skip42
\beamer@paperheight=\skip43

("C:\Users\yogesh.kulkarni\AppData\Local\Programs\MiKTeX 2.9\tex/latex/geometry
\geometry.sty"
Package: geometry 2018/04/16 v5.8 Page Geometry

("C:\Users\yogesh.kulkarni\AppData\Local\Programs\MiKTeX 2.9\tex/generic/oberdi
ek\ifvtex.sty"
Package: ifvtex 2016/05/16 v1.6 Detect VTeX and its facilities (HO)
Package ifvtex Info: VTeX not detected.
)
("C:\Users\yogesh.kulkarni\AppData\Local\Programs\MiKTeX 2.9\tex/generic/ifxete
x\ifxetex.sty"
Package: ifxetex 2010/09/12 v0.6 Provides ifxetex conditional
)
\Gm@cnth=\count105
\Gm@cntv=\count106
\c@Gm@tempcnt=\count107
\Gm@bindingoffset=\dimen118
\Gm@wd@mp=\dimen119
\Gm@odd@mp=\dimen120
\Gm@even@mp=\dimen121
\Gm@layoutwidth=\dimen122
\Gm@layoutheight=\dimen123
\Gm@layouthoffset=\dimen124
\Gm@layoutvoffset=\dimen125
\Gm@dimlist=\toks15

("C:\Users\yogesh.kulkarni\AppData\Local\Programs\MiKTeX 2.9\tex/latex/geometry
\geometry.cfg"))
("C:\Users\yogesh.kulkarni\AppData\Local\Programs\MiKTeX 2.9\tex/latex/extsizes
\size9.clo"
File: size9.clo 1999/11/11 v1.4a NON-Standard LaTeX file (size option)
)
("C:\Users\yogesh.kulkarni\AppData\Local\Programs\MiKTeX 2.9\tex/latex/pgf/basi
clayer\pgfcore.sty"
("C:\Users\yogesh.kulkarni\AppData\Local\Programs\MiKTeX 2.9\tex/latex/graphics
\graphicx.sty"
Package: graphicx 2017/06/01 v1.1a Enhanced LaTeX Graphics (DPC,SPQR)

("C:\Users\yogesh.kulkarni\AppData\Local\Programs\MiKTeX 2.9\tex/latex/graphics
\graphics.sty"
Package: graphics 2017/06/25 v1.2c Standard LaTeX Graphics (DPC,SPQR)

("C:\Users\yogesh.kulkarni\AppData\Local\Programs\MiKTeX 2.9\tex/latex/graphics
\trig.sty"
Package: trig 2016/01/03 v1.10 sin cos tan (DPC)
)
("C:\Users\yogesh.kulkarni\AppData\Local\Programs\MiKTeX 2.9\tex/latex/graphics
-cfg\graphics.cfg"
File: graphics.cfg 2016/06/04 v1.11 sample graphics configuration
)
Package graphics Info: Driver file: pdftex.def on input line 99.

("C:\Users\yogesh.kulkarni\AppData\Local\Programs\MiKTeX 2.9\tex/latex/graphics
-def\pdftex.def"
File: pdftex.def 2018/01/08 v1.0l Graphics/color driver for pdftex
))
\Gin@req@height=\dimen126
\Gin@req@width=\dimen127
)
("C:\Users\yogesh.kulkarni\AppData\Local\Programs\MiKTeX 2.9\tex/latex/pgf/syst
emlayer\pgfsys.sty"
("C:\Users\yogesh.kulkarni\AppData\Local\Programs\MiKTeX 2.9\tex/latex/pgf/util
ities\pgfrcs.sty"
("C:\Users\yogesh.kulkarni\AppData\Local\Programs\MiKTeX 2.9\tex/generic/pgf/ut
ilities\pgfutil-common.tex"
\pgfutil@everybye=\toks16
\pgfutil@tempdima=\dimen128
\pgfutil@tempdimb=\dimen129

("C:\Users\yogesh.kulkarni\AppData\Local\Programs\MiKTeX 2.9\tex/generic/pgf/ut
ilities\pgfutil-common-lists.tex"))
("C:\Users\yogesh.kulkarni\AppData\Local\Programs\MiKTeX 2.9\tex/generic/pgf/ut
ilities\pgfutil-latex.def"
\pgfutil@abb=\box35

("C:\Users\yogesh.kulkarni\AppData\Local\Programs\MiKTeX 2.9\tex/latex/ms\every
shi.sty"
Package: everyshi 2001/05/15 v3.00 EveryShipout Package (MS)
))
("C:\Users\yogesh.kulkarni\AppData\Local\Programs\MiKTeX 2.9\tex/generic/pgf/ut
ilities\pgfrcs.code.tex"
("C:\Users\yogesh.kulkarni\AppData\Local\Programs\MiKTeX 2.9\tex/generic/pgf\pg
f.revision.tex")
Package: pgfrcs 2019/05/09 v3.1.3 (3.1.3)
))
("C:\Users\yogesh.kulkarni\AppData\Local\Programs\MiKTeX 2.9\tex/generic/pgf/sy
stemlayer\pgfsys.code.tex"
Package: pgfsys 2019/05/09 v3.1.3 (3.1.3)

("C:\Users\yogesh.kulkarni\AppData\Local\Programs\MiKTeX 2.9\tex/generic/pgf/ut
ilities\pgfkeys.code.tex"
\pgfkeys@pathtoks=\toks17
\pgfkeys@temptoks=\toks18

("C:\Users\yogesh.kulkarni\AppData\Local\Programs\MiKTeX 2.9\tex/generic/pgf/ut
ilities\pgfkeysfiltered.code.tex"
\pgfkeys@tmptoks=\toks19
))
\pgf@x=\dimen130
\pgf@y=\dimen131
\pgf@xa=\dimen132
\pgf@ya=\dimen133
\pgf@xb=\dimen134
\pgf@yb=\dimen135
\pgf@xc=\dimen136
\pgf@yc=\dimen137
\pgf@xd=\dimen138
\pgf@yd=\dimen139
\w@pgf@writea=\write3
\r@pgf@reada=\read1
\c@pgf@counta=\count108
\c@pgf@countb=\count109
\c@pgf@countc=\count110
\c@pgf@countd=\count111
\t@pgf@toka=\toks20
\t@pgf@tokb=\toks21
\t@pgf@tokc=\toks22
\pgf@sys@id@count=\count112

("C:\Users\yogesh.kulkarni\AppData\Local\Programs\MiKTeX 2.9\tex/generic/pgf/sy
stemlayer\pgf.cfg"
File: pgf.cfg 2019/05/09 v3.1.3 (3.1.3)
)
Driver file for pgf: pgfsys-pdftex.def

("C:\Users\yogesh.kulkarni\AppData\Local\Programs\MiKTeX 2.9\tex/generic/pgf/sy
stemlayer\pgfsys-pdftex.def"
File: pgfsys-pdftex.def 2019/05/09 v3.1.3 (3.1.3)

("C:\Users\yogesh.kulkarni\AppData\Local\Programs\MiKTeX 2.9\tex/generic/pgf/sy
stemlayer\pgfsys-common-pdf.def"
File: pgfsys-common-pdf.def 2019/05/09 v3.1.3 (3.1.3)
)))
("C:\Users\yogesh.kulkarni\AppData\Local\Programs\MiKTeX 2.9\tex/generic/pgf/sy
stemlayer\pgfsyssoftpath.code.tex"
File: pgfsyssoftpath.code.tex 2019/05/09 v3.1.3 (3.1.3)
\pgfsyssoftpath@smallbuffer@items=\count113
\pgfsyssoftpath@bigbuffer@items=\count114
)
("C:\Users\yogesh.kulkarni\AppData\Local\Programs\MiKTeX 2.9\tex/generic/pgf/sy
stemlayer\pgfsysprotocol.code.tex"
File: pgfsysprotocol.code.tex 2019/05/09 v3.1.3 (3.1.3)
))
("C:\Users\yogesh.kulkarni\AppData\Local\Programs\MiKTeX 2.9\tex/latex/xcolor\x
color.sty"
Package: xcolor 2016/05/11 v2.12 LaTeX color extensions (UK)

("C:\Users\yogesh.kulkarni\AppData\Local\Programs\MiKTeX 2.9\tex/latex/graphics
-cfg\color.cfg"
File: color.cfg 2016/01/02 v1.6 sample color configuration
)
Package xcolor Info: Driver file: pdftex.def on input line 225.
Package xcolor Info: Model `cmy' substituted by `cmy0' on input line 1348.
Package xcolor Info: Model `hsb' substituted by `rgb' on input line 1352.
Package xcolor Info: Model `RGB' extended on input line 1364.
Package xcolor Info: Model `HTML' substituted by `rgb' on input line 1366.
Package xcolor Info: Model `Hsb' substituted by `hsb' on input line 1367.
Package xcolor Info: Model `tHsb' substituted by `hsb' on input line 1368.
Package xcolor Info: Model `HSB' substituted by `hsb' on input line 1369.
Package xcolor Info: Model `Gray' substituted by `gray' on input line 1370.
Package xcolor Info: Model `wave' substituted by `hsb' on input line 1371.

("C:\Users\yogesh.kulkarni\AppData\Local\Programs\MiKTeX 2.9\tex/latex/graphics
\dvipsnam.def"
File: dvipsnam.def 2016/06/17 v3.0m Driver-dependent file (DPC,SPQR)
))
("C:\Users\yogesh.kulkarni\AppData\Local\Programs\MiKTeX 2.9\tex/generic/pgf/ba
siclayer\pgfcore.code.tex"
Package: pgfcore 2019/05/09 v3.1.3 (3.1.3)

("C:\Users\yogesh.kulkarni\AppData\Local\Programs\MiKTeX 2.9\tex/generic/pgf/ma
th\pgfmath.code.tex"
("C:\Users\yogesh.kulkarni\AppData\Local\Programs\MiKTeX 2.9\tex/generic/pgf/ma
th\pgfmathcalc.code.tex"
("C:\Users\yogesh.kulkarni\AppData\Local\Programs\MiKTeX 2.9\tex/generic/pgf/ma
th\pgfmathutil.code.tex")
("C:\Users\yogesh.kulkarni\AppData\Local\Programs\MiKTeX 2.9\tex/generic/pgf/ma
th\pgfmathparser.code.tex"
\pgfmath@dimen=\dimen140
\pgfmath@count=\count115
\pgfmath@box=\box36
\pgfmath@toks=\toks23
\pgfmath@stack@operand=\toks24
\pgfmath@stack@operation=\toks25
)
("C:\Users\yogesh.kulkarni\AppData\Local\Programs\MiKTeX 2.9\tex/generic/pgf/ma
th\pgfmathfunctions.code.tex"
("C:\Users\yogesh.kulkarni\AppData\Local\Programs\MiKTeX 2.9\tex/generic/pgf/ma
th\pgfmathfunctions.basic.code.tex")
("C:\Users\yogesh.kulkarni\AppData\Local\Programs\MiKTeX 2.9\tex/generic/pgf/ma
th\pgfmathfunctions.trigonometric.code.tex")
("C:\Users\yogesh.kulkarni\AppData\Local\Programs\MiKTeX 2.9\tex/generic/pgf/ma
th\pgfmathfunctions.random.code.tex")
("C:\Users\yogesh.kulkarni\AppData\Local\Programs\MiKTeX 2.9\tex/generic/pgf/ma
th\pgfmathfunctions.comparison.code.tex")
("C:\Users\yogesh.kulkarni\AppData\Local\Programs\MiKTeX 2.9\tex/generic/pgf/ma
th\pgfmathfunctions.base.code.tex")
("C:\Users\yogesh.kulkarni\AppData\Local\Programs\MiKTeX 2.9\tex/generic/pgf/ma
th\pgfmathfunctions.round.code.tex")
("C:\Users\yogesh.kulkarni\AppData\Local\Programs\MiKTeX 2.9\tex/generic/pgf/ma
th\pgfmathfunctions.misc.code.tex")
("C:\Users\yogesh.kulkarni\AppData\Local\Programs\MiKTeX 2.9\tex/generic/pgf/ma
th\pgfmathfunctions.integerarithmetics.code.tex")))
("C:\Users\yogesh.kulkarni\AppData\Local\Programs\MiKTeX 2.9\tex/generic/pgf/ma
th\pgfmathfloat.code.tex"
\c@pgfmathroundto@lastzeros=\count116
))
("C:\Users\yogesh.kulkarni\AppData\Local\Programs\MiKTeX 2.9\tex/generic/pgf/ma
th\pgfint.code.tex")
("C:\Users\yogesh.kulkarni\AppData\Local\Programs\MiKTeX 2.9\tex/generic/pgf/ba
siclayer\pgfcorepoints.code.tex"
File: pgfcorepoints.code.tex 2019/05/09 v3.1.3 (3.1.3)
\pgf@picminx=\dimen141
\pgf@picmaxx=\dimen142
\pgf@picminy=\dimen143
\pgf@picmaxy=\dimen144
\pgf@pathminx=\dimen145
\pgf@pathmaxx=\dimen146
\pgf@pathminy=\dimen147
\pgf@pathmaxy=\dimen148
\pgf@xx=\dimen149
\pgf@xy=\dimen150
\pgf@yx=\dimen151
\pgf@yy=\dimen152
\pgf@zx=\dimen153
\pgf@zy=\dimen154
)
("C:\Users\yogesh.kulkarni\AppData\Local\Programs\MiKTeX 2.9\tex/generic/pgf/ba
siclayer\pgfcorepathconstruct.code.tex"
File: pgfcorepathconstruct.code.tex 2019/05/09 v3.1.3 (3.1.3)
\pgf@path@lastx=\dimen155
\pgf@path@lasty=\dimen156
)
("C:\Users\yogesh.kulkarni\AppData\Local\Programs\MiKTeX 2.9\tex/generic/pgf/ba
siclayer\pgfcorepathusage.code.tex"
File: pgfcorepathusage.code.tex 2019/05/09 v3.1.3 (3.1.3)
\pgf@shorten@end@additional=\dimen157
\pgf@shorten@start@additional=\dimen158
)
("C:\Users\yogesh.kulkarni\AppData\Local\Programs\MiKTeX 2.9\tex/generic/pgf/ba
siclayer\pgfcorescopes.code.tex"
File: pgfcorescopes.code.tex 2019/05/09 v3.1.3 (3.1.3)
\pgfpic=\box37
\pgf@hbox=\box38
\pgf@layerbox@main=\box39
\pgf@picture@serial@count=\count117
)
("C:\Users\yogesh.kulkarni\AppData\Local\Programs\MiKTeX 2.9\tex/generic/pgf/ba
siclayer\pgfcoregraphicstate.code.tex"
File: pgfcoregraphicstate.code.tex 2019/05/09 v3.1.3 (3.1.3)
\pgflinewidth=\dimen159
)
("C:\Users\yogesh.kulkarni\AppData\Local\Programs\MiKTeX 2.9\tex/generic/pgf/ba
siclayer\pgfcoretransformations.code.tex"
File: pgfcoretransformations.code.tex 2019/05/09 v3.1.3 (3.1.3)
\pgf@pt@x=\dimen160
\pgf@pt@y=\dimen161
\pgf@pt@temp=\dimen162
)
("C:\Users\yogesh.kulkarni\AppData\Local\Programs\MiKTeX 2.9\tex/generic/pgf/ba
siclayer\pgfcorequick.code.tex"
File: pgfcorequick.code.tex 2019/05/09 v3.1.3 (3.1.3)
)
("C:\Users\yogesh.kulkarni\AppData\Local\Programs\MiKTeX 2.9\tex/generic/pgf/ba
siclayer\pgfcoreobjects.code.tex"
File: pgfcoreobjects.code.tex 2019/05/09 v3.1.3 (3.1.3)
)
("C:\Users\yogesh.kulkarni\AppData\Local\Programs\MiKTeX 2.9\tex/generic/pgf/ba
siclayer\pgfcorepathprocessing.code.tex"
File: pgfcorepathprocessing.code.tex 2019/05/09 v3.1.3 (3.1.3)
)
("C:\Users\yogesh.kulkarni\AppData\Local\Programs\MiKTeX 2.9\tex/generic/pgf/ba
siclayer\pgfcorearrows.code.tex"
File: pgfcorearrows.code.tex 2019/05/09 v3.1.3 (3.1.3)
\pgfarrowsep=\dimen163
)
("C:\Users\yogesh.kulkarni\AppData\Local\Programs\MiKTeX 2.9\tex/generic/pgf/ba
siclayer\pgfcoreshade.code.tex"
File: pgfcoreshade.code.tex 2019/05/09 v3.1.3 (3.1.3)
\pgf@max=\dimen164
\pgf@sys@shading@range@num=\count118
\pgf@shadingcount=\count119
)
("C:\Users\yogesh.kulkarni\AppData\Local\Programs\MiKTeX 2.9\tex/generic/pgf/ba
siclayer\pgfcoreimage.code.tex"
File: pgfcoreimage.code.tex 2019/05/09 v3.1.3 (3.1.3)

("C:\Users\yogesh.kulkarni\AppData\Local\Programs\MiKTeX 2.9\tex/generic/pgf/ba
siclayer\pgfcoreexternal.code.tex"
File: pgfcoreexternal.code.tex 2019/05/09 v3.1.3 (3.1.3)
\pgfexternal@startupbox=\box40
))
("C:\Users\yogesh.kulkarni\AppData\Local\Programs\MiKTeX 2.9\tex/generic/pgf/ba
siclayer\pgfcorelayers.code.tex"
File: pgfcorelayers.code.tex 2019/05/09 v3.1.3 (3.1.3)
)
("C:\Users\yogesh.kulkarni\AppData\Local\Programs\MiKTeX 2.9\tex/generic/pgf/ba
siclayer\pgfcoretransparency.code.tex"
File: pgfcoretransparency.code.tex 2019/05/09 v3.1.3 (3.1.3)
)
("C:\Users\yogesh.kulkarni\AppData\Local\Programs\MiKTeX 2.9\tex/generic/pgf/ba
siclayer\pgfcorepatterns.code.tex"
File: pgfcorepatterns.code.tex 2019/05/09 v3.1.3 (3.1.3)
)
("C:\Users\yogesh.kulkarni\AppData\Local\Programs\MiKTeX 2.9\tex/generic/pgf/ba
siclayer\pgfcorerdf.code.tex"
File: pgfcorerdf.code.tex 2019/05/09 v3.1.3 (3.1.3)
)))
("C:\Users\yogesh.kulkarni\AppData\Local\Programs\MiKTeX 2.9\tex/latex/pgf/util
ities\xxcolor.sty"
Package: xxcolor 2003/10/24 ver 0.1
\XC@nummixins=\count120
\XC@countmixins=\count121
)
("C:\Users\yogesh.kulkarni\AppData\Local\Programs\MiKTeX 2.9\tex/generic/oberdi
ek\atbegshi.sty"
Package: atbegshi 2016/06/09 v1.18 At begin shipout hook (HO)

("C:\Users\yogesh.kulkarni\AppData\Local\Programs\MiKTeX 2.9\tex/generic/oberdi
ek\infwarerr.sty"
Package: infwarerr 2016/05/16 v1.4 Providing info/warning/error messages (HO)
)
("C:\Users\yogesh.kulkarni\AppData\Local\Programs\MiKTeX 2.9\tex/generic/oberdi
ek\ltxcmds.sty"
Package: ltxcmds 2016/05/16 v1.23 LaTeX kernel commands for general use (HO)
))
("C:\Users\yogesh.kulkarni\AppData\Local\Programs\MiKTeX 2.9\tex/latex/hyperref
\hyperref.sty"
Package: hyperref 2018/11/30 v6.88e Hypertext links for LaTeX

("C:\Users\yogesh.kulkarni\AppData\Local\Programs\MiKTeX 2.9\tex/generic/oberdi
ek\hobsub-hyperref.sty"
Package: hobsub-hyperref 2016/05/16 v1.14 Bundle oberdiek, subset hyperref (HO)


("C:\Users\yogesh.kulkarni\AppData\Local\Programs\MiKTeX 2.9\tex/generic/oberdi
ek\hobsub-generic.sty"
Package: hobsub-generic 2016/05/16 v1.14 Bundle oberdiek, subset generic (HO)
Package: hobsub 2016/05/16 v1.14 Construct package bundles (HO)
Package hobsub Info: Skipping package `infwarerr' (already loaded).
Package hobsub Info: Skipping package `ltxcmds' (already loaded).
Package: ifluatex 2016/05/16 v1.4 Provides the ifluatex switch (HO)
Package ifluatex Info: LuaTeX not detected.
Package hobsub Info: Skipping package `ifvtex' (already loaded).
Package: intcalc 2016/05/16 v1.2 Expandable calculations with integers (HO)
Package hobsub Info: Skipping package `ifpdf' (already loaded).
Package: etexcmds 2016/05/16 v1.6 Avoid name clashes with e-TeX commands (HO)
Package: kvsetkeys 2016/05/16 v1.17 Key value parser (HO)
Package: kvdefinekeys 2016/05/16 v1.4 Define keys (HO)
Package: pdftexcmds 2018/09/10 v0.29 Utility functions of pdfTeX for LuaTeX (HO
)
Package pdftexcmds Info: LuaTeX not detected.
Package pdftexcmds Info: \pdf@primitive is available.
Package pdftexcmds Info: \pdf@ifprimitive is available.
Package pdftexcmds Info: \pdfdraftmode found.
Package: pdfescape 2016/05/16 v1.14 Implements pdfTeX's escape features (HO)
Package: bigintcalc 2016/05/16 v1.4 Expandable calculations on big integers (HO
)
Package: bitset 2016/05/16 v1.2 Handle bit-vector datatype (HO)
Package: uniquecounter 2016/05/16 v1.3 Provide unlimited unique counter (HO)
)
Package hobsub Info: Skipping package `hobsub' (already loaded).
Package: letltxmacro 2016/05/16 v1.5 Let assignment for LaTeX macros (HO)
Package: hopatch 2016/05/16 v1.3 Wrapper for package hooks (HO)
Package: xcolor-patch 2016/05/16 xcolor patch
Package: atveryend 2016/05/16 v1.9 Hooks at the very end of document (HO)
Package hobsub Info: Skipping package `atbegshi' (already loaded).
Package: refcount 2016/05/16 v3.5 Data extraction from label references (HO)
Package: hycolor 2016/05/16 v1.8 Color options for hyperref/bookmark (HO)
)
("C:\Users\yogesh.kulkarni\AppData\Local\Programs\MiKTeX 2.9\tex/latex/oberdiek
\auxhook.sty"
Package: auxhook 2016/05/16 v1.4 Hooks for auxiliary files (HO)
)
("C:\Users\yogesh.kulkarni\AppData\Local\Programs\MiKTeX 2.9\tex/latex/oberdiek
\kvoptions.sty"
Package: kvoptions 2016/05/16 v3.12 Key value format for package options (HO)
)
\@linkdim=\dimen165
\Hy@linkcounter=\count122
\Hy@pagecounter=\count123

("C:\Users\yogesh.kulkarni\AppData\Local\Programs\MiKTeX 2.9\tex/latex/hyperref
\pd1enc.def"
File: pd1enc.def 2018/11/30 v6.88e Hyperref: PDFDocEncoding definition (HO)
Now handling font encoding PD1 ...
... no UTF-8 mapping file for font encoding PD1
)
\Hy@SavedSpaceFactor=\count124

("C:\Users\yogesh.kulkarni\AppData\Local\Programs\MiKTeX 2.9\tex/latex/00miktex
\hyperref.cfg"
File: hyperref.cfg 2002/06/06 v1.2 hyperref configuration of TeXLive
)
Package hyperref Info: Option `bookmarks' set `true' on input line 4393.
Package hyperref Info: Option `bookmarksopen' set `true' on input line 4393.
Package hyperref Info: Option `implicit' set `false' on input line 4393.
Package hyperref Info: Hyper figures OFF on input line 4519.
Package hyperref Info: Link nesting OFF on input line 4524.
Package hyperref Info: Hyper index ON on input line 4527.
Package hyperref Info: Plain pages OFF on input line 4534.
Package hyperref Info: Backreferencing OFF on input line 4539.
Package hyperref Info: Implicit mode OFF; no redefinition of LaTeX internals.
Package hyperref Info: Bookmarks ON on input line 4772.
\c@Hy@tempcnt=\count125

("C:\Users\yogesh.kulkarni\AppData\Local\Programs\MiKTeX 2.9\tex/latex/url\url.
sty"
\Urlmuskip=\muskip10
Package: url 2013/09/16  ver 3.4  Verb mode for urls, etc.
)
LaTeX Info: Redefining \url on input line 5125.
\XeTeXLinkMargin=\dimen166
\Fld@menulength=\count126
\Field@Width=\dimen167
\Fld@charsize=\dimen168
Package hyperref Info: Hyper figures OFF on input line 6380.
Package hyperref Info: Link nesting OFF on input line 6385.
Package hyperref Info: Hyper index ON on input line 6388.
Package hyperref Info: backreferencing OFF on input line 6395.
Package hyperref Info: Link coloring OFF on input line 6400.
Package hyperref Info: Link coloring with OCG OFF on input line 6405.
Package hyperref Info: PDF/A mode OFF on input line 6410.
LaTeX Info: Redefining \ref on input line 6450.
LaTeX Info: Redefining \pageref on input line 6454.
\Hy@abspage=\count127


Package hyperref Message: Stopped early.

)
Package hyperref Info: Driver (autodetected): hpdftex.

("C:\Users\yogesh.kulkarni\AppData\Local\Programs\MiKTeX 2.9\tex/latex/hyperref
\hpdftex.def"
File: hpdftex.def 2018/11/30 v6.88e Hyperref driver for pdfTeX
\Fld@listcount=\count128
\c@bookmark@seq@number=\count129

("C:\Users\yogesh.kulkarni\AppData\Local\Programs\MiKTeX 2.9\tex/latex/oberdiek
\rerunfilecheck.sty"
Package: rerunfilecheck 2016/05/16 v1.8 Rerun checks for auxiliary files (HO)
Package uniquecounter Info: New unique counter `rerunfilecheck' on input line 2
82.
))
("C:\Users\yogesh.kulkarni\AppData\Local\Programs\MiKTeX 2.9\tex/latex/beamer\b
eamerbaserequires.sty"
("C:\Users\yogesh.kulkarni\AppData\Local\Programs\MiKTeX 2.9\tex/latex/beamer\b
eamerbasecompatibility.sty")
("C:\Users\yogesh.kulkarni\AppData\Local\Programs\MiKTeX 2.9\tex/latex/beamer\b
eamerbasefont.sty"
("C:\Users\yogesh.kulkarni\AppData\Local\Programs\MiKTeX 2.9\tex/latex/amsfonts
\amssymb.sty"
Package: amssymb 2013/01/14 v3.01 AMS font symbols

("C:\Users\yogesh.kulkarni\AppData\Local\Programs\MiKTeX 2.9\tex/latex/amsfonts
\amsfonts.sty"
Package: amsfonts 2013/01/14 v3.01 Basic AMSFonts support
\@emptytoks=\toks26
\symAMSa=\mathgroup4
\symAMSb=\mathgroup5
LaTeX Font Info:    Overwriting math alphabet `\mathfrak' in version `bold'
(Font)                  U/euf/m/n --> U/euf/b/n on input line 106.
))
("C:\Users\yogesh.kulkarni\AppData\Local\Programs\MiKTeX 2.9\tex/latex/sansmath
accent\sansmathaccent.sty"
Package: sansmathaccent 2013/03/28

("C:\Users\yogesh.kulkarni\AppData\Local\Programs\MiKTeX 2.9\tex/latex/filehook
\filehook.sty"
Package: filehook 2011/10/12 v0.5d Hooks for input files
)))
("C:\Users\yogesh.kulkarni\AppData\Local\Programs\MiKTeX 2.9\tex/latex/beamer\b
eamerbasetranslator.sty"
("C:\Users\yogesh.kulkarni\AppData\Local\Programs\MiKTeX 2.9\tex/latex/translat
or\translator.sty"
Package: translator 2019-05-31 v1.12a Easy translation of strings in LaTeX
))
("C:\Users\yogesh.kulkarni\AppData\Local\Programs\MiKTeX 2.9\tex/latex/beamer\b
eamerbasemisc.sty")
("C:\Users\yogesh.kulkarni\AppData\Local\Programs\MiKTeX 2.9\tex/latex/beamer\b
eamerbasetwoscreens.sty")
("C:\Users\yogesh.kulkarni\AppData\Local\Programs\MiKTeX 2.9\tex/latex/beamer\b
eamerbaseoverlay.sty"
\beamer@argscount=\count130
\beamer@lastskipcover=\skip44
\beamer@trivlistdepth=\count131
)
("C:\Users\yogesh.kulkarni\AppData\Local\Programs\MiKTeX 2.9\tex/latex/beamer\b
eamerbasetitle.sty")
("C:\Users\yogesh.kulkarni\AppData\Local\Programs\MiKTeX 2.9\tex/latex/beamer\b
eamerbasesection.sty"
\c@lecture=\count132
\c@part=\count133
\c@section=\count134
\c@subsection=\count135
\c@subsubsection=\count136
)
("C:\Users\yogesh.kulkarni\AppData\Local\Programs\MiKTeX 2.9\tex/latex/beamer\b
eamerbaseframe.sty"
\beamer@framebox=\box41
\beamer@frametitlebox=\box42
\beamer@zoombox=\box43
\beamer@zoomcount=\count137
\beamer@zoomframecount=\count138
\beamer@frametextheight=\dimen169
\c@subsectionslide=\count139
\beamer@frametopskip=\skip45
\beamer@framebottomskip=\skip46
\beamer@frametopskipautobreak=\skip47
\beamer@framebottomskipautobreak=\skip48
\beamer@envbody=\toks27
\framewidth=\dimen170
\c@framenumber=\count140
)
("C:\Users\yogesh.kulkarni\AppData\Local\Programs\MiKTeX 2.9\tex/latex/beamer\b
eamerbaseverbatim.sty"
\beamer@verbatimfileout=\write4
)
("C:\Users\yogesh.kulkarni\AppData\Local\Programs\MiKTeX 2.9\tex/latex/beamer\b
eamerbaseframesize.sty"
\beamer@splitbox=\box44
\beamer@autobreakcount=\count141
\beamer@autobreaklastheight=\dimen171
\beamer@frametitletoks=\toks28
\beamer@framesubtitletoks=\toks29
)
("C:\Users\yogesh.kulkarni\AppData\Local\Programs\MiKTeX 2.9\tex/latex/beamer\b
eamerbaseframecomponents.sty"
\beamer@footins=\box45
)
("C:\Users\yogesh.kulkarni\AppData\Local\Programs\MiKTeX 2.9\tex/latex/beamer\b
eamerbasecolor.sty")
("C:\Users\yogesh.kulkarni\AppData\Local\Programs\MiKTeX 2.9\tex/latex/beamer\b
eamerbasenotes.sty"
\beamer@frameboxcopy=\box46
)
("C:\Users\yogesh.kulkarni\AppData\Local\Programs\MiKTeX 2.9\tex/latex/beamer\b
eamerbasetoc.sty")
("C:\Users\yogesh.kulkarni\AppData\Local\Programs\MiKTeX 2.9\tex/latex/beamer\b
eamerbasetemplates.sty"
\beamer@sbttoks=\toks30

("C:\Users\yogesh.kulkarni\AppData\Local\Programs\MiKTeX 2.9\tex/latex/beamer\b
eamerbaseauxtemplates.sty"
("C:\Users\yogesh.kulkarni\AppData\Local\Programs\MiKTeX 2.9\tex/latex/beamer\b
eamerbaseboxes.sty"
\bmb@box=\box47
\bmb@colorbox=\box48
\bmb@boxshadow=\box49
\bmb@boxshadowball=\box50
\bmb@boxshadowballlarge=\box51
\bmb@temp=\dimen172
\bmb@dima=\dimen173
\bmb@dimb=\dimen174
\bmb@prevheight=\dimen175
)
\beamer@blockheadheight=\dimen176
))
("C:\Users\yogesh.kulkarni\AppData\Local\Programs\MiKTeX 2.9\tex/latex/beamer\b
eamerbaselocalstructure.sty"
("C:\Users\yogesh.kulkarni\AppData\Local\Programs\MiKTeX 2.9\tex/latex/tools\en
umerate.sty"
Package: enumerate 2015/07/23 v3.00 enumerate extensions (DPC)
\@enLab=\toks31
)
\c@figure=\count142
\c@table=\count143
\abovecaptionskip=\skip49
\belowcaptionskip=\skip50
)
("C:\Users\yogesh.kulkarni\AppData\Local\Programs\MiKTeX 2.9\tex/latex/beamer\b
eamerbasenavigation.sty"
\beamer@section@min@dim=\dimen177
)
("C:\Users\yogesh.kulkarni\AppData\Local\Programs\MiKTeX 2.9\tex/latex/beamer\b
eamerbasetheorems.sty"
("C:\Users\yogesh.kulkarni\AppData\Local\Programs\MiKTeX 2.9\tex/latex/amsmath\
amsmath.sty"
Package: amsmath 2018/12/01 v2.17b AMS math features
\@mathmargin=\skip51

For additional information on amsmath, use the `?' option.

("C:\Users\yogesh.kulkarni\AppData\Local\Programs\MiKTeX 2.9\tex/latex/amsmath\
amstext.sty"
Package: amstext 2000/06/29 v2.01 AMS text

("C:\Users\yogesh.kulkarni\AppData\Local\Programs\MiKTeX 2.9\tex/latex/amsmath\
amsgen.sty"
File: amsgen.sty 1999/11/30 v2.0 generic functions
\@emptytoks=\toks32
\ex@=\dimen178
))
("C:\Users\yogesh.kulkarni\AppData\Local\Programs\MiKTeX 2.9\tex/latex/amsmath\
amsbsy.sty"
Package: amsbsy 1999/11/29 v1.2d Bold Symbols
\pmbraise@=\dimen179
)
("C:\Users\yogesh.kulkarni\AppData\Local\Programs\MiKTeX 2.9\tex/latex/amsmath\
amsopn.sty"
Package: amsopn 2016/03/08 v2.02 operator names
)
\inf@bad=\count144
LaTeX Info: Redefining \frac on input line 223.
\uproot@=\count145
\leftroot@=\count146
LaTeX Info: Redefining \overline on input line 385.
\classnum@=\count147
\DOTSCASE@=\count148
LaTeX Info: Redefining \ldots on input line 482.
LaTeX Info: Redefining \dots on input line 485.
LaTeX Info: Redefining \cdots on input line 606.
\Mathstrutbox@=\box52
\strutbox@=\box53
\big@size=\dimen180
LaTeX Font Info:    Redeclaring font encoding OML on input line 729.
LaTeX Font Info:    Redeclaring font encoding OMS on input line 730.
\macc@depth=\count149
\c@MaxMatrixCols=\count150
\dotsspace@=\muskip11
\c@parentequation=\count151
\dspbrk@lvl=\count152
\tag@help=\toks33
\row@=\count153
\column@=\count154
\maxfields@=\count155
\andhelp@=\toks34
\eqnshift@=\dimen181
\alignsep@=\dimen182
\tagshift@=\dimen183
\tagwidth@=\dimen184
\totwidth@=\dimen185
\lineht@=\dimen186
\@envbody=\toks35
\multlinegap=\skip52
\multlinetaggap=\skip53
\mathdisplay@stack=\toks36
LaTeX Info: Redefining \[ on input line 2844.
LaTeX Info: Redefining \] on input line 2845.
)
("C:\Users\yogesh.kulkarni\AppData\Local\Programs\MiKTeX 2.9\tex/latex/amscls\a
msthm.sty"
Package: amsthm 2017/10/31 v2.20.4
\thm@style=\toks37
\thm@bodyfont=\toks38
\thm@headfont=\toks39
\thm@notefont=\toks40
\thm@headpunct=\toks41
\thm@preskip=\skip54
\thm@postskip=\skip55
\thm@headsep=\skip56
\dth@everypar=\toks42
)
\c@theorem=\count156
)
("C:\Users\yogesh.kulkarni\AppData\Local\Programs\MiKTeX 2.9\tex/latex/beamer\b
eamerbasethemes.sty"))
("C:\Users\yogesh.kulkarni\AppData\Local\Programs\MiKTeX 2.9\tex/latex/beamer\b
eamerthemedefault.sty"
("C:\Users\yogesh.kulkarni\AppData\Local\Programs\MiKTeX 2.9\tex/latex/beamer\b
eamerfontthemedefault.sty")
("C:\Users\yogesh.kulkarni\AppData\Local\Programs\MiKTeX 2.9\tex/latex/beamer\b
eamercolorthemedefault.sty")
("C:\Users\yogesh.kulkarni\AppData\Local\Programs\MiKTeX 2.9\tex/latex/beamer\b
eamerinnerthemedefault.sty"
\beamer@dima=\dimen187
\beamer@dimb=\dimen188
)
("C:\Users\yogesh.kulkarni\AppData\Local\Programs\MiKTeX 2.9\tex/latex/beamer\b
eamerouterthemedefault.sty"))) (template_presentation.tex
("C:\Users\yogesh.kulkarni\AppData\Local\Programs\MiKTeX 2.9\tex/latex/beamer\b
eamerthemeshadow.sty"
("C:\Users\yogesh.kulkarni\AppData\Local\Programs\MiKTeX 2.9\tex/latex/beamer\b
eamerinnerthemerounded.sty")
("C:\Users\yogesh.kulkarni\AppData\Local\Programs\MiKTeX 2.9\tex/latex/beamer\b
eamercolorthemeorchid.sty")
("C:\Users\yogesh.kulkarni\AppData\Local\Programs\MiKTeX 2.9\tex/latex/beamer\b
eamercolorthemewhale.sty")
("C:\Users\yogesh.kulkarni\AppData\Local\Programs\MiKTeX 2.9\tex/latex/beamer\b
eamerouterthemeshadow.sty"
("C:\Users\yogesh.kulkarni\AppData\Local\Programs\MiKTeX 2.9\tex/latex/beamer\b
eamerouterthemesplit.sty"))
("C:\Users\yogesh.kulkarni\AppData\Local\Programs\MiKTeX 2.9\tex/latex/beamer\b
eamerfontthemestructurebold.sty"))
("C:\Users\yogesh.kulkarni\AppData\Local\Programs\MiKTeX 2.9\tex/latex/adjustbo
x\adjustbox.sty"
Package: adjustbox 2019/01/04 v1.2 Adjusting TeX boxes (trim, clip, ...)

("C:\Users\yogesh.kulkarni\AppData\Local\Programs\MiKTeX 2.9\tex/latex/xkeyval\
xkeyval.sty"
Package: xkeyval 2014/12/03 v2.7a package option processing (HA)

("C:\Users\yogesh.kulkarni\AppData\Local\Programs\MiKTeX 2.9\tex/generic/xkeyva
l\xkeyval.tex"
("C:\Users\yogesh.kulkarni\AppData\Local\Programs\MiKTeX 2.9\tex/generic/xkeyva
l\xkvutils.tex"
\XKV@toks=\toks43
\XKV@tempa@toks=\toks44
)
\XKV@depth=\count157
File: xkeyval.tex 2014/12/03 v2.7a key=value parser (HA)
))
("C:\Users\yogesh.kulkarni\AppData\Local\Programs\MiKTeX 2.9\tex/latex/adjustbo
x\adjcalc.sty"
Package: adjcalc 2012/05/16 v1.1 Provides advanced setlength with multiple back
-ends (calc, etex, pgfmath)
)
("C:\Users\yogesh.kulkarni\AppData\Local\Programs\MiKTeX 2.9\tex/latex/adjustbo
x\trimclip.sty"
Package: trimclip 2018/04/08 v1.1 Trim and clip general TeX material

("C:\Users\yogesh.kulkarni\AppData\Local\Programs\MiKTeX 2.9\tex/latex/collectb
ox\collectbox.sty"
Package: collectbox 2012/05/17 v0.4b Collect macro arguments as boxes
\collectedbox=\box54
)
\tc@llx=\dimen189
\tc@lly=\dimen190
\tc@urx=\dimen191
\tc@ury=\dimen192
Package trimclip Info: Using driver 'tc-pdftex.def'.

("C:\Users\yogesh.kulkarni\AppData\Local\Programs\MiKTeX 2.9\tex/latex/adjustbo
x\tc-pdftex.def"
File: tc-pdftex.def 2019/01/04 v2.2 Clipping driver for pdftex
))
\adjbox@Width=\dimen193
\adjbox@Height=\dimen194
\adjbox@Depth=\dimen195
\adjbox@Totalheight=\dimen196
\adjbox@pwidth=\dimen197
\adjbox@pheight=\dimen198
\adjbox@pdepth=\dimen199
\adjbox@ptotalheight=\dimen256

("C:\Users\yogesh.kulkarni\AppData\Local\Programs\MiKTeX 2.9\tex/latex/ifoddpag
e\ifoddpage.sty"
Package: ifoddpage 2016/04/23 v1.1 Conditionals for odd/even page detection
\c@checkoddpage=\count158
)
("C:\Users\yogesh.kulkarni\AppData\Local\Programs\MiKTeX 2.9\tex/latex/varwidth
\varwidth.sty"
Package: varwidth 2009/03/30 ver 0.92;  Variable-width minipages
\@vwid@box=\box55
\sift@deathcycles=\count159
\@vwid@loff=\dimen257
\@vwid@roff=\dimen258
))
("C:\Users\yogesh.kulkarni\AppData\Local\Programs\MiKTeX 2.9\tex/latex/lm\lmode
rn.sty"
Package: lmodern 2009/10/30 v1.6 Latin Modern Fonts
LaTeX Font Info:    Overwriting symbol font `operators' in version `normal'
(Font)                  OT1/cmr/m/n --> OT1/lmr/m/n on input line 22.
LaTeX Font Info:    Overwriting symbol font `letters' in version `normal'
(Font)                  OML/cmm/m/it --> OML/lmm/m/it on input line 23.
LaTeX Font Info:    Overwriting symbol font `symbols' in version `normal'
(Font)                  OMS/cmsy/m/n --> OMS/lmsy/m/n on input line 24.
LaTeX Font Info:    Overwriting symbol font `largesymbols' in version `normal'
(Font)                  OMX/cmex/m/n --> OMX/lmex/m/n on input line 25.
LaTeX Font Info:    Overwriting symbol font `operators' in version `bold'
(Font)                  OT1/cmr/bx/n --> OT1/lmr/bx/n on input line 26.
LaTeX Font Info:    Overwriting symbol font `letters' in version `bold'
(Font)                  OML/cmm/b/it --> OML/lmm/b/it on input line 27.
LaTeX Font Info:    Overwriting symbol font `symbols' in version `bold'
(Font)                  OMS/cmsy/b/n --> OMS/lmsy/b/n on input line 28.
LaTeX Font Info:    Overwriting symbol font `largesymbols' in version `bold'
(Font)                  OMX/cmex/m/n --> OMX/lmex/m/n on input line 29.
LaTeX Font Info:    Overwriting math alphabet `\mathbf' in version `normal'
(Font)                  OT1/cmr/bx/n --> OT1/lmr/bx/n on input line 31.
LaTeX Font Info:    Overwriting math alphabet `\mathsf' in version `normal'
(Font)                  OT1/cmss/m/n --> OT1/lmss/m/n on input line 32.
LaTeX Font Info:    Overwriting math alphabet `\mathit' in version `normal'
(Font)                  OT1/cmr/m/it --> OT1/lmr/m/it on input line 33.
LaTeX Font Info:    Overwriting math alphabet `\mathtt' in version `normal'
(Font)                  OT1/cmtt/m/n --> OT1/lmtt/m/n on input line 34.
LaTeX Font Info:    Overwriting math alphabet `\mathbf' in version `bold'
(Font)                  OT1/cmr/bx/n --> OT1/lmr/bx/n on input line 35.
LaTeX Font Info:    Overwriting math alphabet `\mathsf' in version `bold'
(Font)                  OT1/cmss/bx/n --> OT1/lmss/bx/n on input line 36.
LaTeX Font Info:    Overwriting math alphabet `\mathit' in version `bold'
(Font)                  OT1/cmr/bx/it --> OT1/lmr/bx/it on input line 37.
LaTeX Font Info:    Overwriting math alphabet `\mathtt' in version `bold'
(Font)                  OT1/cmtt/m/n --> OT1/lmtt/m/n on input line 38.
)
("C:\Users\yogesh.kulkarni\AppData\Local\Programs\MiKTeX 2.9\tex/latex/booktabs
\booktabs.sty"
Package: booktabs 2005/04/14 v1.61803 publication quality tables
\heavyrulewidth=\dimen259
\lightrulewidth=\dimen260
\cmidrulewidth=\dimen261
\belowrulesep=\dimen262
\belowbottomsep=\dimen263
\aboverulesep=\dimen264
\abovetopsep=\dimen265
\cmidrulesep=\dimen266
\cmidrulekern=\dimen267
\defaultaddspace=\dimen268
\@cmidla=\count160
\@cmidlb=\count161
\@aboverulesep=\dimen269
\@belowrulesep=\dimen270
\@thisruleclass=\count162
\@lastruleclass=\count163
\@thisrulewidth=\dimen271
)
("C:\Users\yogesh.kulkarni\AppData\Local\Programs\MiKTeX 2.9\tex/generic/babel\
babel.sty"
Package: babel 2019/06/03 3.32 The Babel package

("C:\Users\yogesh.kulkarni\AppData\Local\Programs\MiKTeX 2.9\tex/generic/babel\
switch.def"
File: switch.def 2019/06/03 3.32 Babel switching mechanism
)
*************************************
* Local config file bblopts.cfg used
*

("C:\Users\yogesh.kulkarni\AppData\Local\Programs\MiKTeX 2.9\tex/latex/arabi\bb
lopts.cfg"
File: bblopts.cfg 2005/09/08 v0.1 add Arabic and Farsi to "declared" options of
 babel
)
("C:\Users\yogesh.kulkarni\AppData\Local\Programs\MiKTeX 2.9\tex/latex/babel-en
glish\english.ldf"
Language: english 2017/06/06 v3.3r English support from the babel system

("C:\Users\yogesh.kulkarni\AppData\Local\Programs\MiKTeX 2.9\tex/generic/babel\
babel.def"
File: babel.def 2019/06/03 3.32 Babel common definitions
\babel@savecnt=\count164
\U@D=\dimen272

("C:\Users\yogesh.kulkarni\AppData\Local\Programs\MiKTeX 2.9\tex/generic/babel\
txtbabel.def")
LaTeX Info: Redefining \textlatin on input line 2103.
\bbl@dirlevel=\count165
)
\l@canadian = a dialect from \language\l@american 
\l@australian = a dialect from \language\l@british 
\l@newzealand = a dialect from \language\l@british 
))
("C:\Users\yogesh.kulkarni\AppData\Local\Programs\MiKTeX 2.9\tex/latex/tikz-qtr
ee\tikz-qtree.sty"
("C:\Users\yogesh.kulkarni\AppData\Local\Programs\MiKTeX 2.9\tex/latex/pgf/fron
tendlayer\tikz.sty"
("C:\Users\yogesh.kulkarni\AppData\Local\Programs\MiKTeX 2.9\tex/latex/pgf/basi
clayer\pgf.sty"
Package: pgf 2019/05/09 v3.1.3 (3.1.3)

("C:\Users\yogesh.kulkarni\AppData\Local\Programs\MiKTeX 2.9\tex/generic/pgf/mo
dules\pgfmoduleshapes.code.tex"
File: pgfmoduleshapes.code.tex 2019/05/09 v3.1.3 (3.1.3)
\pgfnodeparttextbox=\box56
)
("C:\Users\yogesh.kulkarni\AppData\Local\Programs\MiKTeX 2.9\tex/generic/pgf/mo
dules\pgfmoduleplot.code.tex"
File: pgfmoduleplot.code.tex 2019/05/09 v3.1.3 (3.1.3)
)
("C:\Users\yogesh.kulkarni\AppData\Local\Programs\MiKTeX 2.9\tex/latex/pgf/comp
atibility\pgfcomp-version-0-65.sty"
Package: pgfcomp-version-0-65 2019/05/09 v3.1.3 (3.1.3)
\pgf@nodesepstart=\dimen273
\pgf@nodesepend=\dimen274
)
("C:\Users\yogesh.kulkarni\AppData\Local\Programs\MiKTeX 2.9\tex/latex/pgf/comp
atibility\pgfcomp-version-1-18.sty"
Package: pgfcomp-version-1-18 2019/05/09 v3.1.3 (3.1.3)
))
("C:\Users\yogesh.kulkarni\AppData\Local\Programs\MiKTeX 2.9\tex/latex/pgf/util
ities\pgffor.sty"
("C:\Users\yogesh.kulkarni\AppData\Local\Programs\MiKTeX 2.9\tex/latex/pgf/util
ities\pgfkeys.sty"
("C:\Users\yogesh.kulkarni\AppData\Local\Programs\MiKTeX 2.9\tex/generic/pgf/ut
ilities\pgfkeys.code.tex"))
("C:\Users\yogesh.kulkarni\AppData\Local\Programs\MiKTeX 2.9\tex/latex/pgf/math
\pgfmath.sty"
("C:\Users\yogesh.kulkarni\AppData\Local\Programs\MiKTeX 2.9\tex/generic/pgf/ma
th\pgfmath.code.tex"))
("C:\Users\yogesh.kulkarni\AppData\Local\Programs\MiKTeX 2.9\tex/generic/pgf/ut
ilities\pgffor.code.tex"
Package: pgffor 2019/05/09 v3.1.3 (3.1.3)

("C:\Users\yogesh.kulkarni\AppData\Local\Programs\MiKTeX 2.9\tex/generic/pgf/ma
th\pgfmath.code.tex")
\pgffor@iter=\dimen275
\pgffor@skip=\dimen276
\pgffor@stack=\toks45
\pgffor@toks=\toks46
))
("C:\Users\yogesh.kulkarni\AppData\Local\Programs\MiKTeX 2.9\tex/generic/pgf/fr
ontendlayer/tikz\tikz.code.tex"
Package: tikz 2019/05/09 v3.1.3 (3.1.3)

("C:\Users\yogesh.kulkarni\AppData\Local\Programs\MiKTeX 2.9\tex/generic/pgf/li
braries\pgflibraryplothandlers.code.tex"
File: pgflibraryplothandlers.code.tex 2019/05/09 v3.1.3 (3.1.3)
\pgf@plot@mark@count=\count166
\pgfplotmarksize=\dimen277
)
\tikz@lastx=\dimen278
\tikz@lasty=\dimen279
\tikz@lastxsaved=\dimen280
\tikz@lastysaved=\dimen281
\tikzleveldistance=\dimen282
\tikzsiblingdistance=\dimen283
\tikz@figbox=\box57
\tikz@figbox@bg=\box58
\tikz@tempbox=\box59
\tikz@tempbox@bg=\box60
\tikztreelevel=\count167
\tikznumberofchildren=\count168
\tikznumberofcurrentchild=\count169
\tikz@fig@count=\count170

("C:\Users\yogesh.kulkarni\AppData\Local\Programs\MiKTeX 2.9\tex/generic/pgf/mo
dules\pgfmodulematrix.code.tex"
File: pgfmodulematrix.code.tex 2019/05/09 v3.1.3 (3.1.3)
\pgfmatrixcurrentrow=\count171
\pgfmatrixcurrentcolumn=\count172
\pgf@matrix@numberofcolumns=\count173
)
\tikz@expandcount=\count174

("C:\Users\yogesh.kulkarni\AppData\Local\Programs\MiKTeX 2.9\tex/generic/pgf/fr
ontendlayer/tikz/libraries\tikzlibrarytopaths.code.tex"
File: tikzlibrarytopaths.code.tex 2019/05/09 v3.1.3 (3.1.3)
)))
("C:\Users\yogesh.kulkarni\AppData\Local\Programs\MiKTeX 2.9\tex/latex/tikz-qtr
ee\pgftree.sty"
("C:\Users\yogesh.kulkarni\AppData\Local\Programs\MiKTeX 2.9\tex/latex/tikz-qtr
ee\pgfsubpic.sty"
("C:\Users\yogesh.kulkarni\AppData\Local\Programs\MiKTeX 2.9\tex/generic/tikz-q
tree\pgfsubpic.tex"
\pgf@subpicminx=\dimen284
\pgf@subpicminy=\dimen285
\pgf@subpicmaxx=\dimen286
\pgf@subpicmaxy=\dimen287
))
("C:\Users\yogesh.kulkarni\AppData\Local\Programs\MiKTeX 2.9\tex/generic/tikz-q
tree\pgftree.tex"
\levelsep=\dimen288
\subtreesep=\dimen289
\smuggle@levelsep=\dimen290
\smuggle@subtreesep=\dimen291
\this@levelsep=\dimen292
\this@subtreesep=\dimen293
\pgftree@childx=\dimen294
\pgftree@savechildx=\dimen295
\pgftree@childy=\dimen296
\pgftree@savechildy=\dimen297
\pgftree@childi=\count175
\pgftree@savechildi=\count176
\pgftree@level=\count177
\pgftree@depth=\dimen298
\pgf@subpic@hbox@children=\box61
\pgf@subpic@minx@children=\dimen299
\pgf@subpic@miny@children=\dimen300
\pgf@subpic@maxx@children=\dimen301
\pgf@subpic@maxy@children=\dimen302
\pgftree@lastchildx=\dimen303
\pgftree@lastchildy=\dimen304
))
("C:\Users\yogesh.kulkarni\AppData\Local\Programs\MiKTeX 2.9\tex/generic/tikz-q
tree\tikz-qtree.tex"
\@result=\toks47
\child@list=\toks48
\root@node=\toks49
))
("C:\Users\yogesh.kulkarni\AppData\Local\Programs\MiKTeX 2.9\tex/latex/media9\m
edia9.sty"
("C:\Users\yogesh.kulkarni\AppData\Local\Programs\MiKTeX 2.9\tex/latex/l3kernel
\expl3.sty"
Package: expl3 2019-07-01 L3 programming layer (loader) 

("C:\Users\yogesh.kulkarni\AppData\Local\Programs\MiKTeX 2.9\tex/latex/l3kernel
\expl3-code.tex"
Package: expl3 2019-07-01 L3 programming layer (code)
\c_max_int=\count178
\l_tmpa_int=\count179
\l_tmpb_int=\count180
\g_tmpa_int=\count181
\g_tmpb_int=\count182
\g__kernel_prg_map_int=\count183
\c__ior_term_ior=\count184
\c_log_iow=\count185
\l_iow_line_count_int=\count186
\l__iow_line_target_int=\count187
\l__iow_one_indent_int=\count188
\l__iow_indent_int=\count189
\c_zero_dim=\dimen305
\c_max_dim=\dimen306
\l_tmpa_dim=\dimen307
\l_tmpb_dim=\dimen308
\g_tmpa_dim=\dimen309
\g_tmpb_dim=\dimen310
\c_zero_skip=\skip57
\c_max_skip=\skip58
\l_tmpa_skip=\skip59
\l_tmpb_skip=\skip60
\g_tmpa_skip=\skip61
\g_tmpb_skip=\skip62
\c_zero_muskip=\muskip12
\c_max_muskip=\muskip13
\l_tmpa_muskip=\muskip14
\l_tmpb_muskip=\muskip15
\g_tmpa_muskip=\muskip16
\g_tmpb_muskip=\muskip17
\l_keys_choice_int=\count190
\l__intarray_loop_int=\count191
\c__intarray_sp_dim=\dimen311
\g__intarray_font_int=\count192
\c__fp_leading_shift_int=\count193
\c__fp_middle_shift_int=\count194
\c__fp_trailing_shift_int=\count195
\c__fp_big_leading_shift_int=\count196
\c__fp_big_middle_shift_int=\count197
\c__fp_big_trailing_shift_int=\count198
\c__fp_Bigg_leading_shift_int=\count199
\c__fp_Bigg_middle_shift_int=\count266
\c__fp_Bigg_trailing_shift_int=\count267
\c__kernel_randint_max_int=\count268
\g__fp_array_int=\count269
\l__fp_array_loop_int=\count270
\l__sort_length_int=\count271
\l__sort_min_int=\count272
\l__sort_top_int=\count273
\l__sort_max_int=\count274
\l__sort_true_max_int=\count275
\l__sort_block_int=\count276
\l__sort_begin_int=\count277
\l__sort_end_int=\count278
\l__sort_A_int=\count279
\l__sort_B_int=\count280
\l__sort_C_int=\count281
\l__str_internal_int=\count282
\c__str_replacement_char_int=\count283
\l__tl_analysis_normal_int=\count284
\l__tl_analysis_index_int=\count285
\l__tl_analysis_nesting_int=\count286
\l__tl_analysis_type_int=\count287
\l__regex_internal_a_int=\count288
\l__regex_internal_b_int=\count289
\l__regex_internal_c_int=\count290
\l__regex_balance_int=\count291
\l__regex_group_level_int=\count292
\l__regex_mode_int=\count293
\c__regex_cs_in_class_mode_int=\count294
\c__regex_cs_mode_int=\count295
\l__regex_catcodes_int=\count296
\l__regex_default_catcodes_int=\count297
\c__regex_catcode_D_int=\count298
\c__regex_catcode_S_int=\count299
\c__regex_catcode_L_int=\count300
\c__regex_catcode_O_int=\count301
\c__regex_catcode_A_int=\count302
\c__regex_all_catcodes_int=\count303
\l__regex_show_lines_int=\count304
\l__regex_min_state_int=\count305
\l__regex_max_state_int=\count306
\l__regex_left_state_int=\count307
\l__regex_right_state_int=\count308
\l__regex_capturing_group_int=\count309
\l__regex_min_pos_int=\count310
\l__regex_max_pos_int=\count311
\l__regex_curr_pos_int=\count312
\l__regex_start_pos_int=\count313
\l__regex_success_pos_int=\count314
\l__regex_curr_char_int=\count315
\l__regex_curr_catcode_int=\count316
\l__regex_last_char_int=\count317
\l__regex_case_changed_char_int=\count318
\l__regex_curr_state_int=\count319
\l__regex_step_int=\count320
\l__regex_min_active_int=\count321
\l__regex_max_active_int=\count322
\l__regex_replacement_csnames_int=\count323
\l__regex_match_count_int=\count324
\l__regex_min_submatch_int=\count325
\l__regex_submatch_int=\count326
\l__regex_zeroth_submatch_int=\count327
\g__regex_trace_regex_int=\count328
\c_empty_box=\box62
\l_tmpa_box=\box63
\l_tmpb_box=\box64
\g_tmpa_box=\box65
\g_tmpb_box=\box66
\l__box_top_dim=\dimen312
\l__box_bottom_dim=\dimen313
\l__box_left_dim=\dimen314
\l__box_right_dim=\dimen315
\l__box_top_new_dim=\dimen316
\l__box_bottom_new_dim=\dimen317
\l__box_left_new_dim=\dimen318
\l__box_right_new_dim=\dimen319
\l__box_internal_box=\box67
\l__coffin_internal_box=\box68
\l__coffin_internal_dim=\dimen320
\l__coffin_offset_x_dim=\dimen321
\l__coffin_offset_y_dim=\dimen322
\l__coffin_x_dim=\dimen323
\l__coffin_y_dim=\dimen324
\l__coffin_x_prime_dim=\dimen325
\l__coffin_y_prime_dim=\dimen326
\c_empty_coffin=\box69
\l__coffin_aligned_coffin=\box70
\l__coffin_aligned_internal_coffin=\box71
\l_tmpa_coffin=\box72
\l_tmpb_coffin=\box73
\g_tmpa_coffin=\box74
\g_tmpb_coffin=\box75
\l__coffin_bounding_shift_dim=\dimen327
\l__coffin_left_corner_dim=\dimen328
\l__coffin_right_corner_dim=\dimen329
\l__coffin_bottom_corner_dim=\dimen330
\l__coffin_top_corner_dim=\dimen331
\l__coffin_scaled_total_height_dim=\dimen332
\l__coffin_scaled_width_dim=\dimen333
\c__coffin_empty_coffin=\box76
\l__coffin_display_coffin=\box77
\l__coffin_display_coord_coffin=\box78
\l__coffin_display_pole_coffin=\box79
\l__coffin_display_offset_dim=\dimen334
\l__coffin_display_x_dim=\dimen335
\l__coffin_display_y_dim=\dimen336
\g__file_internal_ior=\read2
\l__seq_internal_a_int=\count329
\l__seq_internal_b_int=\count330
\c__deprecation_minus_one=\count331
)
("C:\Users\yogesh.kulkarni\AppData\Local\Programs\MiKTeX 2.9\tex/latex/l3backen
d\l3backend-pdfmode.def"
File: l3backend-pdfmode.def 2019-04-06 v L3 Experimental backend support: PDF m
ode
\l__kernel_color_stack_int=\count332
\l__pdf_internal_box=\box80
))
("C:\Users\yogesh.kulkarni\AppData\Local\Programs\MiKTeX 2.9\tex/latex/l3packag
es/l3keys2e\l3keys2e.sty"
Package: l3keys2e 2019-05-28 LaTeX2e option processing using LaTeX3 keys
)
("C:\Users\yogesh.kulkarni\AppData\Local\Programs\MiKTeX 2.9\tex/latex/l3packag
es/xparse\xparse.sty"
Package: xparse 2019-05-28 L3 Experimental document command parser
\l__xparse_current_arg_int=\count333
\g__xparse_grabber_int=\count334
\l__xparse_m_args_int=\count335
\l__xparse_v_nesting_int=\count336
)
Package: media9 2019/05/24 v1.01 acrobat-9/X compatible media
\g_mix_pkgresizeflag_int=\count337

("C:\Users\yogesh.kulkarni\AppData\Local\Programs\MiKTeX 2.9\tex/latex/media9\p
dfbase.sty"
Package: pdfbase 2019/05/24 v0.32 driver independent access to low-level PDF fe
atures
\g_pbs_page_int=\count338
\g_pbs_oc_int=\count339
)
("C:\Users\yogesh.kulkarni\AppData\Local\Programs\MiKTeX 2.9\tex/latex/ocgx2\oc
gbase.sty"
Package: ocgbase 2019/07/04 v0.16 support package for ocgx2.sty
\g_ocgbase_nd_int=\count340
)
\l_mix_poster_box=\box81
\g_mix_wd_dim=\dimen337
\g_mix_ht_dim=\dimen338
\g_mix_dp_dim=\dimen339
\g_mix_rmcnt_int=\count341
\l_mix_viewcnt_int=\count342
\g@mix@page@int=\count343
\g_mix_resizeflag_int=\count344
\l_mix_lineno_int=\count345
\l_mix_pbtn_box=\box82
\mix@btn@dim=\dimen340
\g_mix_mbtncnt_int=\count346
)
("C:\Users\yogesh.kulkarni\AppData\Local\Programs\MiKTeX 2.9\tex/latex/makecell
\makecell.sty"
Package: makecell 2009/08/03 V0.1e Managing of Tab Column Heads and Cells

("C:\Users\yogesh.kulkarni\AppData\Local\Programs\MiKTeX 2.9\tex/latex/tools\ar
ray.sty"
Package: array 2018/12/30 v2.4k Tabular extension package (FMi)
\col@sep=\dimen341
\ar@mcellbox=\box83
\extrarowheight=\dimen342
\NC@list=\toks50
\extratabsurround=\skip63
\backup@length=\skip64
\ar@cellbox=\box84
)
\rotheadsize=\dimen343
\c@nlinenum=\count347
\TeXr@lab=\toks51
)
("C:\Users\yogesh.kulkarni\AppData\Local\Programs\MiKTeX 2.9\tex/latex/beamer\m
ultimedia.sty"
Package: multimedia 2012/05/02 ver 0.02
\mm@movie=\count348
)
("C:\Users\yogesh.kulkarni\AppData\Local\Programs\MiKTeX 2.9\tex/latex/listings
\listings.sty"
\lst@mode=\count349
\lst@gtempboxa=\box85
\lst@token=\toks52
\lst@length=\count350
\lst@currlwidth=\dimen344
\lst@column=\count351
\lst@pos=\count352
\lst@lostspace=\dimen345
\lst@width=\dimen346
\lst@newlines=\count353
\lst@lineno=\count354
\lst@maxwidth=\dimen347

("C:\Users\yogesh.kulkarni\AppData\Local\Programs\MiKTeX 2.9\tex/latex/listings
\lstmisc.sty"
File: lstmisc.sty 2019/02/27 1.8b (Carsten Heinz)
\c@lstnumber=\count355
\lst@skipnumbers=\count356
\lst@framebox=\box86
)
("C:\Users\yogesh.kulkarni\AppData\Local\Programs\MiKTeX 2.9\tex/latex/listings
\listings.cfg"
File: listings.cfg 2019/02/27 1.8b listings configuration
))
Package: listings 2019/02/27 1.8b (Carsten Heinz)

("C:\Users\yogesh.kulkarni\AppData\Local\Programs\MiKTeX 2.9\tex/latex/listings
\lstlang1.sty"
File: lstlang1.sty 2019/02/27 1.8b listings language file
)
("C:\Users\yogesh.kulkarni\AppData\Local\Programs\MiKTeX 2.9\tex/latex/beamer\b
eamerthemeWarsaw.sty")
("C:\Users\yogesh.kulkarni\AppData\Local\Programs\MiKTeX 2.9\tex/latex/beamer\b
eamerfontthemestructuresmallcapsserif.sty")
("C:\Users\yogesh.kulkarni\AppData\Local\Programs\MiKTeX 2.9\tex/latex/beamer\b
eamerouterthememiniframes.sty")) (Main_Workshop_Chatbot_Presentation.aux)
\openout1 = `Main_Workshop_Chatbot_Presentation.aux'.

LaTeX Font Info:    Checking defaults for OML/cmm/m/it on input line 8.
LaTeX Font Info:    ... okay on input line 8.
LaTeX Font Info:    Checking defaults for T1/cmr/m/n on input line 8.
LaTeX Font Info:    ... okay on input line 8.
LaTeX Font Info:    Checking defaults for OT1/cmr/m/n on input line 8.
LaTeX Font Info:    ... okay on input line 8.
LaTeX Font Info:    Checking defaults for OMS/cmsy/m/n on input line 8.
LaTeX Font Info:    ... okay on input line 8.
LaTeX Font Info:    Checking defaults for OMX/cmex/m/n on input line 8.
LaTeX Font Info:    ... okay on input line 8.
LaTeX Font Info:    Checking defaults for U/cmr/m/n on input line 8.
LaTeX Font Info:    ... okay on input line 8.
LaTeX Font Info:    Checking defaults for PD1/pdf/m/n on input line 8.
LaTeX Font Info:    ... okay on input line 8.
LaTeX Font Info:    Try loading font information for OT1+lmss on input line 8.

("C:\Users\yogesh.kulkarni\AppData\Local\Programs\MiKTeX 2.9\tex/latex/lm\ot1lm
ss.fd"
File: ot1lmss.fd 2009/10/30 v1.6 Font defs for Latin Modern
)
*geometry* driver: auto-detecting
*geometry* detected driver: pdftex
*geometry* verbose mode - [ preamble ] result:
* driver: pdftex
* paper: custom
* layout: <same size as paper>
* layoutoffset:(h,v)=(0.0pt,0.0pt)
* modes: includehead includefoot 
* h-part:(L,W,R)=(28.45274pt, 307.28987pt, 28.45274pt)
* v-part:(T,H,B)=(0.0pt, 273.14662pt, 0.0pt)
* \paperwidth=364.19536pt
* \paperheight=273.14662pt
* \textwidth=307.28987pt
* \textheight=244.6939pt
* \oddsidemargin=-43.81725pt
* \evensidemargin=-43.81725pt
* \topmargin=-72.26999pt
* \headheight=14.22636pt
* \headsep=0.0pt
* \topskip=9.0pt
* \footskip=14.22636pt
* \marginparwidth=4.0pt
* \marginparsep=10.0pt
* \columnsep=10.0pt
* \skip\footins=8.0pt plus 4.0pt minus 2.0pt
* \hoffset=0.0pt
* \voffset=0.0pt
* \mag=1000
* \@twocolumnfalse
* \@twosidefalse
* \@mparswitchfalse
* \@reversemarginfalse
* (1in=72.27pt=25.4mm, 1cm=28.453pt)


("C:\Users\yogesh.kulkarni\AppData\Local\Programs\MiKTeX 2.9\tex/context/base/m
kii\supp-pdf.mkii"
[Loading MPS to PDF converter (version 2006.09.02).]
\scratchcounter=\count357
\scratchdimen=\dimen348
\scratchbox=\box87
\nofMPsegments=\count358
\nofMParguments=\count359
\everyMPshowfont=\toks53
\MPscratchCnt=\count360
\MPscratchDim=\dimen349
\MPnumerator=\count361
\makeMPintoPDFobject=\count362
\everyMPtoPDFconversion=\toks54
)
("C:\Users\yogesh.kulkarni\AppData\Local\Programs\MiKTeX 2.9\tex/latex/oberdiek
\epstopdf-base.sty"
Package: epstopdf-base 2016/05/15 v2.6 Base part for package epstopdf

("C:\Users\yogesh.kulkarni\AppData\Local\Programs\MiKTeX 2.9\tex/latex/oberdiek
\grfext.sty"
Package: grfext 2016/05/16 v1.2 Manage graphics extensions (HO)
)
Package epstopdf-base Info: Redefining graphics rule for `.eps' on input line 4
38.
Package grfext Info: Graphics extension search list:
(grfext)             [.pdf,.png,.jpg,.mps,.jpeg,.jbig2,.jb2,.PDF,.PNG,.JPG,.JPE
G,.JBIG2,.JB2,.eps]
(grfext)             \AppendGraphicsExtensions on input line 456.
) ABD: EveryShipout initializing macros
\AtBeginShipoutBox=\box88
Package hyperref Info: Link coloring OFF on input line 8.

("C:\Users\yogesh.kulkarni\AppData\Local\Programs\MiKTeX 2.9\tex/latex/hyperref
\nameref.sty"
Package: nameref 2016/05/21 v2.44 Cross-referencing by name of section

("C:\Users\yogesh.kulkarni\AppData\Local\Programs\MiKTeX 2.9\tex/generic/oberdi
ek\gettitlestring.sty"
Package: gettitlestring 2016/05/16 v1.5 Cleanup title references (HO)
)
\c@section@level=\count363
)
LaTeX Info: Redefining \ref on input line 8.
LaTeX Info: Redefining \pageref on input line 8.
LaTeX Info: Redefining \nameref on input line 8.
 (Main_Workshop_Chatbot_Presentation.out)
(Main_Workshop_Chatbot_Presentation.out)
\@outlinefile=\write5
\openout5 = `Main_Workshop_Chatbot_Presentation.out'.

LaTeX Font Info:    Overwriting symbol font `operators' in version `normal'
(Font)                  OT1/lmr/m/n --> OT1/cmss/m/n on input line 8.
LaTeX Font Info:    Overwriting symbol font `operators' in version `bold'
(Font)                  OT1/lmr/bx/n --> OT1/cmss/bx/n on input line 8.
LaTeX Font Info:    Overwriting symbol font `operators' in version `normal'
(Font)                  OT1/cmss/m/n --> OT1/lmss/m/n on input line 8.
LaTeX Font Info:    Overwriting symbol font `operators' in version `bold'
(Font)                  OT1/cmss/bx/n --> OT1/lmss/bx/n on input line 8.
\symnumbers=\mathgroup6
\sympureletters=\mathgroup7
LaTeX Font Info:    Overwriting math alphabet `\mathrm' in version `normal'
(Font)                  OT1/lmss/m/n --> OT1/lmr/m/n on input line 8.
LaTeX Font Info:    Redeclaring math alphabet \mathbf on input line 8.
LaTeX Font Info:    Overwriting math alphabet `\mathbf' in version `normal'
(Font)                  OT1/lmr/bx/n --> OT1/lmss/bx/n on input line 8.
LaTeX Font Info:    Overwriting math alphabet `\mathbf' in version `bold'
(Font)                  OT1/lmr/bx/n --> OT1/lmss/bx/n on input line 8.
LaTeX Font Info:    Redeclaring math alphabet \mathsf on input line 8.
LaTeX Font Info:    Overwriting math alphabet `\mathsf' in version `normal'
(Font)                  OT1/lmss/m/n --> OT1/lmss/m/n on input line 8.
LaTeX Font Info:    Overwriting math alphabet `\mathsf' in version `bold'
(Font)                  OT1/lmss/bx/n --> OT1/lmss/m/n on input line 8.
LaTeX Font Info:    Redeclaring math alphabet \mathit on input line 8.
LaTeX Font Info:    Overwriting math alphabet `\mathit' in version `normal'
(Font)                  OT1/lmr/m/it --> OT1/lmss/m/it on input line 8.
LaTeX Font Info:    Overwriting math alphabet `\mathit' in version `bold'
(Font)                  OT1/lmr/bx/it --> OT1/lmss/m/it on input line 8.
LaTeX Font Info:    Redeclaring math alphabet \mathtt on input line 8.
LaTeX Font Info:    Overwriting math alphabet `\mathtt' in version `normal'
(Font)                  OT1/lmtt/m/n --> OT1/lmtt/m/n on input line 8.
LaTeX Font Info:    Overwriting math alphabet `\mathtt' in version `bold'
(Font)                  OT1/lmtt/m/n --> OT1/lmtt/m/n on input line 8.
LaTeX Font Info:    Overwriting symbol font `numbers' in version `bold'
(Font)                  OT1/lmss/m/n --> OT1/lmss/bx/n on input line 8.
LaTeX Font Info:    Overwriting symbol font `pureletters' in version `bold'
(Font)                  OT1/lmss/m/it --> OT1/lmss/bx/it on input line 8.
LaTeX Font Info:    Overwriting math alphabet `\mathrm' in version `bold'
(Font)                  OT1/lmss/bx/n --> OT1/lmr/bx/n on input line 8.
LaTeX Font Info:    Overwriting math alphabet `\mathbf' in version `bold'
(Font)                  OT1/lmss/bx/n --> OT1/lmss/bx/n on input line 8.
LaTeX Font Info:    Overwriting math alphabet `\mathsf' in version `bold'
(Font)                  OT1/lmss/m/n --> OT1/lmss/bx/n on input line 8.
LaTeX Font Info:    Overwriting math alphabet `\mathit' in version `bold'
(Font)                  OT1/lmss/m/it --> OT1/lmss/bx/it on input line 8.
LaTeX Font Info:    Overwriting math alphabet `\mathtt' in version `bold'
(Font)                  OT1/lmtt/m/n --> OT1/lmtt/bx/n on input line 8.

("C:\Users\yogesh.kulkarni\AppData\Local\Programs\MiKTeX 2.9\tex/latex/translat
or\translator-basic-dictionary-English.dict"
Dictionary: translator-basic-dictionary, Language: English 
)
("C:\Users\yogesh.kulkarni\AppData\Local\Programs\MiKTeX 2.9\tex/latex/translat
or\translator-bibliography-dictionary-English.dict"
Dictionary: translator-bibliography-dictionary, Language: English 
)
("C:\Users\yogesh.kulkarni\AppData\Local\Programs\MiKTeX 2.9\tex/latex/translat
or\translator-environment-dictionary-English.dict"
Dictionary: translator-environment-dictionary, Language: English 
)
("C:\Users\yogesh.kulkarni\AppData\Local\Programs\MiKTeX 2.9\tex/latex/translat
or\translator-months-dictionary-English.dict"
Dictionary: translator-months-dictionary, Language: English 
)
("C:\Users\yogesh.kulkarni\AppData\Local\Programs\MiKTeX 2.9\tex/latex/translat
or\translator-numbers-dictionary-English.dict"
Dictionary: translator-numbers-dictionary, Language: English 
)
("C:\Users\yogesh.kulkarni\AppData\Local\Programs\MiKTeX 2.9\tex/latex/translat
or\translator-theorem-dictionary-English.dict"
Dictionary: translator-theorem-dictionary, Language: English 
)
\c@lstlisting=\count364

(Main_Workshop_Chatbot_Presentation.nav)
LaTeX Font Info:    Try loading font information for OT1+lmr on input line 8.

("C:\Users\yogesh.kulkarni\AppData\Local\Programs\MiKTeX 2.9\tex/latex/lm\ot1lm
r.fd"
File: ot1lmr.fd 2009/10/30 v1.6 Font defs for Latin Modern
)

LaTeX Font Warning: Font shape `OT1/lmss/m/sc' in size <5> not available
(Font)              Font shape `OT1/lmr/m/sc' tried instead on input line 8.


LaTeX Font Warning: Font shape `OT1/lmss/bx/sc' undefined
(Font)              using `OT1/lmss/bx/n' instead on input line 8.


LaTeX Font Warning: Font shape `OT1/lmr/bx/sc' undefined
(Font)              using `OT1/lmr/bx/n' instead on input line 8.


LaTeX Font Warning: Font shape `OT1/lmss/m/sc' in size <9> not available
(Font)              Font shape `OT1/lmr/m/sc' tried instead on input line 13.

[1{C:/Users/yogesh.kulkarni/AppData/Local/MiKTeX/2.9/pdftex/config/pdftex.map}

] (chatbot_workshop_content.tex (Main_Workshop_Chatbot_Presentation.toc)
[2

] (chatbot_intro.tex
\openout4 = `Main_Workshop_Chatbot_Presentation.vrb'.

 (Main_Workshop_Chatbot_Presentation.vrb) [3

]
\openout4 = `Main_Workshop_Chatbot_Presentation.vrb'.


(Main_Workshop_Chatbot_Presentation.vrb
LaTeX Font Info:    Try loading font information for OML+lmm on input line 3.

("C:\Users\yogesh.kulkarni\AppData\Local\Programs\MiKTeX 2.9\tex/latex/lm\omllm
m.fd"
File: omllmm.fd 2009/10/30 v1.6 Font defs for Latin Modern
)
LaTeX Font Info:    Try loading font information for OMS+lmsy on input line 3.

("C:\Users\yogesh.kulkarni\AppData\Local\Programs\MiKTeX 2.9\tex/latex/lm\omslm
sy.fd"
File: omslmsy.fd 2009/10/30 v1.6 Font defs for Latin Modern
)
LaTeX Font Info:    Try loading font information for OMX+lmex on input line 3.

("C:\Users\yogesh.kulkarni\AppData\Local\Programs\MiKTeX 2.9\tex/latex/lm\omxlm
ex.fd"
File: omxlmex.fd 2009/10/30 v1.6 Font defs for Latin Modern
)
LaTeX Font Info:    External font `lmex10' loaded for size
(Font)              <6> on input line 3.
LaTeX Font Info:    External font `lmex10' loaded for size
(Font)              <5> on input line 3.
LaTeX Font Info:    Try loading font information for U+msa on input line 3.

("C:\Users\yogesh.kulkarni\AppData\Local\Programs\MiKTeX 2.9\tex/latex/amsfonts
\umsa.fd"
File: umsa.fd 2013/01/14 v3.01 AMS symbols A
)
LaTeX Font Info:    Try loading font information for U+msb on input line 3.

("C:\Users\yogesh.kulkarni\AppData\Local\Programs\MiKTeX 2.9\tex/latex/amsfonts
\umsb.fd"
File: umsb.fd 2013/01/14 v3.01 AMS symbols B
)
LaTeX Font Info:    Font shape `OT1/lmss/m/it' in size <6> not available
(Font)              Font shape `OT1/lmss/m/sl' tried instead on input line 3.
LaTeX Font Info:    Font shape `OT1/lmss/m/it' in size <5> not available
(Font)              Font shape `OT1/lmss/m/sl' tried instead on input line 3.
<images/nlp10.png, id=311, 496.10344pt x 184.43906pt>
File: images/nlp10.png Graphic file (type png)
<use images/nlp10.png>
Package pdftex.def Info: images/nlp10.png  used on input line 13.
(pdftex.def)             Requested size: 153.64493pt x 57.12204pt.
) [4

 <./images/nlp10.png>]
\openout4 = `Main_Workshop_Chatbot_Presentation.vrb'.

 (Main_Workshop_Chatbot_Presentation.vrb)
[5

]
\openout4 = `Main_Workshop_Chatbot_Presentation.vrb'.

 (Main_Workshop_Chatbot_Presentation.vrb) [6

]
\openout4 = `Main_Workshop_Chatbot_Presentation.vrb'.


(Main_Workshop_Chatbot_Presentation.vrb
<images/chatbot28.png, id=521, 278.54062pt x 170.88844pt>
File: images/chatbot28.png Graphic file (type png)
<use images/chatbot28.png>
Package pdftex.def Info: images/chatbot28.png  used on input line 7.
(pdftex.def)             Requested size: 307.28987pt x 188.53065pt.
)
Overfull \vbox (7.385pt too high) detected at line 70
 []

[7

 <./images/chatbot28.png>]
\openout4 = `Main_Workshop_Chatbot_Presentation.vrb'.

 (Main_Workshop_Chatbot_Presentation.vrb
<images/chatbot37.png, id=592, 477.25471pt x 421.34773pt>
File: images/chatbot37.png Graphic file (type png)
<use images/chatbot37.png>
Package pdftex.def Info: images/chatbot37.png  used on input line 7.
(pdftex.def)             Requested size: 122.91406pt x 108.51271pt.
) [8

 <./images/chatbot37.png>]
\openout4 = `Main_Workshop_Chatbot_Presentation.vrb'.

 (Main_Workshop_Chatbot_Presentation.vrb
<images/chatbot52.png, id=664, 658.71094pt x 247.67531pt>
File: images/chatbot52.png Graphic file (type png)
<use images/chatbot52.png>
Package pdftex.def Info: images/chatbot52.png  used on input line 4.
(pdftex.def)             Requested size: 307.28987pt x 115.54196pt.
) [9

 <./images/chatbot52.png>]
\openout4 = `Main_Workshop_Chatbot_Presentation.vrb'.

 (Main_Workshop_Chatbot_Presentation.vrb) [10

]
\openout4 = `Main_Workshop_Chatbot_Presentation.vrb'.


(Main_Workshop_Chatbot_Presentation.vrb
<images/chatbot21.png, id=803, 602.25pt x 602.25pt>
File: images/chatbot21.png Graphic file (type png)
<use images/chatbot21.png>
Package pdftex.def Info: images/chatbot21.png  used on input line 4.
(pdftex.def)             Requested size: 153.64493pt x 153.64064pt.
) [11

 <./images/chatbot21.png>]
\openout4 = `Main_Workshop_Chatbot_Presentation.vrb'.


(Main_Workshop_Chatbot_Presentation.vrb
<images/chatbot29.jpeg, id=873, 1204.5pt x 677.53125pt>
File: images/chatbot29.jpeg Graphic file (type jpg)
<use images/chatbot29.jpeg>
Package pdftex.def Info: images/chatbot29.jpeg  used on input line 6.
(pdftex.def)             Requested size: 307.28987pt x 172.84572pt.
) [12

 <./images/chatbot29.jpeg>]
\openout4 = `Main_Workshop_Chatbot_Presentation.vrb'.


(Main_Workshop_Chatbot_Presentation.vrb
<images/chatbot30.jpeg, id=943, 1204.5pt x 677.53125pt>
File: images/chatbot30.jpeg Graphic file (type jpg)
<use images/chatbot30.jpeg>
Package pdftex.def Info: images/chatbot30.jpeg  used on input line 4.
(pdftex.def)             Requested size: 307.28987pt x 172.84572pt.
) [13

 <./images/chatbot30.jpeg>]
\openout4 = `Main_Workshop_Chatbot_Presentation.vrb'.


(Main_Workshop_Chatbot_Presentation.vrb) [14

]
\openout4 = `Main_Workshop_Chatbot_Presentation.vrb'.


(Main_Workshop_Chatbot_Presentation.vrb
<images/chatbot24.png, id=1083, 574.145pt x 537.00626pt>
File: images/chatbot24.png Graphic file (type png)
<use images/chatbot24.png>
Package pdftex.def Info: images/chatbot24.png  used on input line 6.
(pdftex.def)             Requested size: 153.64493pt x 143.69896pt.
) [15

 <./images/chatbot24.png>]
\openout4 = `Main_Workshop_Chatbot_Presentation.vrb'.


(Main_Workshop_Chatbot_Presentation.vrb
<images/chatbot19a.png, id=1154, 594.72188pt x 1123.19624pt>
File: images/chatbot19a.png Graphic file (type png)
<use images/chatbot19a.png>
Package pdftex.def Info: images/chatbot19a.png  used on input line 18.
(pdftex.def)             Requested size: 92.18788pt x 174.09361pt.
) [16

 <./images/chatbot19a.png>]
\openout4 = `Main_Workshop_Chatbot_Presentation.vrb'.


(Main_Workshop_Chatbot_Presentation.vrb
<images/chatbot19b.png, id=1224, 601.4972pt x 922.19531pt>
File: images/chatbot19b.png Graphic file (type png)
<use images/chatbot19b.png>
Package pdftex.def Info: images/chatbot19b.png  used on input line 6.
(pdftex.def)             Requested size: 92.18788pt x 141.33464pt.
<images/chatbot19c.png, id=1225, 598.48593pt x 846.91406pt>
File: images/chatbot19c.png Graphic file (type png)
<use images/chatbot19c.png>
Package pdftex.def Info: images/chatbot19c.png  used on input line 12.
(pdftex.def)             Requested size: 92.18788pt x 130.44325pt.
) [17

 <./images/chatbot19b.png> <./images/chatbot19c.png>]
\openout4 = `Main_Workshop_Chatbot_Presentation.vrb'.

 (Main_Workshop_Chatbot_Presentation.vrb
<images/nlp1.png, id=1295, 710.655pt x 301.8778pt>
File: images/nlp1.png Graphic file (type png)
<use images/nlp1.png>
Package pdftex.def Info: images/nlp1.png  used on input line 3.
(pdftex.def)             Requested size: 245.83282pt x 104.42432pt.
) [18

 <./images/nlp1.png>]
\openout4 = `Main_Workshop_Chatbot_Presentation.vrb'.

 (Main_Workshop_Chatbot_Presentation.vrb) [19

]
\openout4 = `Main_Workshop_Chatbot_Presentation.vrb'.


(Main_Workshop_Chatbot_Presentation.vrb
<images/chatbot20a.png, id=1435, 487.8225pt x 313.17pt>
File: images/chatbot20a.png Graphic file (type png)
<use images/chatbot20a.png>
Package pdftex.def Info: images/chatbot20a.png  used on input line 6.
(pdftex.def)             Requested size: 153.64493pt x 98.63472pt.
<images/chatbot20b.png, id=1436, 487.8225pt x 440.39531pt>
File: images/chatbot20b.png Graphic file (type png)
<use images/chatbot20b.png>
Package pdftex.def Info: images/chatbot20b.png  used on input line 15.
(pdftex.def)             Requested size: 153.64493pt x 138.7051pt.
) [20

 <./images/chatbot20a.png> <./images/chatbot20b.png>]
\openout4 = `Main_Workshop_Chatbot_Presentation.vrb'.

 (Main_Workshop_Chatbot_Presentation.vrb
<images/chatbot20c.png, id=1506, 488.57532pt x 500.62032pt>
File: images/chatbot20c.png Graphic file (type png)
<use images/chatbot20c.png>
Package pdftex.def Info: images/chatbot20c.png  used on input line 6.
(pdftex.def)             Requested size: 153.64493pt x 157.43651pt.
<images/chatbot20d.png, id=1507, 489.32813pt x 332.74312pt>
File: images/chatbot20d.png Graphic file (type png)
<use images/chatbot20d.png>
Package pdftex.def Info: images/chatbot20d.png  used on input line 12.
(pdftex.def)             Requested size: 153.64493pt x 104.47952pt.
) [21

 <./images/chatbot20c.png> <./images/chatbot20d.png>]
\openout4 = `Main_Workshop_Chatbot_Presentation.vrb'.

 (Main_Workshop_Chatbot_Presentation.vrb)
[22

]
\openout4 = `Main_Workshop_Chatbot_Presentation.vrb'.

 (Main_Workshop_Chatbot_Presentation.vrb) [23

]
\openout4 = `Main_Workshop_Chatbot_Presentation.vrb'.


(Main_Workshop_Chatbot_Presentation.vrb) [24

])
(Main_Workshop_Chatbot_Presentation.toc) [25

] (chatbot_platforms.tex
\openout4 = `Main_Workshop_Chatbot_Presentation.vrb'.


(Main_Workshop_Chatbot_Presentation.vrb) [26

]
\openout4 = `Main_Workshop_Chatbot_Presentation.vrb'.


(Main_Workshop_Chatbot_Presentation.vrb) [27

]
\openout4 = `Main_Workshop_Chatbot_Presentation.vrb'.


(Main_Workshop_Chatbot_Presentation.vrb
<images/rasa25.png, id=1930, 450.9347pt x 395.22656pt>
File: images/rasa25.png Graphic file (type png)
<use images/rasa25.png>
Package pdftex.def Info: images/rasa25.png  used on input line 5.
(pdftex.def)             Requested size: 184.3758pt x 161.59766pt.
) [28

 <./images/rasa25.png>]
\openout4 = `Main_Workshop_Chatbot_Presentation.vrb'.


(Main_Workshop_Chatbot_Presentation.vrb
<images/chatbot56.png, id=2000, 1204.5pt x 803.0pt>
File: images/chatbot56.png Graphic file (type png)
<use images/chatbot56.png>
Package pdftex.def Info: images/chatbot56.png  used on input line 13.
(pdftex.def)             Requested size: 153.64493pt x 102.42096pt.
) [29

 <./images/chatbot56.png>]
\openout4 = `Main_Workshop_Chatbot_Presentation.vrb'.


(Main_Workshop_Chatbot_Presentation.vrb
<images/chatbot57.png, id=2071, 1035.87pt x 721.69624pt>
File: images/chatbot57.png Graphic file (type png)
<use images/chatbot57.png>
Package pdftex.def Info: images/chatbot57.png  used on input line 10.
(pdftex.def)             Requested size: 184.3758pt x 128.4461pt.
) [30

 <./images/chatbot57.png>]
\openout4 = `Main_Workshop_Chatbot_Presentation.vrb'.


(Main_Workshop_Chatbot_Presentation.vrb
<images/chatbot58.png, id=2142, 1362.08875pt x 767.86874pt>
File: images/chatbot58.png Graphic file (type png)
<use images/chatbot58.png>
Package pdftex.def Info: images/chatbot58.png  used on input line 9.
(pdftex.def)             Requested size: 184.3758pt x 103.939pt.
) [31

 <./images/chatbot58.png>]
\openout4 = `Main_Workshop_Chatbot_Presentation.vrb'.


(Main_Workshop_Chatbot_Presentation.vrb
<images/chatbot59.png, id=2214, 1405.25pt x 765.86125pt>
File: images/chatbot59.png Graphic file (type png)
<use images/chatbot59.png>
Package pdftex.def Info: images/chatbot59.png  used on input line 8.
(pdftex.def)             Requested size: 184.3758pt x 100.47696pt.
) [32

 <./images/chatbot59.png>]
\openout4 = `Main_Workshop_Chatbot_Presentation.vrb'.


(Main_Workshop_Chatbot_Presentation.vrb
<images/chatbot60.png, id=2285, 787.94376pt x 339.2675pt>
File: images/chatbot60.png Graphic file (type png)
<use images/chatbot60.png>
Package pdftex.def Info: images/chatbot60.png  used on input line 7.
(pdftex.def)             Requested size: 184.3758pt x 79.3862pt.
) [33

 <./images/chatbot60.png>]
\openout4 = `Main_Workshop_Chatbot_Presentation.vrb'.


(Main_Workshop_Chatbot_Presentation.vrb) [34

]
\openout4 = `Main_Workshop_Chatbot_Presentation.vrb'.


(Main_Workshop_Chatbot_Presentation.vrb
<images/rasa26.png, id=2425, 472.76625pt x 350.05782pt>
File: images/rasa26.png Graphic file (type png)
<use images/rasa26.png>
Package pdftex.def Info: images/rasa26.png  used on input line 5.
(pdftex.def)             Requested size: 184.3758pt x 136.52199pt.
) [35

 <./images/rasa26.png>]
\openout4 = `Main_Workshop_Chatbot_Presentation.vrb'.


(Main_Workshop_Chatbot_Presentation.vrb) [36

]
\openout4 = `Main_Workshop_Chatbot_Presentation.vrb'.


(Main_Workshop_Chatbot_Presentation.vrb
<images/rasa14.png, id=2564, 685.05937pt x 202.50656pt>
File: images/rasa14.png Graphic file (type png)
<use images/rasa14.png>
Package pdftex.def Info: images/rasa14.png  used on input line 5.
(pdftex.def)             Requested size: 307.28987pt x 90.83972pt.
) [37

 <./images/rasa14.png>]
\openout4 = `Main_Workshop_Chatbot_Presentation.vrb'.


(Main_Workshop_Chatbot_Presentation.vrb) [38

]
\openout4 = `Main_Workshop_Chatbot_Presentation.vrb'.


(Main_Workshop_Chatbot_Presentation.vrb) [39

]
\openout4 = `Main_Workshop_Chatbot_Presentation.vrb'.


(Main_Workshop_Chatbot_Presentation.vrb) [40

]
\openout4 = `Main_Workshop_Chatbot_Presentation.vrb'.


(Main_Workshop_Chatbot_Presentation.vrb
<images/chatbot22.png, id=2842, 327.47343pt x 230.36063pt>
File: images/chatbot22.png Graphic file (type png)
<use images/chatbot22.png>
Package pdftex.def Info: images/chatbot22.png  used on input line 6.
(pdftex.def)             Requested size: 184.3758pt x 129.69702pt.
) [41

 <./images/chatbot22.png>]
\openout4 = `Main_Workshop_Chatbot_Presentation.vrb'.


(Main_Workshop_Chatbot_Presentation.vrb) [42

]
\openout4 = `Main_Workshop_Chatbot_Presentation.vrb'.


(Main_Workshop_Chatbot_Presentation.vrb
<images/chatbot23.png, id=2981, 281.55188pt x 355.3275pt>
File: images/chatbot23.png Graphic file (type png)
<use images/chatbot23.png>
Package pdftex.def Info: images/chatbot23.png  used on input line 13.
(pdftex.def)             Requested size: 153.64493pt x 193.90718pt.
)
Overfull \vbox (16.01152pt too high) detected at line 238
 []

[43

 <./images/chatbot23.png>]
\openout4 = `Main_Workshop_Chatbot_Presentation.vrb'.

 (Main_Workshop_Chatbot_Presentation.vrb) [44

]
\openout4 = `Main_Workshop_Chatbot_Presentation.vrb'.


(Main_Workshop_Chatbot_Presentation.vrb
<images/rasa19.png, id=3121, 998.22937pt x 350.05782pt>
File: images/rasa19.png Graphic file (type png)
<use images/rasa19.png>
Package pdftex.def Info: images/rasa19.png  used on input line 8.
(pdftex.def)             Requested size: 307.28987pt x 107.7583pt.
) [45

 <./images/rasa19.png>]
\openout4 = `Main_Workshop_Chatbot_Presentation.vrb'.


(Main_Workshop_Chatbot_Presentation.vrb) [46

]
\openout4 = `Main_Workshop_Chatbot_Presentation.vrb'.


(Main_Workshop_Chatbot_Presentation.vrb) [47

]) (chatbot_development.tex
\openout4 = `Main_Workshop_Chatbot_Presentation.vrb'.


(Main_Workshop_Chatbot_Presentation.vrb) [48

]
\openout4 = `Main_Workshop_Chatbot_Presentation.vrb'.


(Main_Workshop_Chatbot_Presentation.vrb
<images/chatbot38.png, id=3398, 557.37pt x 495.0pt>
File: images/chatbot38.png Graphic file (type png)
<use images/chatbot38.png>
Package pdftex.def Info: images/chatbot38.png  used on input line 6.
(pdftex.def)             Requested size: 153.64493pt x 136.45398pt.
) [49

 <./images/chatbot38.png>]
\openout4 = `Main_Workshop_Chatbot_Presentation.vrb'.


(Main_Workshop_Chatbot_Presentation.vrb
<images/chatbot39.png, id=3470, 557.37pt x 495.0pt>
File: images/chatbot39.png Graphic file (type png)
<use images/chatbot39.png>
Package pdftex.def Info: images/chatbot39.png  used on input line 5.
(pdftex.def)             Requested size: 153.64493pt x 136.45398pt.
) [50

 <./images/chatbot39.png>]
\openout4 = `Main_Workshop_Chatbot_Presentation.vrb'.


(Main_Workshop_Chatbot_Presentation.vrb
<images/chatbot40.png, id=3541, 557.37pt x 495.0pt>
File: images/chatbot40.png Graphic file (type png)
<use images/chatbot40.png>
Package pdftex.def Info: images/chatbot40.png  used on input line 5.
(pdftex.def)             Requested size: 153.64493pt x 136.45398pt.
)
Overfull \vbox (8.75429pt too high) detected at line 74
 []

[51

 <./images/chatbot40.png>]
\openout4 = `Main_Workshop_Chatbot_Presentation.vrb'.

 (Main_Workshop_Chatbot_Presentation.vrb
<images/chatbot41.png, id=3612, 557.37pt x 495.0pt>
File: images/chatbot41.png Graphic file (type png)
<use images/chatbot41.png>
Package pdftex.def Info: images/chatbot41.png  used on input line 5.
(pdftex.def)             Requested size: 153.64493pt x 136.45398pt.
)
Overfull \vbox (17.95428pt too high) detected at line 97
 []

[52

 <./images/chatbot41.png>]
\openout4 = `Main_Workshop_Chatbot_Presentation.vrb'.

 (Main_Workshop_Chatbot_Presentation.vrb
<images/chatbot42.png, id=3683, 557.37pt x 495.0pt>
File: images/chatbot42.png Graphic file (type png)
<use images/chatbot42.png>
Package pdftex.def Info: images/chatbot42.png  used on input line 5.
(pdftex.def)             Requested size: 153.64493pt x 136.45398pt.
) [53

 <./images/chatbot42.png>]
\openout4 = `Main_Workshop_Chatbot_Presentation.vrb'.

 (Main_Workshop_Chatbot_Presentation.vrb
<images/chatbot43.png, id=3754, 557.37pt x 495.0pt>
File: images/chatbot43.png Graphic file (type png)
<use images/chatbot43.png>
Package pdftex.def Info: images/chatbot43.png  used on input line 5.
(pdftex.def)             Requested size: 153.64493pt x 136.45398pt.
) [54

 <./images/chatbot43.png>]
\openout4 = `Main_Workshop_Chatbot_Presentation.vrb'.

 (Main_Workshop_Chatbot_Presentation.vrb
<images/chatbot44.png, id=3825, 557.37pt x 495.0pt>
File: images/chatbot44.png Graphic file (type png)
<use images/chatbot44.png>
Package pdftex.def Info: images/chatbot44.png  used on input line 5.
(pdftex.def)             Requested size: 153.64493pt x 136.45398pt.
) [55

 <./images/chatbot44.png>]
\openout4 = `Main_Workshop_Chatbot_Presentation.vrb'.

 (Main_Workshop_Chatbot_Presentation.vrb
<images/chatbot45.png, id=3897, 557.37pt x 495.0pt>
File: images/chatbot45.png Graphic file (type png)
<use images/chatbot45.png>
Package pdftex.def Info: images/chatbot45.png  used on input line 5.
(pdftex.def)             Requested size: 153.64493pt x 136.45398pt.
) [56

 <./images/chatbot45.png>]
\openout4 = `Main_Workshop_Chatbot_Presentation.vrb'.


(Main_Workshop_Chatbot_Presentation.vrb
<images/chatbot46.png, id=3968, 557.37pt x 495.0pt>
File: images/chatbot46.png Graphic file (type png)
<use images/chatbot46.png>
Package pdftex.def Info: images/chatbot46.png  used on input line 5.
(pdftex.def)             Requested size: 153.64493pt x 136.45398pt.
<images/chatbot47.png, id=3969, 671.50874pt x 70.2625pt>
File: images/chatbot47.png Graphic file (type png)
<use images/chatbot47.png>
Package pdftex.def Info: images/chatbot47.png  used on input line 7.
(pdftex.def)             Requested size: 153.64493pt x 16.0764pt.
) [57

 <./images/chatbot46.png> <./images/chatbot47.png>]
\openout4 = `Main_Workshop_Chatbot_Presentation.vrb'.

 (Main_Workshop_Chatbot_Presentation.vrb
<images/chatbot48.png, id=4041, 557.37pt x 495.0pt>
File: images/chatbot48.png Graphic file (type png)
<use images/chatbot48.png>
Package pdftex.def Info: images/chatbot48.png  used on input line 5.
(pdftex.def)             Requested size: 153.64493pt x 136.45398pt.
)
Overfull \vbox (3.8583pt too high) detected at line 222
 []

[58

 <./images/chatbot48.png>]
\openout4 = `Main_Workshop_Chatbot_Presentation.vrb'.

 (Main_Workshop_Chatbot_Presentation.vrb
<images/chatbot49.png, id=4112, 557.37pt x 495.0pt>
File: images/chatbot49.png Graphic file (type png)
<use images/chatbot49.png>
Package pdftex.def Info: images/chatbot49.png  used on input line 5.
(pdftex.def)             Requested size: 153.64493pt x 136.45398pt.
) [59

 <./images/chatbot49.png>]
\openout4 = `Main_Workshop_Chatbot_Presentation.vrb'.

 (Main_Workshop_Chatbot_Presentation.vrb
<images/chatbot50.png, id=4183, 557.37pt x 495.0pt>
File: images/chatbot50.png Graphic file (type png)
<use images/chatbot50.png>
Package pdftex.def Info: images/chatbot50.png  used on input line 5.
(pdftex.def)             Requested size: 153.64493pt x 136.45398pt.
) [60

 <./images/chatbot50.png>]
\openout4 = `Main_Workshop_Chatbot_Presentation.vrb'.

 (Main_Workshop_Chatbot_Presentation.vrb
<images/chatbot51.png, id=4254, 557.37pt x 495.0pt>
File: images/chatbot51.png Graphic file (type png)
<use images/chatbot51.png>
Package pdftex.def Info: images/chatbot51.png  used on input line 5.
(pdftex.def)             Requested size: 153.64493pt x 136.45398pt.
) [61

 <./images/chatbot51.png>])) [62

]
\tf@nav=\write6
\openout6 = `Main_Workshop_Chatbot_Presentation.nav'.

\tf@toc=\write7
\openout7 = `Main_Workshop_Chatbot_Presentation.toc'.

\tf@snm=\write8
\openout8 = `Main_Workshop_Chatbot_Presentation.snm'.

Package atveryend Info: Empty hook `BeforeClearDocument' on input line 24.
Package atveryend Info: Empty hook `AfterLastShipout' on input line 24.
 (Main_Workshop_Chatbot_Presentation.aux)
Package atveryend Info: Executing hook `AtVeryEndDocument' on input line 24.
Package atveryend Info: Executing hook `AtEndAfterFileList' on input line 24.
Package rerunfilecheck Info: File `Main_Workshop_Chatbot_Presentation.out' has 
not changed.
(rerunfilecheck)             Checksum: 3941D1BFF59EC14F684E65974165EF9D;156.


LaTeX Font Warning: Some font shapes were not available, defaults substituted.

 ) 
Here is how much of TeX's memory you used:
 35437 strings out of 492895
 711787 string characters out of 3119065
 935315 words of memory out of 3000000
 38420 multiletter control sequences out of 15000+200000
 582637 words of font info for 52 fonts, out of 3000000 for 9000
 1141 hyphenation exceptions out of 8191
 63i,17n,98p,832b,773s stack positions out of 5000i,500n,10000p,200000b,50000s
{C:/Users/yogesh.kulkarni/AppData/Local/Programs/MiKTeX 2.9/fonts/enc/dvips/l
m/lm-rm.enc}{C:/Users/yogesh.kulkarni/AppData/Local/Programs/MiKTeX 2.9/fonts/e
nc/dvips/lm/lm-rmsc.enc}<C:/Users/yogesh.kulkarni/AppData/Local/Programs/MiKTeX
 2.9/fonts/type1/public/lm/lmbx10.pfb><C:/Users/yogesh.kulkarni/AppData/Local/P
rograms/MiKTeX 2.9/fonts/type1/public/lm/lmbx5.pfb><C:/Users/yogesh.kulkarni/Ap
pData/Local/Programs/MiKTeX 2.9/fonts/type1/public/lm/lmbx6.pfb><C:/Users/yoges
h.kulkarni/AppData/Local/Programs/MiKTeX 2.9/fonts/type1/public/lm/lmcsc10.pfb>
<C:/Users/yogesh.kulkarni/AppData/Local/Programs/MiKTeX 2.9/fonts/type1/public/
lm/lmss10.pfb><C:/Users/yogesh.kulkarni/AppData/Local/Programs/MiKTeX 2.9/fonts
/type1/public/lm/lmss8.pfb><C:/Users/yogesh.kulkarni/AppData/Local/Programs/MiK
TeX 2.9/fonts/type1/public/lm/lmss9.pfb><C:/Users/yogesh.kulkarni/AppData/Local
/Programs/MiKTeX 2.9/fonts/type1/public/amsfonts/symbols/msam7.pfb>
Output written on Main_Workshop_Chatbot_Presentation.pdf (62 pages, 8758930 byt
es).
PDF statistics:
 4454 PDF objects out of 5155 (max. 8388607)
 127 named destinations out of 1000 (max. 500000)
 304 words of extra memory for PDF output out of 10000 (max. 10000000)

