This is pdfTeX, Version 3.141592653-2.6-1.40.23 (MiKTeX 21.10) (preloaded format=pdflatex 2021.11.9)  27 NOV 2021 11:13
entering extended mode
**C:/YogeshKulkarni/Personal/Github_TeachingDataScience/LaTeX/Main_Workshop_Sof
tware_Presentation.tex

(C:/YogeshKulkarni/Personal/Github_TeachingDataScience/LaTeX/Main_Workshop_Soft
ware_Presentation.tex
LaTeX2e <2021-06-01> patch level 1
L3 programming layer <2021-10-18>
(C:\Users\yogesh.kulkarni\AppData\Local\Programs\MiKTeX 2.9\tex/latex/beamer\be
amer.cls
Document Class: beamer 2021/10/18 v3.64 A class for typesetting presentations

(C:\Users\yogesh.kulkarni\AppData\Local\Programs\MiKTeX 2.9\tex/latex/beamer\be
amerbasemodes.sty
(C:\Users\yogesh.kulkarni\AppData\Local\Programs\MiKTeX 2.9\tex/latex/etoolbox\
etoolbox.sty
Package: etoolbox 2020/10/05 v2.5k e-TeX tools for LaTeX (JAW)
\etb@tempcnta=\count182
)
\beamer@tempbox=\box50
\beamer@tempcount=\count183
\c@beamerpauses=\count184

(C:\Users\yogesh.kulkarni\AppData\Local\Programs\MiKTeX 2.9\tex/latex/beamer\be
amerbasedecode.sty
\beamer@slideinframe=\count185
\beamer@minimum=\count186
\beamer@decode@box=\box51
)
\beamer@commentbox=\box52
\beamer@modecount=\count187
)
(C:\Users\yogesh.kulkarni\AppData\Local\Programs\MiKTeX 2.9\tex/generic/iftex\i
fpdf.sty
Package: ifpdf 2019/10/25 v3.4 ifpdf legacy package. Use iftex instead.

(C:\Users\yogesh.kulkarni\AppData\Local\Programs\MiKTeX 2.9\tex/generic/iftex\i
ftex.sty
Package: iftex 2020/03/06 v1.0d TeX engine tests
))
\headdp=\dimen138
\footheight=\dimen139
\sidebarheight=\dimen140
\beamer@tempdim=\dimen141
\beamer@finalheight=\dimen142
\beamer@animht=\dimen143
\beamer@animdp=\dimen144
\beamer@animwd=\dimen145
\beamer@leftmargin=\dimen146
\beamer@rightmargin=\dimen147
\beamer@leftsidebar=\dimen148
\beamer@rightsidebar=\dimen149
\beamer@boxsize=\dimen150
\beamer@vboxoffset=\dimen151
\beamer@descdefault=\dimen152
\beamer@descriptionwidth=\dimen153
\beamer@lastskip=\skip47
\beamer@areabox=\box53
\beamer@animcurrent=\box54
\beamer@animshowbox=\box55
\beamer@sectionbox=\box56
\beamer@logobox=\box57
\beamer@linebox=\box58
\beamer@sectioncount=\count188
\beamer@subsubsectionmax=\count189
\beamer@subsectionmax=\count190
\beamer@sectionmax=\count191
\beamer@totalheads=\count192
\beamer@headcounter=\count193
\beamer@partstartpage=\count194
\beamer@sectionstartpage=\count195
\beamer@subsectionstartpage=\count196
\beamer@animationtempa=\count197
\beamer@animationtempb=\count198
\beamer@xpos=\count199
\beamer@ypos=\count266
\beamer@ypos@offset=\count267
\beamer@showpartnumber=\count268
\beamer@currentsubsection=\count269
\beamer@coveringdepth=\count270
\beamer@sectionadjust=\count271
\beamer@toclastsection=\count272
\beamer@tocsectionnumber=\count273

(C:\Users\yogesh.kulkarni\AppData\Local\Programs\MiKTeX 2.9\tex/latex/beamer\be
amerbaseoptions.sty
(C:\Users\yogesh.kulkarni\AppData\Local\Programs\MiKTeX 2.9\tex/latex/graphics\
keyval.sty
Package: keyval 2014/10/28 v1.15 key=value parser (DPC)
\KV@toks@=\toks16
))
\beamer@paperwidth=\skip48
\beamer@paperheight=\skip49

(C:\Users\yogesh.kulkarni\AppData\Local\Programs\MiKTeX 2.9\tex/latex/geometry\
geometry.sty
Package: geometry 2020/01/02 v5.9 Page Geometry

(C:\Users\yogesh.kulkarni\AppData\Local\Programs\MiKTeX 2.9\tex/generic/iftex\i
fvtex.sty
Package: ifvtex 2019/10/25 v1.7 ifvtex legacy package. Use iftex instead.
)
\Gm@cnth=\count274
\Gm@cntv=\count275
\c@Gm@tempcnt=\count276
\Gm@bindingoffset=\dimen154
\Gm@wd@mp=\dimen155
\Gm@odd@mp=\dimen156
\Gm@even@mp=\dimen157
\Gm@layoutwidth=\dimen158
\Gm@layoutheight=\dimen159
\Gm@layouthoffset=\dimen160
\Gm@layoutvoffset=\dimen161
\Gm@dimlist=\toks17

(C:\Users\yogesh.kulkarni\AppData\Local\Programs\MiKTeX 2.9\tex/latex/geometry\
geometry.cfg))
(C:\Users\yogesh.kulkarni\AppData\Local\Programs\MiKTeX 2.9\tex/latex/extsizes\
size9.clo
File: size9.clo 1999/11/11 v1.4a NON-Standard LaTeX file (size option)
)
(C:\Users\yogesh.kulkarni\AppData\Local\Programs\MiKTeX 2.9\tex/latex/pgf/basic
layer\pgfcore.sty
(C:\Users\yogesh.kulkarni\AppData\Local\Programs\MiKTeX 2.9\tex/latex/graphics\
graphicx.sty
Package: graphicx 2020/12/05 v1.2c Enhanced LaTeX Graphics (DPC,SPQR)

(C:\Users\yogesh.kulkarni\AppData\Local\Programs\MiKTeX 2.9\tex/latex/graphics\
graphics.sty
Package: graphics 2021/03/04 v1.4d Standard LaTeX Graphics (DPC,SPQR)

(C:\Users\yogesh.kulkarni\AppData\Local\Programs\MiKTeX 2.9\tex/latex/graphics\
trig.sty
Package: trig 2016/01/03 v1.10 sin cos tan (DPC)
)
(C:\Users\yogesh.kulkarni\AppData\Local\Programs\MiKTeX 2.9\tex/latex/graphics-
cfg\graphics.cfg
File: graphics.cfg 2016/06/04 v1.11 sample graphics configuration
)
Package graphics Info: Driver file: pdftex.def on input line 107.

(C:\Users\yogesh.kulkarni\AppData\Local\Programs\MiKTeX 2.9\tex/latex/graphics-
def\pdftex.def
File: pdftex.def 2020/10/05 v1.2a Graphics/color driver for pdftex
))
\Gin@req@height=\dimen162
\Gin@req@width=\dimen163
)
(C:\Users\yogesh.kulkarni\AppData\Local\Programs\MiKTeX 2.9\tex/latex/pgf/syste
mlayer\pgfsys.sty
(C:\Users\yogesh.kulkarni\AppData\Local\Programs\MiKTeX 2.9\tex/latex/pgf/utili
ties\pgfrcs.sty
(C:\Users\yogesh.kulkarni\AppData\Local\Programs\MiKTeX 2.9\tex/generic/pgf/uti
lities\pgfutil-common.tex
\pgfutil@everybye=\toks18
\pgfutil@tempdima=\dimen164
\pgfutil@tempdimb=\dimen165

(C:\Users\yogesh.kulkarni\AppData\Local\Programs\MiKTeX 2.9\tex/generic/pgf/uti
lities\pgfutil-common-lists.tex))
(C:\Users\yogesh.kulkarni\AppData\Local\Programs\MiKTeX 2.9\tex/generic/pgf/uti
lities\pgfutil-latex.def
\pgfutil@abb=\box59
)
(C:\Users\yogesh.kulkarni\AppData\Local\Programs\MiKTeX 2.9\tex/generic/pgf/uti
lities\pgfrcs.code.tex
(C:\Users\yogesh.kulkarni\AppData\Local\Programs\MiKTeX 2.9\tex/generic/pgf\pgf
.revision.tex)
Package: pgfrcs 2021/05/15 v3.1.9a (3.1.9a)
))
(C:\Users\yogesh.kulkarni\AppData\Local\Programs\MiKTeX 2.9\tex/generic/pgf/sys
temlayer\pgfsys.code.tex
Package: pgfsys 2021/05/15 v3.1.9a (3.1.9a)

(C:\Users\yogesh.kulkarni\AppData\Local\Programs\MiKTeX 2.9\tex/generic/pgf/uti
lities\pgfkeys.code.tex
\pgfkeys@pathtoks=\toks19
\pgfkeys@temptoks=\toks20

(C:\Users\yogesh.kulkarni\AppData\Local\Programs\MiKTeX 2.9\tex/generic/pgf/uti
lities\pgfkeysfiltered.code.tex
\pgfkeys@tmptoks=\toks21
))
\pgf@x=\dimen166
\pgf@y=\dimen167
\pgf@xa=\dimen168
\pgf@ya=\dimen169
\pgf@xb=\dimen170
\pgf@yb=\dimen171
\pgf@xc=\dimen172
\pgf@yc=\dimen173
\pgf@xd=\dimen174
\pgf@yd=\dimen175
\w@pgf@writea=\write3
\r@pgf@reada=\read2
\c@pgf@counta=\count277
\c@pgf@countb=\count278
\c@pgf@countc=\count279
\c@pgf@countd=\count280
\t@pgf@toka=\toks22
\t@pgf@tokb=\toks23
\t@pgf@tokc=\toks24
\pgf@sys@id@count=\count281

(C:\Users\yogesh.kulkarni\AppData\Local\Programs\MiKTeX 2.9\tex/generic/pgf/sys
temlayer\pgf.cfg
File: pgf.cfg 2021/05/15 v3.1.9a (3.1.9a)
)
Driver file for pgf: pgfsys-pdftex.def

(C:\Users\yogesh.kulkarni\AppData\Local\Programs\MiKTeX 2.9\tex/generic/pgf/sys
temlayer\pgfsys-pdftex.def
File: pgfsys-pdftex.def 2021/05/15 v3.1.9a (3.1.9a)

(C:\Users\yogesh.kulkarni\AppData\Local\Programs\MiKTeX 2.9\tex/generic/pgf/sys
temlayer\pgfsys-common-pdf.def
File: pgfsys-common-pdf.def 2021/05/15 v3.1.9a (3.1.9a)
)))
(C:\Users\yogesh.kulkarni\AppData\Local\Programs\MiKTeX 2.9\tex/generic/pgf/sys
temlayer\pgfsyssoftpath.code.tex
File: pgfsyssoftpath.code.tex 2021/05/15 v3.1.9a (3.1.9a)
\pgfsyssoftpath@smallbuffer@items=\count282
\pgfsyssoftpath@bigbuffer@items=\count283
)
(C:\Users\yogesh.kulkarni\AppData\Local\Programs\MiKTeX 2.9\tex/generic/pgf/sys
temlayer\pgfsysprotocol.code.tex
File: pgfsysprotocol.code.tex 2021/05/15 v3.1.9a (3.1.9a)
))
(C:\Users\yogesh.kulkarni\AppData\Local\Programs\MiKTeX 2.9\tex/latex/xcolor\xc
olor.sty
Package: xcolor 2021/10/31 v2.13 LaTeX color extensions (UK)

(C:\Users\yogesh.kulkarni\AppData\Local\Programs\MiKTeX 2.9\tex/latex/graphics-
cfg\color.cfg
File: color.cfg 2016/01/02 v1.6 sample color configuration
)
Package xcolor Info: Driver file: pdftex.def on input line 227.
Package xcolor Info: Model `cmy' substituted by `cmy0' on input line 1352.
Package xcolor Info: Model `hsb' substituted by `rgb' on input line 1356.
Package xcolor Info: Model `RGB' extended on input line 1368.
Package xcolor Info: Model `HTML' substituted by `rgb' on input line 1370.
Package xcolor Info: Model `Hsb' substituted by `hsb' on input line 1371.
Package xcolor Info: Model `tHsb' substituted by `hsb' on input line 1372.
Package xcolor Info: Model `HSB' substituted by `hsb' on input line 1373.
Package xcolor Info: Model `Gray' substituted by `gray' on input line 1374.
Package xcolor Info: Model `wave' substituted by `hsb' on input line 1375.

(C:\Users\yogesh.kulkarni\AppData\Local\Programs\MiKTeX 2.9\tex/latex/graphics\
dvipsnam.def
File: dvipsnam.def 2016/06/17 v3.0m Driver-dependent file (DPC,SPQR)
))
(C:\Users\yogesh.kulkarni\AppData\Local\Programs\MiKTeX 2.9\tex/generic/pgf/bas
iclayer\pgfcore.code.tex
Package: pgfcore 2021/05/15 v3.1.9a (3.1.9a)

(C:\Users\yogesh.kulkarni\AppData\Local\Programs\MiKTeX 2.9\tex/generic/pgf/mat
h\pgfmath.code.tex
(C:\Users\yogesh.kulkarni\AppData\Local\Programs\MiKTeX 2.9\tex/generic/pgf/mat
h\pgfmathcalc.code.tex
(C:\Users\yogesh.kulkarni\AppData\Local\Programs\MiKTeX 2.9\tex/generic/pgf/mat
h\pgfmathutil.code.tex)
(C:\Users\yogesh.kulkarni\AppData\Local\Programs\MiKTeX 2.9\tex/generic/pgf/mat
h\pgfmathparser.code.tex
\pgfmath@dimen=\dimen176
\pgfmath@count=\count284
\pgfmath@box=\box60
\pgfmath@toks=\toks25
\pgfmath@stack@operand=\toks26
\pgfmath@stack@operation=\toks27
)
(C:\Users\yogesh.kulkarni\AppData\Local\Programs\MiKTeX 2.9\tex/generic/pgf/mat
h\pgfmathfunctions.code.tex
(C:\Users\yogesh.kulkarni\AppData\Local\Programs\MiKTeX 2.9\tex/generic/pgf/mat
h\pgfmathfunctions.basic.code.tex)
(C:\Users\yogesh.kulkarni\AppData\Local\Programs\MiKTeX 2.9\tex/generic/pgf/mat
h\pgfmathfunctions.trigonometric.code.tex)
(C:\Users\yogesh.kulkarni\AppData\Local\Programs\MiKTeX 2.9\tex/generic/pgf/mat
h\pgfmathfunctions.random.code.tex)
(C:\Users\yogesh.kulkarni\AppData\Local\Programs\MiKTeX 2.9\tex/generic/pgf/mat
h\pgfmathfunctions.comparison.code.tex)
(C:\Users\yogesh.kulkarni\AppData\Local\Programs\MiKTeX 2.9\tex/generic/pgf/mat
h\pgfmathfunctions.base.code.tex)
(C:\Users\yogesh.kulkarni\AppData\Local\Programs\MiKTeX 2.9\tex/generic/pgf/mat
h\pgfmathfunctions.round.code.tex)
(C:\Users\yogesh.kulkarni\AppData\Local\Programs\MiKTeX 2.9\tex/generic/pgf/mat
h\pgfmathfunctions.misc.code.tex)
(C:\Users\yogesh.kulkarni\AppData\Local\Programs\MiKTeX 2.9\tex/generic/pgf/mat
h\pgfmathfunctions.integerarithmetics.code.tex)))
(C:\Users\yogesh.kulkarni\AppData\Local\Programs\MiKTeX 2.9\tex/generic/pgf/mat
h\pgfmathfloat.code.tex
\c@pgfmathroundto@lastzeros=\count285
))
(C:\Users\yogesh.kulkarni\AppData\Local\Programs\MiKTeX 2.9\tex/generic/pgf/mat
h\pgfint.code.tex)
(C:\Users\yogesh.kulkarni\AppData\Local\Programs\MiKTeX 2.9\tex/generic/pgf/bas
iclayer\pgfcorepoints.code.tex
File: pgfcorepoints.code.tex 2021/05/15 v3.1.9a (3.1.9a)
\pgf@picminx=\dimen177
\pgf@picmaxx=\dimen178
\pgf@picminy=\dimen179
\pgf@picmaxy=\dimen180
\pgf@pathminx=\dimen181
\pgf@pathmaxx=\dimen182
\pgf@pathminy=\dimen183
\pgf@pathmaxy=\dimen184
\pgf@xx=\dimen185
\pgf@xy=\dimen186
\pgf@yx=\dimen187
\pgf@yy=\dimen188
\pgf@zx=\dimen189
\pgf@zy=\dimen190
)
(C:\Users\yogesh.kulkarni\AppData\Local\Programs\MiKTeX 2.9\tex/generic/pgf/bas
iclayer\pgfcorepathconstruct.code.tex
File: pgfcorepathconstruct.code.tex 2021/05/15 v3.1.9a (3.1.9a)
\pgf@path@lastx=\dimen191
\pgf@path@lasty=\dimen192
)
(C:\Users\yogesh.kulkarni\AppData\Local\Programs\MiKTeX 2.9\tex/generic/pgf/bas
iclayer\pgfcorepathusage.code.tex
File: pgfcorepathusage.code.tex 2021/05/15 v3.1.9a (3.1.9a)
\pgf@shorten@end@additional=\dimen193
\pgf@shorten@start@additional=\dimen194
)
(C:\Users\yogesh.kulkarni\AppData\Local\Programs\MiKTeX 2.9\tex/generic/pgf/bas
iclayer\pgfcorescopes.code.tex
File: pgfcorescopes.code.tex 2021/05/15 v3.1.9a (3.1.9a)
\pgfpic=\box61
\pgf@hbox=\box62
\pgf@layerbox@main=\box63
\pgf@picture@serial@count=\count286
)
(C:\Users\yogesh.kulkarni\AppData\Local\Programs\MiKTeX 2.9\tex/generic/pgf/bas
iclayer\pgfcoregraphicstate.code.tex
File: pgfcoregraphicstate.code.tex 2021/05/15 v3.1.9a (3.1.9a)
\pgflinewidth=\dimen195
)
(C:\Users\yogesh.kulkarni\AppData\Local\Programs\MiKTeX 2.9\tex/generic/pgf/bas
iclayer\pgfcoretransformations.code.tex
File: pgfcoretransformations.code.tex 2021/05/15 v3.1.9a (3.1.9a)
\pgf@pt@x=\dimen196
\pgf@pt@y=\dimen197
\pgf@pt@temp=\dimen198
)
(C:\Users\yogesh.kulkarni\AppData\Local\Programs\MiKTeX 2.9\tex/generic/pgf/bas
iclayer\pgfcorequick.code.tex
File: pgfcorequick.code.tex 2021/05/15 v3.1.9a (3.1.9a)
)
(C:\Users\yogesh.kulkarni\AppData\Local\Programs\MiKTeX 2.9\tex/generic/pgf/bas
iclayer\pgfcoreobjects.code.tex
File: pgfcoreobjects.code.tex 2021/05/15 v3.1.9a (3.1.9a)
)
(C:\Users\yogesh.kulkarni\AppData\Local\Programs\MiKTeX 2.9\tex/generic/pgf/bas
iclayer\pgfcorepathprocessing.code.tex
File: pgfcorepathprocessing.code.tex 2021/05/15 v3.1.9a (3.1.9a)
)
(C:\Users\yogesh.kulkarni\AppData\Local\Programs\MiKTeX 2.9\tex/generic/pgf/bas
iclayer\pgfcorearrows.code.tex
File: pgfcorearrows.code.tex 2021/05/15 v3.1.9a (3.1.9a)
\pgfarrowsep=\dimen199
)
(C:\Users\yogesh.kulkarni\AppData\Local\Programs\MiKTeX 2.9\tex/generic/pgf/bas
iclayer\pgfcoreshade.code.tex
File: pgfcoreshade.code.tex 2021/05/15 v3.1.9a (3.1.9a)
\pgf@max=\dimen256
\pgf@sys@shading@range@num=\count287
\pgf@shadingcount=\count288
)
(C:\Users\yogesh.kulkarni\AppData\Local\Programs\MiKTeX 2.9\tex/generic/pgf/bas
iclayer\pgfcoreimage.code.tex
File: pgfcoreimage.code.tex 2021/05/15 v3.1.9a (3.1.9a)

(C:\Users\yogesh.kulkarni\AppData\Local\Programs\MiKTeX 2.9\tex/generic/pgf/bas
iclayer\pgfcoreexternal.code.tex
File: pgfcoreexternal.code.tex 2021/05/15 v3.1.9a (3.1.9a)
\pgfexternal@startupbox=\box64
))
(C:\Users\yogesh.kulkarni\AppData\Local\Programs\MiKTeX 2.9\tex/generic/pgf/bas
iclayer\pgfcorelayers.code.tex
File: pgfcorelayers.code.tex 2021/05/15 v3.1.9a (3.1.9a)
)
(C:\Users\yogesh.kulkarni\AppData\Local\Programs\MiKTeX 2.9\tex/generic/pgf/bas
iclayer\pgfcoretransparency.code.tex
File: pgfcoretransparency.code.tex 2021/05/15 v3.1.9a (3.1.9a)
)
(C:\Users\yogesh.kulkarni\AppData\Local\Programs\MiKTeX 2.9\tex/generic/pgf/bas
iclayer\pgfcorepatterns.code.tex
File: pgfcorepatterns.code.tex 2021/05/15 v3.1.9a (3.1.9a)
)
(C:\Users\yogesh.kulkarni\AppData\Local\Programs\MiKTeX 2.9\tex/generic/pgf/bas
iclayer\pgfcorerdf.code.tex
File: pgfcorerdf.code.tex 2021/05/15 v3.1.9a (3.1.9a)
)))
(C:\Users\yogesh.kulkarni\AppData\Local\Programs\MiKTeX 2.9\tex/latex/pgf/utili
ties\xxcolor.sty
Package: xxcolor 2003/10/24 ver 0.1
\XC@nummixins=\count289
\XC@countmixins=\count290
)
(C:\Users\yogesh.kulkarni\AppData\Local\Programs\MiKTeX 2.9\tex/latex/base\atbe
gshi-ltx.sty
Package: atbegshi-ltx 2021/01/10 v1.0c Emulation of the original atbegshi
package with kernel methods
)
(C:\Users\yogesh.kulkarni\AppData\Local\Programs\MiKTeX 2.9\tex/latex/hyperref\
hyperref.sty
Package: hyperref 2021-06-07 v7.00m Hypertext links for LaTeX

(C:\Users\yogesh.kulkarni\AppData\Local\Programs\MiKTeX 2.9\tex/generic/ltxcmds
\ltxcmds.sty
Package: ltxcmds 2020-05-10 v1.25 LaTeX kernel commands for general use (HO)
)
(C:\Users\yogesh.kulkarni\AppData\Local\Programs\MiKTeX 2.9\tex/generic/pdftexc
mds\pdftexcmds.sty
Package: pdftexcmds 2020-06-27 v0.33 Utility functions of pdfTeX for LuaTeX (HO
)

(C:\Users\yogesh.kulkarni\AppData\Local\Programs\MiKTeX 2.9\tex/generic/infware
rr\infwarerr.sty
Package: infwarerr 2019/12/03 v1.5 Providing info/warning/error messages (HO)
)
Package pdftexcmds Info: \pdf@primitive is available.
Package pdftexcmds Info: \pdf@ifprimitive is available.
Package pdftexcmds Info: \pdfdraftmode found.
)
(C:\Users\yogesh.kulkarni\AppData\Local\Programs\MiKTeX 2.9\tex/generic/kvsetke
ys\kvsetkeys.sty
Package: kvsetkeys 2019/12/15 v1.18 Key value parser (HO)
)
(C:\Users\yogesh.kulkarni\AppData\Local\Programs\MiKTeX 2.9\tex/generic/kvdefin
ekeys\kvdefinekeys.sty
Package: kvdefinekeys 2019-12-19 v1.6 Define keys (HO)
)
(C:\Users\yogesh.kulkarni\AppData\Local\Programs\MiKTeX 2.9\tex/generic/pdfesca
pe\pdfescape.sty
Package: pdfescape 2019/12/09 v1.15 Implements pdfTeX's escape features (HO)
)
(C:\Users\yogesh.kulkarni\AppData\Local\Programs\MiKTeX 2.9\tex/latex/hycolor\h
ycolor.sty
Package: hycolor 2020-01-27 v1.10 Color options for hyperref/bookmark (HO)
)
(C:\Users\yogesh.kulkarni\AppData\Local\Programs\MiKTeX 2.9\tex/latex/letltxmac
ro\letltxmacro.sty
Package: letltxmacro 2019/12/03 v1.6 Let assignment for LaTeX macros (HO)
)
(C:\Users\yogesh.kulkarni\AppData\Local\Programs\MiKTeX 2.9\tex/latex/auxhook\a
uxhook.sty
Package: auxhook 2019-12-17 v1.6 Hooks for auxiliary files (HO)
)
(C:\Users\yogesh.kulkarni\AppData\Local\Programs\MiKTeX 2.9\tex/latex/kvoptions
\kvoptions.sty
Package: kvoptions 2020-10-07 v3.14 Key value format for package options (HO)
)
\@linkdim=\dimen257
\Hy@linkcounter=\count291
\Hy@pagecounter=\count292

(C:\Users\yogesh.kulkarni\AppData\Local\Programs\MiKTeX 2.9\tex/latex/hyperref\
pd1enc.def
File: pd1enc.def 2021-06-07 v7.00m Hyperref: PDFDocEncoding definition (HO)
Now handling font encoding PD1 ...
... no UTF-8 mapping file for font encoding PD1
)
(C:\Users\yogesh.kulkarni\AppData\Local\Programs\MiKTeX 2.9\tex/latex/hyperref\
hyperref-langpatches.def
File: hyperref-langpatches.def 2021-06-07 v7.00m Hyperref: patches for babel la
nguages
)
(C:\Users\yogesh.kulkarni\AppData\Local\Programs\MiKTeX 2.9\tex/generic/intcalc
\intcalc.sty
Package: intcalc 2019/12/15 v1.3 Expandable calculations with integers (HO)
)
(C:\Users\yogesh.kulkarni\AppData\Local\Programs\MiKTeX 2.9\tex/generic/etexcmd
s\etexcmds.sty
Package: etexcmds 2019/12/15 v1.7 Avoid name clashes with e-TeX commands (HO)
)
\Hy@SavedSpaceFactor=\count293

(C:\Users\yogesh.kulkarni\AppData\Local\Programs\MiKTeX 2.9\tex/latex/hyperref\
puenc.def
File: puenc.def 2021-06-07 v7.00m Hyperref: PDF Unicode definition (HO)
Now handling font encoding PU ...
... no UTF-8 mapping file for font encoding PU
)
Package hyperref Info: Option `bookmarks' set `true' on input line 4073.
Package hyperref Info: Option `bookmarksopen' set `true' on input line 4073.
Package hyperref Info: Option `implicit' set `false' on input line 4073.
Package hyperref Info: Hyper figures OFF on input line 4192.
Package hyperref Info: Link nesting OFF on input line 4197.
Package hyperref Info: Hyper index ON on input line 4200.
Package hyperref Info: Plain pages OFF on input line 4207.
Package hyperref Info: Backreferencing OFF on input line 4212.
Package hyperref Info: Implicit mode OFF; no redefinition of LaTeX internals.
Package hyperref Info: Bookmarks ON on input line 4445.
\c@Hy@tempcnt=\count294

(C:\Users\yogesh.kulkarni\AppData\Local\Programs\MiKTeX 2.9\tex/latex/url\url.s
ty
\Urlmuskip=\muskip16
Package: url 2013/09/16  ver 3.4  Verb mode for urls, etc.
)
LaTeX Info: Redefining \url on input line 4804.
\XeTeXLinkMargin=\dimen258

(C:\Users\yogesh.kulkarni\AppData\Local\Programs\MiKTeX 2.9\tex/generic/bitset\
bitset.sty
Package: bitset 2019/12/09 v1.3 Handle bit-vector datatype (HO)

(C:\Users\yogesh.kulkarni\AppData\Local\Programs\MiKTeX 2.9\tex/generic/bigintc
alc\bigintcalc.sty
Package: bigintcalc 2019/12/15 v1.5 Expandable calculations on big integers (HO
)
))
\Fld@menulength=\count295
\Field@Width=\dimen259
\Fld@charsize=\dimen260
Package hyperref Info: Hyper figures OFF on input line 6076.
Package hyperref Info: Link nesting OFF on input line 6081.
Package hyperref Info: Hyper index ON on input line 6084.
Package hyperref Info: backreferencing OFF on input line 6091.
Package hyperref Info: Link coloring OFF on input line 6096.
Package hyperref Info: Link coloring with OCG OFF on input line 6101.
Package hyperref Info: PDF/A mode OFF on input line 6106.
LaTeX Info: Redefining \ref on input line 6146.
LaTeX Info: Redefining \pageref on input line 6150.
\Hy@abspage=\count296


Package hyperref Message: Stopped early.

)
Package hyperref Info: Driver (autodetected): hpdftex.

(C:\Users\yogesh.kulkarni\AppData\Local\Programs\MiKTeX 2.9\tex/latex/hyperref\
hpdftex.def
File: hpdftex.def 2021-06-07 v7.00m Hyperref driver for pdfTeX

(C:\Users\yogesh.kulkarni\AppData\Local\Programs\MiKTeX 2.9\tex/latex/base\atve
ryend-ltx.sty
Package: atveryend-ltx 2020/08/19 v1.0a Emulation of the original atvery packag
e
with kernel methods
)
\Fld@listcount=\count297
\c@bookmark@seq@number=\count298

(C:\Users\yogesh.kulkarni\AppData\Local\Programs\MiKTeX 2.9\tex/latex/rerunfile
check\rerunfilecheck.sty
Package: rerunfilecheck 2019/12/05 v1.9 Rerun checks for auxiliary files (HO)

(C:\Users\yogesh.kulkarni\AppData\Local\Programs\MiKTeX 2.9\tex/generic/uniquec
ounter\uniquecounter.sty
Package: uniquecounter 2019/12/15 v1.4 Provide unlimited unique counter (HO)
)
Package uniquecounter Info: New unique counter `rerunfilecheck' on input line 2
86.
))
(C:\Users\yogesh.kulkarni\AppData\Local\Programs\MiKTeX 2.9\tex/latex/beamer\be
amerbaserequires.sty
(C:\Users\yogesh.kulkarni\AppData\Local\Programs\MiKTeX 2.9\tex/latex/beamer\be
amerbasecompatibility.sty)
(C:\Users\yogesh.kulkarni\AppData\Local\Programs\MiKTeX 2.9\tex/latex/beamer\be
amerbasefont.sty
(C:\Users\yogesh.kulkarni\AppData\Local\Programs\MiKTeX 2.9\tex/latex/amsfonts\
amssymb.sty
Package: amssymb 2013/01/14 v3.01 AMS font symbols

(C:\Users\yogesh.kulkarni\AppData\Local\Programs\MiKTeX 2.9\tex/latex/amsfonts\
amsfonts.sty
Package: amsfonts 2013/01/14 v3.01 Basic AMSFonts support
\@emptytoks=\toks28
\symAMSa=\mathgroup4
\symAMSb=\mathgroup5
LaTeX Font Info:    Redeclaring math symbol \hbar on input line 98.
LaTeX Font Info:    Overwriting math alphabet `\mathfrak' in version `bold'
(Font)                  U/euf/m/n --> U/euf/b/n on input line 106.
))
(C:\Users\yogesh.kulkarni\AppData\Local\Programs\MiKTeX 2.9\tex/latex/sansmatha
ccent\sansmathaccent.sty
Package: sansmathaccent 2020/01/31

(C:\Users\yogesh.kulkarni\AppData\Local\Programs\MiKTeX 2.9\tex/latex/koma-scri
pt\scrlfile.sty
Package: scrlfile 2021/06/25 v3.34 KOMA-Script package (file load hooks)

(C:\Users\yogesh.kulkarni\AppData\Local\Programs\MiKTeX 2.9\tex/latex/koma-scri
pt\scrlfile-hook.sty
Package: scrlfile-hook 2021/06/25 v3.34 KOMA-Script package (using LaTeX hooks)


(C:\Users\yogesh.kulkarni\AppData\Local\Programs\MiKTeX 2.9\tex/latex/koma-scri
pt\scrlogo.sty
Package: scrlogo 2021/06/25 v3.34 KOMA-Script package (logo)
)))))
(C:\Users\yogesh.kulkarni\AppData\Local\Programs\MiKTeX 2.9\tex/latex/beamer\be
amerbasetranslator.sty
(C:\Users\yogesh.kulkarni\AppData\Local\Programs\MiKTeX 2.9\tex/latex/translato
r\translator.sty
Package: translator 2021-05-31 v1.12d Easy translation of strings in LaTeX
))
(C:\Users\yogesh.kulkarni\AppData\Local\Programs\MiKTeX 2.9\tex/latex/beamer\be
amerbasemisc.sty)
(C:\Users\yogesh.kulkarni\AppData\Local\Programs\MiKTeX 2.9\tex/latex/beamer\be
amerbasetwoscreens.sty)
(C:\Users\yogesh.kulkarni\AppData\Local\Programs\MiKTeX 2.9\tex/latex/beamer\be
amerbaseoverlay.sty
\beamer@argscount=\count299
\beamer@lastskipcover=\skip50
\beamer@trivlistdepth=\count300
)
(C:\Users\yogesh.kulkarni\AppData\Local\Programs\MiKTeX 2.9\tex/latex/beamer\be
amerbasetitle.sty)
(C:\Users\yogesh.kulkarni\AppData\Local\Programs\MiKTeX 2.9\tex/latex/beamer\be
amerbasesection.sty
\c@lecture=\count301
\c@part=\count302
\c@section=\count303
\c@subsection=\count304
\c@subsubsection=\count305
)
(C:\Users\yogesh.kulkarni\AppData\Local\Programs\MiKTeX 2.9\tex/latex/beamer\be
amerbaseframe.sty
\beamer@framebox=\box65
\beamer@frametitlebox=\box66
\beamer@zoombox=\box67
\beamer@zoomcount=\count306
\beamer@zoomframecount=\count307
\beamer@frametextheight=\dimen261
\c@subsectionslide=\count308
\beamer@frametopskip=\skip51
\beamer@framebottomskip=\skip52
\beamer@frametopskipautobreak=\skip53
\beamer@framebottomskipautobreak=\skip54
\beamer@envbody=\toks29
\framewidth=\dimen262
\c@framenumber=\count309
)
(C:\Users\yogesh.kulkarni\AppData\Local\Programs\MiKTeX 2.9\tex/latex/beamer\be
amerbaseverbatim.sty
\beamer@verbatimfileout=\write4
)
(C:\Users\yogesh.kulkarni\AppData\Local\Programs\MiKTeX 2.9\tex/latex/beamer\be
amerbaseframesize.sty
\beamer@splitbox=\box68
\beamer@autobreakcount=\count310
\beamer@autobreaklastheight=\dimen263
\beamer@frametitletoks=\toks30
\beamer@framesubtitletoks=\toks31
)
(C:\Users\yogesh.kulkarni\AppData\Local\Programs\MiKTeX 2.9\tex/latex/beamer\be
amerbaseframecomponents.sty
\beamer@footins=\box69
)
(C:\Users\yogesh.kulkarni\AppData\Local\Programs\MiKTeX 2.9\tex/latex/beamer\be
amerbasecolor.sty)
(C:\Users\yogesh.kulkarni\AppData\Local\Programs\MiKTeX 2.9\tex/latex/beamer\be
amerbasenotes.sty
\beamer@frameboxcopy=\box70
)
(C:\Users\yogesh.kulkarni\AppData\Local\Programs\MiKTeX 2.9\tex/latex/beamer\be
amerbasetoc.sty)
(C:\Users\yogesh.kulkarni\AppData\Local\Programs\MiKTeX 2.9\tex/latex/beamer\be
amerbasetemplates.sty
\beamer@sbttoks=\toks32

(C:\Users\yogesh.kulkarni\AppData\Local\Programs\MiKTeX 2.9\tex/latex/beamer\be
amerbaseauxtemplates.sty
(C:\Users\yogesh.kulkarni\AppData\Local\Programs\MiKTeX 2.9\tex/latex/beamer\be
amerbaseboxes.sty
\bmb@box=\box71
\bmb@colorbox=\box72
\bmb@boxwidth=\dimen264
\bmb@boxheight=\dimen265
\bmb@prevheight=\dimen266
\bmb@temp=\dimen267
\bmb@dima=\dimen268
\bmb@dimb=\dimen269
\bmb@prevheight=\dimen270
)
\beamer@blockheadheight=\dimen271
))
(C:\Users\yogesh.kulkarni\AppData\Local\Programs\MiKTeX 2.9\tex/latex/beamer\be
amerbaselocalstructure.sty
(C:\Users\yogesh.kulkarni\AppData\Local\Programs\MiKTeX 2.9\tex/latex/tools\enu
merate.sty
Package: enumerate 2015/07/23 v3.00 enumerate extensions (DPC)
\@enLab=\toks33
)
\beamer@bibiconwidth=\skip55
\c@figure=\count311
\c@table=\count312
\abovecaptionskip=\skip56
\belowcaptionskip=\skip57
)
(C:\Users\yogesh.kulkarni\AppData\Local\Programs\MiKTeX 2.9\tex/latex/beamer\be
amerbasenavigation.sty
\beamer@section@min@dim=\dimen272
)
(C:\Users\yogesh.kulkarni\AppData\Local\Programs\MiKTeX 2.9\tex/latex/beamer\be
amerbasetheorems.sty
(C:\Users\yogesh.kulkarni\AppData\Local\Programs\MiKTeX 2.9\tex/latex/amsmath\a
msmath.sty
Package: amsmath 2021/04/20 v2.17j AMS math features
\@mathmargin=\skip58

For additional information on amsmath, use the `?' option.

(C:\Users\yogesh.kulkarni\AppData\Local\Programs\MiKTeX 2.9\tex/latex/amsmath\a
mstext.sty
Package: amstext 2000/06/29 v2.01 AMS text

(C:\Users\yogesh.kulkarni\AppData\Local\Programs\MiKTeX 2.9\tex/latex/amsmath\a
msgen.sty
File: amsgen.sty 1999/11/30 v2.0 generic functions
\@emptytoks=\toks34
\ex@=\dimen273
))
(C:\Users\yogesh.kulkarni\AppData\Local\Programs\MiKTeX 2.9\tex/latex/amsmath\a
msbsy.sty
Package: amsbsy 1999/11/29 v1.2d Bold Symbols
\pmbraise@=\dimen274
)
(C:\Users\yogesh.kulkarni\AppData\Local\Programs\MiKTeX 2.9\tex/latex/amsmath\a
msopn.sty
Package: amsopn 2016/03/08 v2.02 operator names
)
\inf@bad=\count313
LaTeX Info: Redefining \frac on input line 234.
\uproot@=\count314
\leftroot@=\count315
LaTeX Info: Redefining \overline on input line 399.
\classnum@=\count316
\DOTSCASE@=\count317
LaTeX Info: Redefining \ldots on input line 496.
LaTeX Info: Redefining \dots on input line 499.
LaTeX Info: Redefining \cdots on input line 620.
\Mathstrutbox@=\box73
\strutbox@=\box74
\big@size=\dimen275
LaTeX Font Info:    Redeclaring font encoding OML on input line 743.
LaTeX Font Info:    Redeclaring font encoding OMS on input line 744.
\macc@depth=\count318
\c@MaxMatrixCols=\count319
\dotsspace@=\muskip17
\c@parentequation=\count320
\dspbrk@lvl=\count321
\tag@help=\toks35
\row@=\count322
\column@=\count323
\maxfields@=\count324
\andhelp@=\toks36
\eqnshift@=\dimen276
\alignsep@=\dimen277
\tagshift@=\dimen278
\tagwidth@=\dimen279
\totwidth@=\dimen280
\lineht@=\dimen281
\@envbody=\toks37
\multlinegap=\skip59
\multlinetaggap=\skip60
\mathdisplay@stack=\toks38
LaTeX Info: Redefining \[ on input line 2923.
LaTeX Info: Redefining \] on input line 2924.
)
(C:\Users\yogesh.kulkarni\AppData\Local\Programs\MiKTeX 2.9\tex/latex/amscls\am
sthm.sty
Package: amsthm 2020/05/29 v2.20.6
\thm@style=\toks39
\thm@bodyfont=\toks40
\thm@headfont=\toks41
\thm@notefont=\toks42
\thm@headpunct=\toks43
\thm@preskip=\skip61
\thm@postskip=\skip62
\thm@headsep=\skip63
\dth@everypar=\toks44
)
\c@theorem=\count325
)
(C:\Users\yogesh.kulkarni\AppData\Local\Programs\MiKTeX 2.9\tex/latex/beamer\be
amerbasethemes.sty))
(C:\Users\yogesh.kulkarni\AppData\Local\Programs\MiKTeX 2.9\tex/latex/beamer\be
amerthemedefault.sty
(C:\Users\yogesh.kulkarni\AppData\Local\Programs\MiKTeX 2.9\tex/latex/beamer\be
amerfontthemedefault.sty)
(C:\Users\yogesh.kulkarni\AppData\Local\Programs\MiKTeX 2.9\tex/latex/beamer\be
amercolorthemedefault.sty)
(C:\Users\yogesh.kulkarni\AppData\Local\Programs\MiKTeX 2.9\tex/latex/beamer\be
amerinnerthemedefault.sty
\beamer@dima=\dimen282
\beamer@dimb=\dimen283
)
(C:\Users\yogesh.kulkarni\AppData\Local\Programs\MiKTeX 2.9\tex/latex/beamer\be
amerouterthemedefault.sty)))
(C:/YogeshKulkarni/Personal/Github_TeachingDataScience/LaTeX\template_presentat
ion.tex
(C:\Users\yogesh.kulkarni\AppData\Local\Programs\MiKTeX 2.9\tex/latex/beamer\be
amerthemeshadow.sty
(C:\Users\yogesh.kulkarni\AppData\Local\Programs\MiKTeX 2.9\tex/latex/beamer\be
amerinnerthemerounded.sty)
(C:\Users\yogesh.kulkarni\AppData\Local\Programs\MiKTeX 2.9\tex/latex/beamer\be
amercolorthemeorchid.sty)
(C:\Users\yogesh.kulkarni\AppData\Local\Programs\MiKTeX 2.9\tex/latex/beamer\be
amercolorthemewhale.sty)
(C:\Users\yogesh.kulkarni\AppData\Local\Programs\MiKTeX 2.9\tex/latex/beamer\be
amerouterthemeshadow.sty
(C:\Users\yogesh.kulkarni\AppData\Local\Programs\MiKTeX 2.9\tex/latex/beamer\be
amerouterthemesplit.sty))
(C:\Users\yogesh.kulkarni\AppData\Local\Programs\MiKTeX 2.9\tex/latex/beamer\be
amerfontthemestructurebold.sty))
(C:\Users\yogesh.kulkarni\AppData\Local\Programs\MiKTeX 2.9\tex/latex/adjustbox
\adjustbox.sty
Package: adjustbox 2020/08/19 v1.3 Adjusting TeX boxes (trim, clip, ...)

(C:\Users\yogesh.kulkarni\AppData\Local\Programs\MiKTeX 2.9\tex/latex/xkeyval\x
keyval.sty
Package: xkeyval 2020/11/20 v2.8 package option processing (HA)

(C:\Users\yogesh.kulkarni\AppData\Local\Programs\MiKTeX 2.9\tex/generic/xkeyval
\xkeyval.tex
(C:\Users\yogesh.kulkarni\AppData\Local\Programs\MiKTeX 2.9\tex/generic/xkeyval
\xkvutils.tex
\XKV@toks=\toks45
\XKV@tempa@toks=\toks46
)
\XKV@depth=\count326
File: xkeyval.tex 2014/12/03 v2.7a key=value parser (HA)
))
(C:\Users\yogesh.kulkarni\AppData\Local\Programs\MiKTeX 2.9\tex/latex/adjustbox
\adjcalc.sty
Package: adjcalc 2012/05/16 v1.1 Provides advanced setlength with multiple back
-ends (calc, etex, pgfmath)
)
(C:\Users\yogesh.kulkarni\AppData\Local\Programs\MiKTeX 2.9\tex/latex/adjustbox
\trimclip.sty
Package: trimclip 2020/08/19 v1.2 Trim and clip general TeX material

(C:\Users\yogesh.kulkarni\AppData\Local\Programs\MiKTeX 2.9\tex/latex/collectbo
x\collectbox.sty
Package: collectbox 2012/05/17 v0.4b Collect macro arguments as boxes
\collectedbox=\box75
)
\tc@llx=\dimen284
\tc@lly=\dimen285
\tc@urx=\dimen286
\tc@ury=\dimen287
Package trimclip Info: Using driver 'tc-pdftex.def'.

(C:\Users\yogesh.kulkarni\AppData\Local\Programs\MiKTeX 2.9\tex/latex/adjustbox
\tc-pdftex.def
File: tc-pdftex.def 2019/01/04 v2.2 Clipping driver for pdftex
))
\adjbox@Width=\dimen288
\adjbox@Height=\dimen289
\adjbox@Depth=\dimen290
\adjbox@Totalheight=\dimen291
\adjbox@pwidth=\dimen292
\adjbox@pheight=\dimen293
\adjbox@pdepth=\dimen294
\adjbox@ptotalheight=\dimen295

(C:\Users\yogesh.kulkarni\AppData\Local\Programs\MiKTeX 2.9\tex/latex/ifoddpage
\ifoddpage.sty
Package: ifoddpage 2016/04/23 v1.1 Conditionals for odd/even page detection
\c@checkoddpage=\count327
)
(C:\Users\yogesh.kulkarni\AppData\Local\Programs\MiKTeX 2.9\tex/latex/varwidth\
varwidth.sty
Package: varwidth 2009/03/30 ver 0.92;  Variable-width minipages
\@vwid@box=\box76
\sift@deathcycles=\count328
\@vwid@loff=\dimen296
\@vwid@roff=\dimen297
))
(C:\Users\yogesh.kulkarni\AppData\Local\Programs\MiKTeX 2.9\tex/latex/lm\lmoder
n.sty
Package: lmodern 2009/10/30 v1.6 Latin Modern Fonts
LaTeX Font Info:    Overwriting symbol font `operators' in version `normal'
(Font)                  OT1/cmr/m/n --> OT1/lmr/m/n on input line 22.
LaTeX Font Info:    Overwriting symbol font `letters' in version `normal'
(Font)                  OML/cmm/m/it --> OML/lmm/m/it on input line 23.
LaTeX Font Info:    Overwriting symbol font `symbols' in version `normal'
(Font)                  OMS/cmsy/m/n --> OMS/lmsy/m/n on input line 24.
LaTeX Font Info:    Overwriting symbol font `largesymbols' in version `normal'
(Font)                  OMX/cmex/m/n --> OMX/lmex/m/n on input line 25.
LaTeX Font Info:    Overwriting symbol font `operators' in version `bold'
(Font)                  OT1/cmr/bx/n --> OT1/lmr/bx/n on input line 26.
LaTeX Font Info:    Overwriting symbol font `letters' in version `bold'
(Font)                  OML/cmm/b/it --> OML/lmm/b/it on input line 27.
LaTeX Font Info:    Overwriting symbol font `symbols' in version `bold'
(Font)                  OMS/cmsy/b/n --> OMS/lmsy/b/n on input line 28.
LaTeX Font Info:    Overwriting symbol font `largesymbols' in version `bold'
(Font)                  OMX/cmex/m/n --> OMX/lmex/m/n on input line 29.
LaTeX Font Info:    Overwriting math alphabet `\mathbf' in version `normal'
(Font)                  OT1/cmr/bx/n --> OT1/lmr/bx/n on input line 31.
LaTeX Font Info:    Overwriting math alphabet `\mathsf' in version `normal'
(Font)                  OT1/cmss/m/n --> OT1/lmss/m/n on input line 32.
LaTeX Font Info:    Overwriting math alphabet `\mathit' in version `normal'
(Font)                  OT1/cmr/m/it --> OT1/lmr/m/it on input line 33.
LaTeX Font Info:    Overwriting math alphabet `\mathtt' in version `normal'
(Font)                  OT1/cmtt/m/n --> OT1/lmtt/m/n on input line 34.
LaTeX Font Info:    Overwriting math alphabet `\mathbf' in version `bold'
(Font)                  OT1/cmr/bx/n --> OT1/lmr/bx/n on input line 35.
LaTeX Font Info:    Overwriting math alphabet `\mathsf' in version `bold'
(Font)                  OT1/cmss/bx/n --> OT1/lmss/bx/n on input line 36.
LaTeX Font Info:    Overwriting math alphabet `\mathit' in version `bold'
(Font)                  OT1/cmr/bx/it --> OT1/lmr/bx/it on input line 37.
LaTeX Font Info:    Overwriting math alphabet `\mathtt' in version `bold'
(Font)                  OT1/cmtt/m/n --> OT1/lmtt/m/n on input line 38.
)
(C:\Users\yogesh.kulkarni\AppData\Local\Programs\MiKTeX 2.9\tex/latex/booktabs\
booktabs.sty
Package: booktabs 2020/01/12 v1.61803398 Publication quality tables
\heavyrulewidth=\dimen298
\lightrulewidth=\dimen299
\cmidrulewidth=\dimen300
\belowrulesep=\dimen301
\belowbottomsep=\dimen302
\aboverulesep=\dimen303
\abovetopsep=\dimen304
\cmidrulesep=\dimen305
\cmidrulekern=\dimen306
\defaultaddspace=\dimen307
\@cmidla=\count329
\@cmidlb=\count330
\@aboverulesep=\dimen308
\@belowrulesep=\dimen309
\@thisruleclass=\count331
\@lastruleclass=\count332
\@thisrulewidth=\dimen310
)
(C:\Users\yogesh.kulkarni\AppData\Local\Programs\MiKTeX 2.9\tex/generic/babel\b
abel.sty
Package: babel 2021/10/19 3.65 The Babel package
\babel@savecnt=\count333
\U@D=\dimen311
\l@unhyphenated=\language83

(C:\Users\yogesh.kulkarni\AppData\Local\Programs\MiKTeX 2.9\tex/generic/babel\t
xtbabel.def)
\bbl@readstream=\read3
LaTeX Info: Redefining \textlatin on input line 3942.
\bbl@dirlevel=\count334

*************************************
* Local config file bblopts.cfg used
*

(C:\Users\yogesh.kulkarni\AppData\Local\Programs\MiKTeX 2.9\tex/latex/arabi\bbl
opts.cfg
File: bblopts.cfg 2005/09/08 v0.1 add Arabic and Farsi to "declared" options of
 babel
)
(C:\Users\yogesh.kulkarni\AppData\Local\Programs\MiKTeX 2.9\tex/latex/babel-eng
lish\english.ldf
Language: english 2017/06/06 v3.3r English support from the babel system
Package babel Info: Hyphen rules for 'canadian' set to \l@english
(babel)             (\language0). Reported on input line 102.
Package babel Info: Hyphen rules for 'australian' set to \l@ukenglish
(babel)             (\language77). Reported on input line 105.
Package babel Info: Hyphen rules for 'newzealand' set to \l@ukenglish
(babel)             (\language77). Reported on input line 108.
))
(C:\Users\yogesh.kulkarni\AppData\Local\Programs\MiKTeX 2.9\tex/latex/tikz-qtre
e\tikz-qtree.sty
(C:\Users\yogesh.kulkarni\AppData\Local\Programs\MiKTeX 2.9\tex/latex/pgf/front
endlayer\tikz.sty
(C:\Users\yogesh.kulkarni\AppData\Local\Programs\MiKTeX 2.9\tex/latex/pgf/basic
layer\pgf.sty
Package: pgf 2021/05/15 v3.1.9a (3.1.9a)

(C:\Users\yogesh.kulkarni\AppData\Local\Programs\MiKTeX 2.9\tex/generic/pgf/mod
ules\pgfmoduleshapes.code.tex
File: pgfmoduleshapes.code.tex 2021/05/15 v3.1.9a (3.1.9a)
\pgfnodeparttextbox=\box77
)
(C:\Users\yogesh.kulkarni\AppData\Local\Programs\MiKTeX 2.9\tex/generic/pgf/mod
ules\pgfmoduleplot.code.tex
File: pgfmoduleplot.code.tex 2021/05/15 v3.1.9a (3.1.9a)
)
(C:\Users\yogesh.kulkarni\AppData\Local\Programs\MiKTeX 2.9\tex/latex/pgf/compa
tibility\pgfcomp-version-0-65.sty
Package: pgfcomp-version-0-65 2021/05/15 v3.1.9a (3.1.9a)
\pgf@nodesepstart=\dimen312
\pgf@nodesepend=\dimen313
)
(C:\Users\yogesh.kulkarni\AppData\Local\Programs\MiKTeX 2.9\tex/latex/pgf/compa
tibility\pgfcomp-version-1-18.sty
Package: pgfcomp-version-1-18 2021/05/15 v3.1.9a (3.1.9a)
))
(C:\Users\yogesh.kulkarni\AppData\Local\Programs\MiKTeX 2.9\tex/latex/pgf/utili
ties\pgffor.sty
(C:\Users\yogesh.kulkarni\AppData\Local\Programs\MiKTeX 2.9\tex/latex/pgf/utili
ties\pgfkeys.sty
(C:\Users\yogesh.kulkarni\AppData\Local\Programs\MiKTeX 2.9\tex/generic/pgf/uti
lities\pgfkeys.code.tex))
(C:\Users\yogesh.kulkarni\AppData\Local\Programs\MiKTeX 2.9\tex/latex/pgf/math\
pgfmath.sty
(C:\Users\yogesh.kulkarni\AppData\Local\Programs\MiKTeX 2.9\tex/generic/pgf/mat
h\pgfmath.code.tex))
(C:\Users\yogesh.kulkarni\AppData\Local\Programs\MiKTeX 2.9\tex/generic/pgf/uti
lities\pgffor.code.tex
Package: pgffor 2021/05/15 v3.1.9a (3.1.9a)

(C:\Users\yogesh.kulkarni\AppData\Local\Programs\MiKTeX 2.9\tex/generic/pgf/mat
h\pgfmath.code.tex)
\pgffor@iter=\dimen314
\pgffor@skip=\dimen315
\pgffor@stack=\toks47
\pgffor@toks=\toks48
))
(C:\Users\yogesh.kulkarni\AppData\Local\Programs\MiKTeX 2.9\tex/generic/pgf/fro
ntendlayer/tikz\tikz.code.tex
Package: tikz 2021/05/15 v3.1.9a (3.1.9a)

(C:\Users\yogesh.kulkarni\AppData\Local\Programs\MiKTeX 2.9\tex/generic/pgf/lib
raries\pgflibraryplothandlers.code.tex
File: pgflibraryplothandlers.code.tex 2021/05/15 v3.1.9a (3.1.9a)
\pgf@plot@mark@count=\count335
\pgfplotmarksize=\dimen316
)
\tikz@lastx=\dimen317
\tikz@lasty=\dimen318
\tikz@lastxsaved=\dimen319
\tikz@lastysaved=\dimen320
\tikz@lastmovetox=\dimen321
\tikz@lastmovetoy=\dimen322
\tikzleveldistance=\dimen323
\tikzsiblingdistance=\dimen324
\tikz@figbox=\box78
\tikz@figbox@bg=\box79
\tikz@tempbox=\box80
\tikz@tempbox@bg=\box81
\tikztreelevel=\count336
\tikznumberofchildren=\count337
\tikznumberofcurrentchild=\count338
\tikz@fig@count=\count339

(C:\Users\yogesh.kulkarni\AppData\Local\Programs\MiKTeX 2.9\tex/generic/pgf/mod
ules\pgfmodulematrix.code.tex
File: pgfmodulematrix.code.tex 2021/05/15 v3.1.9a (3.1.9a)
\pgfmatrixcurrentrow=\count340
\pgfmatrixcurrentcolumn=\count341
\pgf@matrix@numberofcolumns=\count342
)
\tikz@expandcount=\count343

(C:\Users\yogesh.kulkarni\AppData\Local\Programs\MiKTeX 2.9\tex/generic/pgf/fro
ntendlayer/tikz/libraries\tikzlibrarytopaths.code.tex
File: tikzlibrarytopaths.code.tex 2021/05/15 v3.1.9a (3.1.9a)
)))
(C:\Users\yogesh.kulkarni\AppData\Local\Programs\MiKTeX 2.9\tex/latex/tikz-qtre
e\pgftree.sty
(C:\Users\yogesh.kulkarni\AppData\Local\Programs\MiKTeX 2.9\tex/latex/tikz-qtre
e\pgfsubpic.sty
(C:\Users\yogesh.kulkarni\AppData\Local\Programs\MiKTeX 2.9\tex/generic/tikz-qt
ree\pgfsubpic.tex
\pgf@subpicminx=\dimen325
\pgf@subpicminy=\dimen326
\pgf@subpicmaxx=\dimen327
\pgf@subpicmaxy=\dimen328
))
(C:\Users\yogesh.kulkarni\AppData\Local\Programs\MiKTeX 2.9\tex/generic/tikz-qt
ree\pgftree.tex
\levelsep=\dimen329
\subtreesep=\dimen330
\smuggle@levelsep=\dimen331
\smuggle@subtreesep=\dimen332
\this@levelsep=\dimen333
\this@subtreesep=\dimen334
\pgftree@childx=\dimen335
\pgftree@savechildx=\dimen336
\pgftree@childy=\dimen337
\pgftree@savechildy=\dimen338
\pgftree@childi=\count344
\pgftree@savechildi=\count345
\pgftree@level=\count346
\pgftree@depth=\dimen339
\pgf@subpic@hbox@children=\box82
\pgf@subpic@minx@children=\dimen340
\pgf@subpic@miny@children=\dimen341
\pgf@subpic@maxx@children=\dimen342
\pgf@subpic@maxy@children=\dimen343
\pgftree@lastchildx=\dimen344
\pgftree@lastchildy=\dimen345
))
(C:\Users\yogesh.kulkarni\AppData\Local\Programs\MiKTeX 2.9\tex/generic/tikz-qt
ree\tikz-qtree.tex
\@result=\toks49
\child@list=\toks50
\root@node=\toks51
))
(C:\Users\yogesh.kulkarni\AppData\Local\Programs\MiKTeX 2.9\tex/latex/media9\me
dia9.sty
(C:\Users\yogesh.kulkarni\AppData\Local\Programs\MiKTeX 2.9\tex/latex/l3package
s/l3keys2e\l3keys2e.sty
(C:\Users\yogesh.kulkarni\AppData\Local\Programs\MiKTeX 2.9\tex/latex/l3kernel\
expl3.sty
Package: expl3 2021-10-18 L3 programming layer (loader) 

(C:\Users\yogesh.kulkarni\AppData\Local\Programs\MiKTeX 2.9\tex/latex/l3backend
\l3backend-pdftex.def
File: l3backend-pdftex.def 2021-10-18 L3 backend support: PDF output (pdfTeX)
\l__color_backend_stack_int=\count347
\l__pdf_internal_box=\box83
))
Package: l3keys2e 2021-08-27 LaTeX2e option processing using LaTeX3 keys
)
Package: media9 2021/10/18 v1.23 acrobat-9/X compatible media
\g_mix_pkgresizeflag_int=\count348

(C:\Users\yogesh.kulkarni\AppData\Local\Programs\MiKTeX 2.9\tex/latex/media9\pd
fbase.sty
Package: pdfbase 2021/09/12 v0.53 driver independent access to low-level PDF fe
atures
\g_pbs_page_int=\count349
\g_pbs_oc_int=\count350
)
(C:\Users\yogesh.kulkarni\AppData\Local\Programs\MiKTeX 2.9\tex/latex/ocgx2\ocg
base.sty
Package: ocgbase 2021/06/11 v0.20 support package for ocgx2.sty
\g_ocgbase_nd_int=\count351
)
\l_mix_poster_box=\box84
\g_mix_wd_dim=\dimen346
\g_mix_ht_dim=\dimen347
\g_mix_dp_dim=\dimen348
\g_mix_rmcnt_int=\count352
\l_mix_viewcnt_int=\count353
\g@mix@page@int=\count354
\g_mix_resizeflag_int=\count355
\l_mix_lineno_int=\count356
\l_mix_pbtn_box=\box85
\g_mix_mbtncnt_int=\count357
\mix@btn@dim=\dimen349
)
(C:\Users\yogesh.kulkarni\AppData\Local\Programs\MiKTeX 2.9\tex/latex/makecell\
makecell.sty
Package: makecell 2009/08/03 V0.1e Managing of Tab Column Heads and Cells

(C:\Users\yogesh.kulkarni\AppData\Local\Programs\MiKTeX 2.9\tex/latex/tools\arr
ay.sty
Package: array 2021/04/20 v2.5e Tabular extension package (FMi)
\col@sep=\dimen350
\ar@mcellbox=\box86
\extrarowheight=\dimen351
\NC@list=\toks52
\extratabsurround=\skip64
\backup@length=\skip65
\ar@cellbox=\box87
)
\rotheadsize=\dimen352
\c@nlinenum=\count358
\TeXr@lab=\toks53
)
(C:\Users\yogesh.kulkarni\AppData\Local\Programs\MiKTeX 2.9\tex/latex/beamer\mu
ltimedia.sty
Package: multimedia 2012/05/02 ver 0.02
\mm@movie=\count359
)
(C:\Users\yogesh.kulkarni\AppData\Local\Programs\MiKTeX 2.9\tex/latex/listings\
listings.sty
\lst@mode=\count360
\lst@gtempboxa=\box88
\lst@token=\toks54
\lst@length=\count361
\lst@currlwidth=\dimen353
\lst@column=\count362
\lst@pos=\count363
\lst@lostspace=\dimen354
\lst@width=\dimen355
\lst@newlines=\count364
\lst@lineno=\count365
\lst@maxwidth=\dimen356

(C:\Users\yogesh.kulkarni\AppData\Local\Programs\MiKTeX 2.9\tex/latex/listings\
lstmisc.sty
File: lstmisc.sty 2020/03/24 1.8d (Carsten Heinz)
\c@lstnumber=\count366
\lst@skipnumbers=\count367
\lst@framebox=\box89
)
(C:\Users\yogesh.kulkarni\AppData\Local\Programs\MiKTeX 2.9\tex/latex/listings\
listings.cfg
File: listings.cfg 2020/03/24 1.8d listings configuration
))
Package: listings 2020/03/24 1.8d (Carsten Heinz)

(C:\Users\yogesh.kulkarni\AppData\Local\Programs\MiKTeX 2.9\tex/latex/listings\
lstlang1.sty
File: lstlang1.sty 2020/03/24 1.8d listings language file
)
(C:\Users\yogesh.kulkarni\AppData\Local\Programs\MiKTeX 2.9\tex/latex/beamer\be
amerthemeWarsaw.sty)
(C:\Users\yogesh.kulkarni\AppData\Local\Programs\MiKTeX 2.9\tex/latex/beamer\be
amerfontthemestructuresmallcapsserif.sty)
(C:\Users\yogesh.kulkarni\AppData\Local\Programs\MiKTeX 2.9\tex/latex/beamer\be
amerouterthememiniframes.sty))
LaTeX Font Info:    Trying to load font information for OT1+lmss on input line 
24.

(C:\Users\yogesh.kulkarni\AppData\Local\Programs\MiKTeX 2.9\tex/latex/lm\ot1lms
s.fd
File: ot1lmss.fd 2009/10/30 v1.6 Font defs for Latin Modern
)
No file Main_Workshop_Software_Presentation.aux.
\openout1 = `Main_Workshop_Software_Presentation.aux'.

LaTeX Font Info:    Checking defaults for OML/cmm/m/it on input line 24.
LaTeX Font Info:    ... okay on input line 24.
LaTeX Font Info:    Checking defaults for OMS/cmsy/m/n on input line 24.
LaTeX Font Info:    ... okay on input line 24.
LaTeX Font Info:    Checking defaults for OT1/cmr/m/n on input line 24.
LaTeX Font Info:    ... okay on input line 24.
LaTeX Font Info:    Checking defaults for T1/cmr/m/n on input line 24.
LaTeX Font Info:    ... okay on input line 24.
LaTeX Font Info:    Checking defaults for TS1/cmr/m/n on input line 24.
LaTeX Font Info:    ... okay on input line 24.
LaTeX Font Info:    Checking defaults for OMX/cmex/m/n on input line 24.
LaTeX Font Info:    ... okay on input line 24.
LaTeX Font Info:    Checking defaults for U/cmr/m/n on input line 24.
LaTeX Font Info:    ... okay on input line 24.
LaTeX Font Info:    Checking defaults for PD1/pdf/m/n on input line 24.
LaTeX Font Info:    ... okay on input line 24.
LaTeX Font Info:    Checking defaults for PU/pdf/m/n on input line 24.
LaTeX Font Info:    ... okay on input line 24.
*geometry* driver: auto-detecting
*geometry* detected driver: pdftex
*geometry* verbose mode - [ preamble ] result:
* driver: pdftex
* paper: custom
* layout: <same size as paper>
* layoutoffset:(h,v)=(0.0pt,0.0pt)
* modes: includehead includefoot 
* h-part:(L,W,R)=(28.45274pt, 307.28987pt, 28.45274pt)
* v-part:(T,H,B)=(0.0pt, 273.14662pt, 0.0pt)
* \paperwidth=364.19536pt
* \paperheight=273.14662pt
* \textwidth=307.28987pt
* \textheight=244.6939pt
* \oddsidemargin=-43.81725pt
* \evensidemargin=-43.81725pt
* \topmargin=-72.26999pt
* \headheight=14.22636pt
* \headsep=0.0pt
* \topskip=9.0pt
* \footskip=14.22636pt
* \marginparwidth=4.0pt
* \marginparsep=10.0pt
* \columnsep=10.0pt
* \skip\footins=8.0pt plus 4.0pt minus 2.0pt
* \hoffset=0.0pt
* \voffset=0.0pt
* \mag=1000
* \@twocolumnfalse
* \@twosidefalse
* \@mparswitchfalse
* \@reversemarginfalse
* (1in=72.27pt=25.4mm, 1cm=28.453pt)


(C:\Users\yogesh.kulkarni\AppData\Local\Programs\MiKTeX 2.9\tex/context/base/mk
ii\supp-pdf.mkii
[Loading MPS to PDF converter (version 2006.09.02).]
\scratchcounter=\count368
\scratchdimen=\dimen357
\scratchbox=\box90
\nofMPsegments=\count369
\nofMParguments=\count370
\everyMPshowfont=\toks55
\MPscratchCnt=\count371
\MPscratchDim=\dimen358
\MPnumerator=\count372
\makeMPintoPDFobject=\count373
\everyMPtoPDFconversion=\toks56
)
(C:\Users\yogesh.kulkarni\AppData\Local\Programs\MiKTeX 2.9\tex/latex/epstopdf-
pkg\epstopdf-base.sty
Package: epstopdf-base 2020-01-24 v2.11 Base part for package epstopdf
Package epstopdf-base Info: Redefining graphics rule for `.eps' on input line 4
85.

(C:\Users\yogesh.kulkarni\AppData\Local\Programs\MiKTeX 2.9\tex/latex/00miktex\
epstopdf-sys.cfg
File: epstopdf-sys.cfg 2021/03/18 v2.0 Configuration of epstopdf for MiKTeX
))
Package hyperref Info: Link coloring OFF on input line 24.

(C:\Users\yogesh.kulkarni\AppData\Local\Programs\MiKTeX 2.9\tex/latex/hyperref\
nameref.sty
Package: nameref 2021-04-02 v2.47 Cross-referencing by name of section

(C:\Users\yogesh.kulkarni\AppData\Local\Programs\MiKTeX 2.9\tex/latex/refcount\
refcount.sty
Package: refcount 2019/12/15 v3.6 Data extraction from label references (HO)
)
(C:\Users\yogesh.kulkarni\AppData\Local\Programs\MiKTeX 2.9\tex/generic/gettitl
estring\gettitlestring.sty
Package: gettitlestring 2019/12/15 v1.6 Cleanup title references (HO)
)
\c@section@level=\count374
)
LaTeX Info: Redefining \ref on input line 24.
LaTeX Info: Redefining \pageref on input line 24.
LaTeX Info: Redefining \nameref on input line 24.
\@outlinefile=\write5
\openout5 = `Main_Workshop_Software_Presentation.out'.

LaTeX Font Info:    Overwriting symbol font `operators' in version `normal'
(Font)                  OT1/lmr/m/n --> OT1/cmss/m/n on input line 24.
LaTeX Font Info:    Overwriting symbol font `operators' in version `bold'
(Font)                  OT1/lmr/bx/n --> OT1/cmss/b/n on input line 24.
LaTeX Font Info:    Overwriting symbol font `operators' in version `normal'
(Font)                  OT1/cmss/m/n --> OT1/lmss/m/n on input line 24.
LaTeX Font Info:    Overwriting symbol font `operators' in version `bold'
(Font)                  OT1/cmss/b/n --> OT1/lmss/b/n on input line 24.
\symnumbers=\mathgroup6
\sympureletters=\mathgroup7
LaTeX Font Info:    Overwriting math alphabet `\mathrm' in version `normal'
(Font)                  OT1/lmss/m/n --> OT1/lmr/m/n on input line 24.
LaTeX Font Info:    Redeclaring math alphabet \mathbf on input line 24.
LaTeX Font Info:    Overwriting math alphabet `\mathbf' in version `normal'
(Font)                  OT1/lmr/bx/n --> OT1/lmss/b/n on input line 24.
LaTeX Font Info:    Overwriting math alphabet `\mathbf' in version `bold'
(Font)                  OT1/lmr/bx/n --> OT1/lmss/b/n on input line 24.
LaTeX Font Info:    Redeclaring math alphabet \mathsf on input line 24.
LaTeX Font Info:    Overwriting math alphabet `\mathsf' in version `normal'
(Font)                  OT1/lmss/m/n --> OT1/lmss/m/n on input line 24.
LaTeX Font Info:    Overwriting math alphabet `\mathsf' in version `bold'
(Font)                  OT1/lmss/bx/n --> OT1/lmss/m/n on input line 24.
LaTeX Font Info:    Redeclaring math alphabet \mathit on input line 24.
LaTeX Font Info:    Overwriting math alphabet `\mathit' in version `normal'
(Font)                  OT1/lmr/m/it --> OT1/lmss/m/it on input line 24.
LaTeX Font Info:    Overwriting math alphabet `\mathit' in version `bold'
(Font)                  OT1/lmr/bx/it --> OT1/lmss/m/it on input line 24.
LaTeX Font Info:    Redeclaring math alphabet \mathtt on input line 24.
LaTeX Font Info:    Overwriting math alphabet `\mathtt' in version `normal'
(Font)                  OT1/lmtt/m/n --> OT1/lmtt/m/n on input line 24.
LaTeX Font Info:    Overwriting math alphabet `\mathtt' in version `bold'
(Font)                  OT1/lmtt/m/n --> OT1/lmtt/m/n on input line 24.
LaTeX Font Info:    Overwriting symbol font `numbers' in version `bold'
(Font)                  OT1/lmss/m/n --> OT1/lmss/b/n on input line 24.
LaTeX Font Info:    Overwriting symbol font `pureletters' in version `bold'
(Font)                  OT1/lmss/m/it --> OT1/lmss/b/it on input line 24.
LaTeX Font Info:    Overwriting math alphabet `\mathrm' in version `bold'
(Font)                  OT1/lmss/b/n --> OT1/lmr/b/n on input line 24.
LaTeX Font Info:    Overwriting math alphabet `\mathbf' in version `bold'
(Font)                  OT1/lmss/b/n --> OT1/lmss/b/n on input line 24.
LaTeX Font Info:    Overwriting math alphabet `\mathsf' in version `bold'
(Font)                  OT1/lmss/m/n --> OT1/lmss/b/n on input line 24.
LaTeX Font Info:    Overwriting math alphabet `\mathit' in version `bold'
(Font)                  OT1/lmss/m/it --> OT1/lmss/b/it on input line 24.
LaTeX Font Info:    Overwriting math alphabet `\mathtt' in version `bold'
(Font)                  OT1/lmtt/m/n --> OT1/lmtt/b/n on input line 24.

(C:\Users\yogesh.kulkarni\AppData\Local\Programs\MiKTeX 2.9\tex/latex/translato
r\translator-basic-dictionary-English.dict
Dictionary: translator-basic-dictionary, Language: English 
)
(C:\Users\yogesh.kulkarni\AppData\Local\Programs\MiKTeX 2.9\tex/latex/translato
r\translator-bibliography-dictionary-English.dict
Dictionary: translator-bibliography-dictionary, Language: English 
)
(C:\Users\yogesh.kulkarni\AppData\Local\Programs\MiKTeX 2.9\tex/latex/translato
r\translator-environment-dictionary-English.dict
Dictionary: translator-environment-dictionary, Language: English 
)
(C:\Users\yogesh.kulkarni\AppData\Local\Programs\MiKTeX 2.9\tex/latex/translato
r\translator-months-dictionary-English.dict
Dictionary: translator-months-dictionary, Language: English 
)
(C:\Users\yogesh.kulkarni\AppData\Local\Programs\MiKTeX 2.9\tex/latex/translato
r\translator-numbers-dictionary-English.dict
Dictionary: translator-numbers-dictionary, Language: English 
)
(C:\Users\yogesh.kulkarni\AppData\Local\Programs\MiKTeX 2.9\tex/latex/translato
r\translator-theorem-dictionary-English.dict
Dictionary: translator-theorem-dictionary, Language: English 
)
\c@lstlisting=\count375

No file Main_Workshop_Software_Presentation.nav.
LaTeX Font Info:    Trying to load font information for OT1+lmr on input line 2
4.

(C:\Users\yogesh.kulkarni\AppData\Local\Programs\MiKTeX 2.9\tex/latex/lm\ot1lmr
.fd
File: ot1lmr.fd 2009/10/30 v1.6 Font defs for Latin Modern
)

LaTeX Font Warning: Font shape `OT1/lmss/m/sc' in size <5> not available
(Font)              Font shape `OT1/lmr/m/sc' tried instead on input line 24.


LaTeX Font Warning: Font shape `OT1/lmss/bx/sc' undefined
(Font)              using `OT1/lmss/bx/n' instead on input line 24.


LaTeX Font Warning: Font shape `OT1/lmr/bx/sc' undefined
(Font)              using `OT1/lmr/bx/n' instead on input line 24.


LaTeX Font Warning: Font shape `OT1/lmss/m/sc' in size <9> not available
(Font)              Font shape `OT1/lmr/m/sc' tried instead on input line 28.

[1

{C:/Users/yogesh.kulkarni/AppData/Local/MiKTeX/2.9/pdftex/config/pdftex.map}]
(C:/YogeshKulkarni/Personal/Github_TeachingDataScience/LaTeX\software_workshop_
content.tex
(C:/YogeshKulkarni/Personal/Github_TeachingDataScience/LaTeX\software_complexit
y.tex
\openout4 = `Main_Workshop_Software_Presentation.vrb'.

 (Main_Workshop_Software_Presentation.vrb) [2

]
<images/algorithms.png, id=48, 668.4975pt x 186.09525pt>
File: images/algorithms.png Graphic file (type png)
<use images/algorithms.png>
Package pdftex.def Info: images/algorithms.png  used on input line 16.
(pdftex.def)             Requested size: 276.559pt x 76.98955pt.
LaTeX Font Info:    Trying to load font information for OT1+lmtt on input line 
16.

(C:\Users\yogesh.kulkarni\AppData\Local\Programs\MiKTeX 2.9\tex/latex/lm\ot1lmt
t.fd
File: ot1lmtt.fd 2009/10/30 v1.6 Font defs for Latin Modern
)

LaTeX Font Warning: Font shape `OT1/lmtt/bx/sc' undefined
(Font)              using `OT1/lmtt/bx/n' instead on input line 16.

LaTeX Font Info:    Font shape `OT1/lmtt/bx/n' in size <7> not available
(Font)              Font shape `OT1/lmtt/b/n' tried instead on input line 16.
LaTeX Font Info:    Trying to load font information for OML+lmm on input line 1
6.

(C:\Users\yogesh.kulkarni\AppData\Local\Programs\MiKTeX 2.9\tex/latex/lm\omllmm
.fd
File: omllmm.fd 2009/10/30 v1.6 Font defs for Latin Modern
)
LaTeX Font Info:    Trying to load font information for OMS+lmsy on input line 
16.

(C:\Users\yogesh.kulkarni\AppData\Local\Programs\MiKTeX 2.9\tex/latex/lm\omslms
y.fd
File: omslmsy.fd 2009/10/30 v1.6 Font defs for Latin Modern
)
LaTeX Font Info:    Trying to load font information for OMX+lmex on input line 
16.

(C:\Users\yogesh.kulkarni\AppData\Local\Programs\MiKTeX 2.9\tex/latex/lm\omxlme
x.fd
File: omxlmex.fd 2009/10/30 v1.6 Font defs for Latin Modern
)
LaTeX Font Info:    External font `lmex10' loaded for size
(Font)              <7> on input line 16.
LaTeX Font Info:    External font `lmex10' loaded for size
(Font)              <5> on input line 16.
LaTeX Font Info:    Trying to load font information for U+msa on input line 16.


(C:\Users\yogesh.kulkarni\AppData\Local\Programs\MiKTeX 2.9\tex/latex/amsfonts\
umsa.fd
File: umsa.fd 2013/01/14 v3.01 AMS symbols A
)
LaTeX Font Info:    Trying to load font information for U+msb on input line 16.


(C:\Users\yogesh.kulkarni\AppData\Local\Programs\MiKTeX 2.9\tex/latex/amsfonts\
umsb.fd
File: umsb.fd 2013/01/14 v3.01 AMS symbols B
)
LaTeX Font Info:    Font shape `OT1/lmss/m/it' in size <7> not available
(Font)              Font shape `OT1/lmss/m/sl' tried instead on input line 16.
LaTeX Font Info:    Font shape `OT1/lmss/m/it' in size <5> not available
(Font)              Font shape `OT1/lmss/m/sl' tried instead on input line 16.
 [3

 <C:/YogeshKulkarni/Personal/Github_TeachingDataScience/LaTeX/images/algorithms
.png>]
(C:/YogeshKulkarni\Personal\Github_TeachingDataScience\Code\InterviewPrep\code\
for-loop.py)
Overfull \vbox (32.78577pt too high) detected at line 51
 []

[4

]
(C:/YogeshKulkarni\Personal\Github_TeachingDataScience\Code\InterviewPrep\code\
for-loop.py)
Overfull \vbox (32.78577pt too high) detected at line 51
 []

[5

]
(C:/YogeshKulkarni\Personal\Github_TeachingDataScience\Code\InterviewPrep\code\
for-loop.py)
LaTeX Font Info:    External font `lmex10' loaded for size
(Font)              <9> on input line 51.
LaTeX Font Info:    External font `lmex10' loaded for size
(Font)              <6> on input line 51.
LaTeX Font Info:    Font shape `OT1/lmss/m/it' in size <9> not available
(Font)              Font shape `OT1/lmss/m/sl' tried instead on input line 51.
LaTeX Font Info:    Font shape `OT1/lmss/m/it' in size <6> not available
(Font)              Font shape `OT1/lmss/m/sl' tried instead on input line 51.

Overfull \vbox (32.78577pt too high) detected at line 51
 []

[6

]
(C:/YogeshKulkarni\Personal\Github_TeachingDataScience\Code\InterviewPrep\code\
for-loop.py)
Overfull \vbox (32.78577pt too high) detected at line 51
 []

[7

]
(C:/YogeshKulkarni\Personal\Github_TeachingDataScience\Code\InterviewPrep\code\
for-loop.py)
Overfull \vbox (32.78577pt too high) detected at line 51
 []

[8

]
(C:/YogeshKulkarni\Personal\Github_TeachingDataScience\Code\InterviewPrep\code\
for-loop.py)
Overfull \vbox (32.78577pt too high) detected at line 51
 []

[9

]
(C:/YogeshKulkarni\Personal\Github_TeachingDataScience\Code\InterviewPrep\code\
for-loop.py)
Overfull \hbox (17.04935pt too wide) in paragraph at lines 70--70
[]\OT1/lmss/m/n/9 ../Code/InterviewPrep/code/for{loop.py 
 []


(C:/YogeshKulkarni\Personal\Github_TeachingDataScience\Code\InterviewPrep\code\
nested-for-loop.py)
Overfull \hbox (46.33786pt too wide) in paragraph at lines 70--70
[]\OT1/lmss/m/n/9 ../Code/InterviewPrep/code/nested{for{loop.py 
 []

[10

]
(C:/YogeshKulkarni\Personal\Github_TeachingDataScience\Code\InterviewPrep\code\
for-loop.py)
Overfull \hbox (17.04935pt too wide) in paragraph at lines 70--70
[]\OT1/lmss/m/n/9 ../Code/InterviewPrep/code/for{loop.py 
 []


(C:/YogeshKulkarni\Personal\Github_TeachingDataScience\Code\InterviewPrep\code\
nested-for-loop.py)
Overfull \hbox (46.33786pt too wide) in paragraph at lines 70--70
[]\OT1/lmss/m/n/9 ../Code/InterviewPrep/code/nested{for{loop.py 
 []

[11

]
(C:/YogeshKulkarni\Personal\Github_TeachingDataScience\Code\InterviewPrep\code\
for-loop.py)
Overfull \hbox (17.04935pt too wide) in paragraph at lines 70--70
[]\OT1/lmss/m/n/9 ../Code/InterviewPrep/code/for{loop.py 
 []


(C:/YogeshKulkarni\Personal\Github_TeachingDataScience\Code\InterviewPrep\code\
nested-for-loop.py)
Overfull \hbox (46.33786pt too wide) in paragraph at lines 70--70
[]\OT1/lmss/m/n/9 ../Code/InterviewPrep/code/nested{for{loop.py 
 []

[12

]
(C:/YogeshKulkarni\Personal\Github_TeachingDataScience\Code\InterviewPrep\code\
for-loop.py)
Overfull \hbox (17.04935pt too wide) in paragraph at lines 93--93
[]\OT1/lmss/m/n/9 ../Code/InterviewPrep/code/for{loop.py 
 []

[13

]
(C:/YogeshKulkarni\Personal\Github_TeachingDataScience\Code\InterviewPrep\code\
for-loop.py)
Overfull \hbox (17.04935pt too wide) in paragraph at lines 93--93
[]\OT1/lmss/m/n/9 ../Code/InterviewPrep/code/for{loop.py 
 []

[14

]
(C:/YogeshKulkarni\Personal\Github_TeachingDataScience\Code\InterviewPrep\code\
for-loop.py)
Overfull \hbox (17.04935pt too wide) in paragraph at lines 93--93
[]\OT1/lmss/m/n/9 ../Code/InterviewPrep/code/for{loop.py 
 []

[15

]
(C:/YogeshKulkarni\Personal\Github_TeachingDataScience\Code\InterviewPrep\code\
for-loop.py) [16

]
(C:/YogeshKulkarni\Personal\Github_TeachingDataScience\Code\InterviewPrep\code\
for-loop.py) [17

]
(C:/YogeshKulkarni\Personal\Github_TeachingDataScience\Code\InterviewPrep\code\
for-loop.py) [18

]
(C:/YogeshKulkarni\Personal\Github_TeachingDataScience\Code\InterviewPrep\code\
nested-for-loop.py)
Overfull \vbox (32.78577pt too high) detected at line 137
 []

[19

]
(C:/YogeshKulkarni\Personal\Github_TeachingDataScience\Code\InterviewPrep\code\
nested-for-loop.py)
Overfull \vbox (32.78577pt too high) detected at line 137
 []

[20

] [21

]
Overfull \hbox (46.8474pt too wide) in paragraph at lines 174--174
[][]  
 []

[22

]
Overfull \hbox (46.8474pt too wide) in paragraph at lines 174--174
[][]  
 []

[23

]
Overfull \hbox (46.8474pt too wide) in paragraph at lines 174--174
[][]  
 []

[24

]
Overfull \hbox (46.8474pt too wide) in paragraph at lines 174--174
[][]  
 []

[25

]
Overfull \hbox (46.8474pt too wide) in paragraph at lines 174--174
[][]  
 []

[26

]
Overfull \hbox (46.8474pt too wide) in paragraph at lines 174--174
[][]  
 []

[27

]
Overfull \hbox (46.8474pt too wide) in paragraph at lines 174--174
[][]  
 []

[28

]
Overfull \hbox (46.8474pt too wide) in paragraph at lines 174--174
[][]  
 []

[29

]
<images/formal_logic.png, id=588, 387.4475pt x 305.14pt>
File: images/formal_logic.png Graphic file (type png)
<use images/formal_logic.png>
Package pdftex.def Info: images/formal_logic.png  used on input line 183.
(pdftex.def)             Requested size: 184.3758pt x 145.20839pt.
LaTeX Font Info:    Font shape `OT1/lmtt/bx/sc' in size <7> not available
(Font)              Font shape `OT1/lmtt/b/n' tried instead on input line 183.
 [30

 <C:/YogeshKulkarni/Personal/Github_TeachingDataScience/LaTeX/images/formal_log
ic.png>] [31

] [32

] [33

] [34

] [35

] [36

] [37

] [38

] [39

] [40

] [41

]
[42

]
Overfull \hbox (40.0743pt too wide) in paragraph at lines 292--292
[][][][]  
 []

[43

]
Overfull \hbox (40.0743pt too wide) in paragraph at lines 292--292
[][][][][]  
 []

[44

]
Overfull \hbox (40.0743pt too wide) in paragraph at lines 292--292
[][][][][][]  
 []

[45

]
(C:/YogeshKulkarni\Personal\Github_TeachingDataScience\Code\InterviewPrep\code\
for-loop.py) [46

]
(C:/YogeshKulkarni\Personal\Github_TeachingDataScience\Code\InterviewPrep\code\
for-loop.py) [47

]
(C:/YogeshKulkarni\Personal\Github_TeachingDataScience\Code\InterviewPrep\code\
for-loop.py) [48

]
(C:/YogeshKulkarni\Personal\Github_TeachingDataScience\Code\InterviewPrep\code\
for-loop-wc.py)

LaTeX Font Warning: Font shape `OT1/lmss/m/sc' in size <8> not available
(Font)              Font shape `OT1/lmr/m/sc' tried instead on input line 347.

LaTeX Font Info:    External font `lmex10' loaded for size
(Font)              <8> on input line 347.
LaTeX Font Info:    Font shape `OT1/lmss/m/it' in size <8> not available
(Font)              Font shape `OT1/lmss/m/sl' tried instead on input line 347.

[49

]
(C:/YogeshKulkarni\Personal\Github_TeachingDataScience\Code\InterviewPrep\code\
for-loop-wc.py) [50

]
(C:/YogeshKulkarni\Personal\Github_TeachingDataScience\Code\InterviewPrep\code\
for-loop-wc.py) [51

]
(C:/YogeshKulkarni\Personal\Github_TeachingDataScience\Code\InterviewPrep\code\
for-loop.py)
Overfull \hbox (17.04935pt too wide) in paragraph at lines 370--370
[]\OT1/lmss/m/n/9 ../Code/InterviewPrep/code/for{loop.py 
 []


(C:/YogeshKulkarni\Personal\Github_TeachingDataScience\Code\InterviewPrep\code\
nested-for-loop.py)
Overfull \hbox (46.33786pt too wide) in paragraph at lines 370--370
[]\OT1/lmss/m/n/9 ../Code/InterviewPrep/code/nested{for{loop.py 
 []

! Undefined control sequence.
\beamer@doifinframe ...egin {block}{Counting} \st 
                                                  {By counting operations!}\...
l.370 \end{frame}
                 
? 
[52

]
(C:/YogeshKulkarni\Personal\Github_TeachingDataScience\Code\InterviewPrep\code\
for-loop.py)
Overfull \hbox (17.04935pt too wide) in paragraph at lines 370--370
[]\OT1/lmss/m/n/9 ../Code/InterviewPrep/code/for{loop.py 
 []


(C:/YogeshKulkarni\Personal\Github_TeachingDataScience\Code\InterviewPrep\code\
nested-for-loop.py)
Overfull \hbox (46.33786pt too wide) in paragraph at lines 370--370
[]\OT1/lmss/m/n/9 ../Code/InterviewPrep/code/nested{for{loop.py 
 []

! Undefined control sequence.
\beamer@doifinframe ...egin {block}{Counting} \st 
                                                  {By counting operations!}\...
l.370 \end{frame}
                 
? 
[53

])) [54

]
\tf@nav=\write6
\openout6 = `Main_Workshop_Software_Presentation.nav'.

\tf@toc=\write7
\openout7 = `Main_Workshop_Software_Presentation.toc'.

\tf@snm=\write8
\openout8 = `Main_Workshop_Software_Presentation.snm'.

 [55] (Main_Workshop_Software_Presentation.aux)

LaTeX Font Warning: Some font shapes were not available, defaults substituted.


LaTeX Warning: Temporary extra page added at the end. Rerun to get it removed.


Package rerunfilecheck Warning: File `Main_Workshop_Software_Presentation.out' 
has changed.
(rerunfilecheck)                Rerun to get outlines right
(rerunfilecheck)                or use package `bookmark'.

Package rerunfilecheck Info: Checksums for `Main_Workshop_Software_Presentation
.out':
(rerunfilecheck)             Before: <no file>
(rerunfilecheck)             After:  D41D8CD98F00B204E9800998ECF8427E;0.
 ) 
Here is how much of TeX's memory you used:
 30049 strings out of 478873
 596725 string characters out of 2843486
 1174885 words of memory out of 3000000
 47080 multiletter control sequences out of 15000+600000
 477056 words of font info for 77 fonts, out of 8000000 for 9000
 1141 hyphenation exceptions out of 8191
 128i,15n,124p,529b,1567s stack positions out of 5000i,500n,10000p,200000b,80000s
{C:/Users/yogesh.kulkarni/AppData/Local/Programs/MiKTeX 2.9/fonts/enc/dvips/l
m/lm-rm.enc}{C:/Users/yogesh.kulkarni/AppData/Local/Programs/MiKTeX 2.9/fonts/e
nc/dvips/lm/lm-mathit.enc}{C:/Users/yogesh.kulkarni/AppData/Local/Programs/MiKT
eX 2.9/fonts/enc/dvips/lm/lm-mathsy.enc}{C:/Users/yogesh.kulkarni/AppData/Local
/Programs/MiKTeX 2.9/fonts/enc/dvips/lm/lm-mathex.enc}{C:/Users/yogesh.kulkarni
/AppData/Local/Programs/MiKTeX 2.9/fonts/enc/dvips/lm/lm-rmtt.enc}{C:/Users/yog
esh.kulkarni/AppData/Local/Programs/MiKTeX 2.9/fonts/enc/dvips/lm/lm-rmsc.enc}<
C:/Users/yogesh.kulkarni/AppData/Local/Programs/MiKTeX 2.9/fonts/type1/public/l
m/lmbx10.pfb><C:/Users/yogesh.kulkarni/AppData/Local/Programs/MiKTeX 2.9/fonts/
type1/public/lm/lmbx5.pfb><C:/Users/yogesh.kulkarni/AppData/Local/Programs/MiKT
eX 2.9/fonts/type1/public/lm/lmbx7.pfb><C:/Users/yogesh.kulkarni/AppData/Local/
Programs/MiKTeX 2.9/fonts/type1/public/lm/lmcsc10.pfb><C:/Users/yogesh.kulkarni
/AppData/Local/Programs/MiKTeX 2.9/fonts/type1/public/lm/lmex10.pfb><C:/Users/y
ogesh.kulkarni/AppData/Local/Programs/MiKTeX 2.9/fonts/type1/public/lm/lmmi9.pf
b><C:/Users/yogesh.kulkarni/AppData/Local/Programs/MiKTeX 2.9/fonts/type1/publi
c/lm/lmss10.pfb><C:/Users/yogesh.kulkarni/AppData/Local/Programs/MiKTeX 2.9/fon
ts/type1/public/lm/lmss8.pfb><C:/Users/yogesh.kulkarni/AppData/Local/Programs/M
iKTeX 2.9/fonts/type1/public/lm/lmss9.pfb><C:/Users/yogesh.kulkarni/AppData/Loc
al/Programs/MiKTeX 2.9/fonts/type1/public/lm/lmssbx10.pfb><C:/Users/yogesh.kulk
arni/AppData/Local/Programs/MiKTeX 2.9/fonts/type1/public/lm/lmsso8.pfb><C:/Use
rs/yogesh.kulkarni/AppData/Local/Programs/MiKTeX 2.9/fonts/type1/public/lm/lmss
o9.pfb><C:/Users/yogesh.kulkarni/AppData/Local/Programs/MiKTeX 2.9/fonts/type1/
public/lm/lmsy6.pfb><C:/Users/yogesh.kulkarni/AppData/Local/Programs/MiKTeX 2.9
/fonts/type1/public/lm/lmsy9.pfb><C:/Users/yogesh.kulkarni/AppData/Local/Progra
ms/MiKTeX 2.9/fonts/type1/public/lm/lmtk10.pfb><C:/Users/yogesh.kulkarni/AppDat
a/Local/Programs/MiKTeX 2.9/fonts/type1/public/lm/lmtt8.pfb><C:/Users/yogesh.ku
lkarni/AppData/Local/Programs/MiKTeX 2.9/fonts/type1/public/lm/lmtt9.pfb><C:/Us
ers/yogesh.kulkarni/AppData/Local/Programs/MiKTeX 2.9/fonts/type1/public/amsfon
ts/symbols/msam7.pfb><C:/Users/yogesh.kulkarni/AppData/Local/Programs/MiKTeX 2.
9/fonts/type1/public/amsfonts/symbols/msbm10.pfb>
Output written on Main_Workshop_Software_Presentation.pdf (55 pages, 740882 byt
es).
PDF statistics:
 1421 PDF objects out of 1440 (max. 8388607)
 109 named destinations out of 1000 (max. 500000)
 2895 words of extra memory for PDF output out of 10000 (max. 10000000)

