\BOOKMARK [0][-]{chapter.1}{What is Linear Algebra?}{}% 1
\BOOKMARK [1][-]{section.1.1}{Organizing Information}{chapter.1}% 2
\BOOKMARK [1][-]{section.1.2}{What are Vectors?}{chapter.1}% 3
\BOOKMARK [1][-]{section.1.3}{What are Linear Functions?}{chapter.1}% 4
\BOOKMARK [1][-]{section.1.4}{So, What is a Matrix?}{chapter.1}% 5
\BOOKMARK [2][-]{subsection.1.4.1}{Matrix Multiplication is Composition of Functions}{section.1.4}% 6
\BOOKMARK [2][-]{subsection.1.4.2}{The Matrix Detour}{section.1.4}% 7
\BOOKMARK [1][-]{section.1.5}{Review Problems}{chapter.1}% 8
\BOOKMARK [0][-]{chapter.2}{Systems of Linear Equations }{}% 9
\BOOKMARK [1][-]{section.2.1}{Gaussian Elimination}{chapter.2}% 10
\BOOKMARK [2][-]{subsection.2.1.1}{Augmented Matrix Notation}{section.2.1}% 11
\BOOKMARK [2][-]{subsection.2.1.2}{Equivalence and the Act of Solving}{section.2.1}% 12
\BOOKMARK [2][-]{subsection.2.1.3}{Reduced Row Echelon Form}{section.2.1}% 13
\BOOKMARK [2][-]{subsection.2.1.4}{Solution Sets and RREF}{section.2.1}% 14
\BOOKMARK [1][-]{section.2.2}{Review Problems}{chapter.2}% 15
\BOOKMARK [1][-]{section.2.3}{Elementary Row Operations}{chapter.2}% 16
\BOOKMARK [2][-]{subsection.2.3.1}{EROs and Matrices}{section.2.3}% 17
\BOOKMARK [2][-]{subsection.2.3.2}{Recording EROs in \( M | I \) }{section.2.3}% 18
\BOOKMARK [2][-]{subsection.2.3.3}{The Three Elementary Matrices}{section.2.3}% 19
\BOOKMARK [2][-]{subsection.2.3.4}{LU, LDU, and PLDU Factorizations}{section.2.3}% 20
\BOOKMARK [1][-]{section.2.4}{Review Problems}{chapter.2}% 21
\BOOKMARK [1][-]{section.2.5}{Solution Sets for Systems of Linear Equations}{chapter.2}% 22
\BOOKMARK [2][-]{subsection.2.5.1}{The Geometry of Solution Sets: Hyperplanes}{section.2.5}% 23
\BOOKMARK [2][-]{subsection.2.5.2}{ Particular Solution + Homogeneous Solutions }{section.2.5}% 24
\BOOKMARK [2][-]{subsection.2.5.3}{Solutions and Linearity}{section.2.5}% 25
\BOOKMARK [1][-]{section.2.6}{Review Problems}{chapter.2}% 26
\BOOKMARK [0][-]{chapter.3}{The Simplex Method}{}% 27
\BOOKMARK [1][-]{section.3.1}{Pablo's Problem}{chapter.3}% 28
\BOOKMARK [1][-]{section.3.2}{Graphical Solutions}{chapter.3}% 29
\BOOKMARK [1][-]{section.3.3}{Dantzig's Algorithm}{chapter.3}% 30
\BOOKMARK [1][-]{section.3.4}{Pablo Meets Dantzig}{chapter.3}% 31
\BOOKMARK [1][-]{section.3.5}{Review Problems}{chapter.3}% 32
\BOOKMARK [0][-]{chapter.4}{Vectors in Space, n-Vectors}{}% 33
\BOOKMARK [1][-]{section.4.1}{Addition and Scalar Multiplication in Rn}{chapter.4}% 34
\BOOKMARK [1][-]{section.4.2}{Hyperplanes}{chapter.4}% 35
\BOOKMARK [1][-]{section.4.3}{Directions and Magnitudes}{chapter.4}% 36
\BOOKMARK [1][-]{section.4.4}{Vectors, Lists and Functions: RS}{chapter.4}% 37
\BOOKMARK [1][-]{section.4.5}{Review Problems}{chapter.4}% 38
\BOOKMARK [0][-]{chapter.5}{Vector Spaces}{}% 39
\BOOKMARK [1][-]{section.5.1}{Examples of Vector Spaces}{chapter.5}% 40
\BOOKMARK [2][-]{subsection.5.1.1}{Non-Examples}{section.5.1}% 41
\BOOKMARK [1][-]{section.5.2}{Other Fields}{chapter.5}% 42
\BOOKMARK [1][-]{section.5.3}{Review Problems}{chapter.5}% 43
\BOOKMARK [0][-]{chapter.6}{Linear Transformations}{}% 44
\BOOKMARK [1][-]{section.6.1}{The Consequence of Linearity}{chapter.6}% 45
\BOOKMARK [1][-]{section.6.2}{Linear Functions on Hyperplanes }{chapter.6}% 46
\BOOKMARK [1][-]{section.6.3}{Linear Differential Operators}{chapter.6}% 47
\BOOKMARK [1][-]{section.6.4}{Bases \(Take 1\)}{chapter.6}% 48
\BOOKMARK [1][-]{section.6.5}{Review Problems}{chapter.6}% 49
\BOOKMARK [0][-]{chapter.7}{Matrices}{}% 50
\BOOKMARK [1][-]{section.7.1}{Linear Transformations and Matrices}{chapter.7}% 51
\BOOKMARK [2][-]{subsection.7.1.1}{Basis Notation}{section.7.1}% 52
\BOOKMARK [2][-]{subsection.7.1.2}{From Linear Operators to Matrices}{section.7.1}% 53
\BOOKMARK [1][-]{section.7.2}{Review Problems}{chapter.7}% 54
\BOOKMARK [1][-]{section.7.3}{Properties of Matrices}{chapter.7}% 55
\BOOKMARK [2][-]{subsection.7.3.1}{Associativity and Non-Commutativity }{section.7.3}% 56
\BOOKMARK [2][-]{subsection.7.3.2}{Block Matrices}{section.7.3}% 57
\BOOKMARK [2][-]{subsection.7.3.3}{The Algebra of Square Matrices }{section.7.3}% 58
\BOOKMARK [2][-]{subsection.7.3.4}{Trace}{section.7.3}% 59
\BOOKMARK [1][-]{section.7.4}{Review Problems}{chapter.7}% 60
\BOOKMARK [1][-]{section.7.5}{Inverse Matrix}{chapter.7}% 61
\BOOKMARK [2][-]{subsection.7.5.1}{Three Properties of the Inverse}{section.7.5}% 62
\BOOKMARK [2][-]{subsection.7.5.2}{Finding Inverses \(Redux\)}{section.7.5}% 63
\BOOKMARK [2][-]{subsection.7.5.3}{Linear Systems and Inverses}{section.7.5}% 64
\BOOKMARK [2][-]{subsection.7.5.4}{Homogeneous Systems}{section.7.5}% 65
\BOOKMARK [2][-]{subsection.7.5.5}{Bit Matrices}{section.7.5}% 66
\BOOKMARK [1][-]{section.7.6}{Review Problems}{chapter.7}% 67
\BOOKMARK [1][-]{section.7.7}{LU Redux}{chapter.7}% 68
\BOOKMARK [2][-]{subsection.7.7.1}{Using LU Decomposition to Solve Linear Systems}{section.7.7}% 69
\BOOKMARK [2][-]{subsection.7.7.2}{Finding an LU Decomposition.}{section.7.7}% 70
\BOOKMARK [2][-]{subsection.7.7.3}{Block LDU Decomposition}{section.7.7}% 71
\BOOKMARK [1][-]{section.7.8}{Review Problems}{chapter.7}% 72
\BOOKMARK [0][-]{chapter.8}{Determinants}{}% 73
\BOOKMARK [1][-]{section.8.1}{The Determinant Formula}{chapter.8}% 74
\BOOKMARK [2][-]{subsection.8.1.1}{Simple Examples}{section.8.1}% 75
\BOOKMARK [2][-]{subsection.8.1.2}{Permutations}{section.8.1}% 76
\BOOKMARK [1][-]{section.8.2}{Elementary Matrices and Determinants}{chapter.8}% 77
\BOOKMARK [2][-]{subsection.8.2.1}{Row Swap}{section.8.2}% 78
\BOOKMARK [2][-]{subsection.8.2.2}{Row Multiplication}{section.8.2}% 79
\BOOKMARK [2][-]{subsection.8.2.3}{Row Addition}{section.8.2}% 80
\BOOKMARK [2][-]{subsection.8.2.4}{Determinant of Products}{section.8.2}% 81
\BOOKMARK [1][-]{section.8.3}{Review Problems}{chapter.8}% 82
\BOOKMARK [1][-]{section.8.4}{Properties of the Determinant}{chapter.8}% 83
\BOOKMARK [2][-]{subsection.8.4.1}{Determinant of the Inverse}{section.8.4}% 84
\BOOKMARK [2][-]{subsection.8.4.2}{Adjoint of a Matrix}{section.8.4}% 85
\BOOKMARK [2][-]{subsection.8.4.3}{Application: Volume of a Parallelepiped}{section.8.4}% 86
\BOOKMARK [1][-]{section.8.5}{Review Problems}{chapter.8}% 87
\BOOKMARK [0][-]{chapter.9}{Subspaces and Spanning Sets}{}% 88
\BOOKMARK [1][-]{section.9.1}{Subspaces}{chapter.9}% 89
\BOOKMARK [1][-]{section.9.2}{Building Subspaces}{chapter.9}% 90
\BOOKMARK [1][-]{section.9.3}{Review Problems}{chapter.9}% 91
\BOOKMARK [0][-]{chapter.10}{Linear Independence}{}% 92
\BOOKMARK [1][-]{section.10.1}{Showing Linear Dependence}{chapter.10}% 93
\BOOKMARK [1][-]{section.10.2}{Showing Linear Independence}{chapter.10}% 94
\BOOKMARK [1][-]{section.10.3}{From Dependent Independent }{chapter.10}% 95
\BOOKMARK [1][-]{section.10.4}{Review Problems}{chapter.10}% 96
\BOOKMARK [0][-]{chapter.11}{Basis and Dimension}{}% 97
\BOOKMARK [1][-]{section.11.1}{Bases in Rn.}{chapter.11}% 98
\BOOKMARK [1][-]{section.11.2}{Matrix of a Linear Transformation \(Redux\)}{chapter.11}% 99
\BOOKMARK [1][-]{section.11.3}{Review Problems}{chapter.11}% 100
\BOOKMARK [0][-]{chapter.12}{Eigenvalues and Eigenvectors}{}% 101
\BOOKMARK [1][-]{section.12.1}{Invariant Directions}{chapter.12}% 102
\BOOKMARK [1][-]{section.12.2}{The Eigenvalue\205Eigenvector Equation}{chapter.12}% 103
\BOOKMARK [1][-]{section.12.3}{Eigenspaces}{chapter.12}% 104
\BOOKMARK [1][-]{section.12.4}{Review Problems}{chapter.12}% 105
\BOOKMARK [0][-]{chapter.13}{Diagonalization}{}% 106
\BOOKMARK [1][-]{section.13.1}{Diagonalizability}{chapter.13}% 107
\BOOKMARK [1][-]{section.13.2}{Change of Basis}{chapter.13}% 108
\BOOKMARK [1][-]{section.13.3}{Changing to a Basis of Eigenvectors}{chapter.13}% 109
\BOOKMARK [1][-]{section.13.4}{Review Problems}{chapter.13}% 110
\BOOKMARK [0][-]{chapter.14}{Orthonormal Bases and Complements}{}% 111
\BOOKMARK [1][-]{section.14.1}{Properties of the Standard Basis}{chapter.14}% 112
\BOOKMARK [1][-]{section.14.2}{Orthogonal and Orthonormal Bases}{chapter.14}% 113
\BOOKMARK [2][-]{subsection.14.2.1}{Orthonormal Bases and Dot Products}{section.14.2}% 114
\BOOKMARK [1][-]{section.14.3}{Relating Orthonormal Bases}{chapter.14}% 115
\BOOKMARK [1][-]{section.14.4}{Gram-Schmidt \046 Orthogonal Complements}{chapter.14}% 116
\BOOKMARK [2][-]{subsection.14.4.1}{The Gram-Schmidt Procedure}{section.14.4}% 117
\BOOKMARK [1][-]{section.14.5}{QR Decomposition}{chapter.14}% 118
\BOOKMARK [1][-]{section.14.6}{Orthogonal Complements}{chapter.14}% 119
\BOOKMARK [1][-]{section.14.7}{Review Problems}{chapter.14}% 120
\BOOKMARK [0][-]{chapter.15}{Diagonalizing Symmetric Matrices}{}% 121
\BOOKMARK [1][-]{section.15.1}{Review Problems}{chapter.15}% 122
\BOOKMARK [0][-]{chapter.16}{Kernel, Range, Nullity, Rank}{}% 123
\BOOKMARK [1][-]{section.16.1}{Range}{chapter.16}% 124
\BOOKMARK [1][-]{section.16.2}{Image}{chapter.16}% 125
\BOOKMARK [2][-]{subsection.16.2.1}{ One-to-one and Onto}{section.16.2}% 126
\BOOKMARK [2][-]{subsection.16.2.2}{Kernel}{section.16.2}% 127
\BOOKMARK [1][-]{section.16.3}{Summary}{chapter.16}% 128
\BOOKMARK [1][-]{section.16.4}{Review Problems}{chapter.16}% 129
\BOOKMARK [0][-]{chapter.17}{Least squares and Singular Values}{}% 130
\BOOKMARK [1][-]{section.17.1}{Projection Matrices}{chapter.17}% 131
\BOOKMARK [1][-]{section.17.2}{Singular Value Decomposition}{chapter.17}% 132
\BOOKMARK [1][-]{section.17.3}{Review Problems}{chapter.17}% 133
\BOOKMARK [0][-]{appendix.A}{List of Symbols}{}% 134
\BOOKMARK [0][-]{appendix.B}{Fields}{}% 135
\BOOKMARK [0][-]{appendix.C}{Online Resources}{}% 136
\BOOKMARK [0][-]{appendix.D}{Sample First Midterm}{}% 137
\BOOKMARK [0][-]{appendix.E}{Sample Second Midterm}{}% 138
\BOOKMARK [0][-]{appendix.F}{Sample Final Exam}{}% 139
\BOOKMARK [0][-]{appendix.G}{Movie Scripts}{}% 140
\BOOKMARK [1][-]{section.G.1}{What is Linear Algebra?}{appendix.G}% 141
\BOOKMARK [1][-]{section.G.2}{Systems of Linear Equations}{appendix.G}% 142
\BOOKMARK [1][-]{section.G.3}{Vectors in Space n-Vectors}{appendix.G}% 143
\BOOKMARK [1][-]{section.G.4}{Vector Spaces}{appendix.G}% 144
\BOOKMARK [1][-]{section.G.5}{Linear Transformations}{appendix.G}% 145
\BOOKMARK [1][-]{section.G.6}{Matrices}{appendix.G}% 146
\BOOKMARK [1][-]{section.G.7}{Determinants}{appendix.G}% 147
\BOOKMARK [1][-]{section.G.8}{Subspaces and Spanning Sets}{appendix.G}% 148
\BOOKMARK [1][-]{section.G.9}{Linear Independence}{appendix.G}% 149
\BOOKMARK [1][-]{section.G.10}{Basis and Dimension}{appendix.G}% 150
\BOOKMARK [1][-]{section.G.11}{Eigenvalues and Eigenvectors}{appendix.G}% 151
\BOOKMARK [1][-]{section.G.12}{Diagonalization}{appendix.G}% 152
\BOOKMARK [1][-]{section.G.13}{Orthonormal Bases and Complements}{appendix.G}% 153
\BOOKMARK [1][-]{section.G.14}{Diagonalizing Symmetric Matrices}{appendix.G}% 154
\BOOKMARK [1][-]{section.G.15}{Kernel, Range, Nullity, Rank}{appendix.G}% 155
\BOOKMARK [1][-]{section.G.16}{Least Squares and Singular Values}{appendix.G}% 156
\BOOKMARK [0][-]{section*.71}{Index}{}% 157
